<?xml version="1.0" encoding="utf-8"?><testsuites name="pytest tests"><testsuite name="pytest" errors="0" failures="0" skipped="0" tests="21" time="5.960" timestamp="2026-06-21T15:06:07.810781+00:00" hostname="agent-env-c52df1ee-4b08-4517-89b7-9b2f31b16e89"><testcase classname="backend.tests.test_iter10_new_features.TestItemSuggestions" name="test_suggestions_requires_auth" time="0.214" /><testcase classname="backend.tests.test_iter10_new_features.TestItemSuggestions" name="test_seed_and_list" time="0.481" /><testcase classname="backend.tests.test_iter10_new_features.TestItemSuggestions" name="test_suggestions_query_filter" time="0.167" /><testcase classname="backend.tests.test_iter10_new_features.TestApprovalLog" name="test_admin_only" time="0.612" /><testcase classname="backend.tests.test_iter10_new_features.TestApprovalLog" name="test_shape_and_sort" time="0.078" /><testcase classname="backend.tests.test_iter10_new_features.TestApprovalLog" name="test_type_filter" time="0.049" /><testcase classname="backend.tests.test_iter10_new_features.TestApprovalLog" name="test_action_filter" time="0.065" /><testcase classname="backend.tests.test_iter10_new_features.TestReportsToRestriction" name="test_admin_can_set_reports_to" time="0.775" /><testcase classname="backend.tests.test_iter10_new_features.TestReportsToRestriction" name="test_manager_cannot_set_reports_to_on_create" time="0.458" /><testcase classname="backend.tests.test_iter10_new_features.TestReportsToRestriction" name="test_manager_cannot_change_reports_to_on_update" time="0.183" /><testcase classname="backend.tests.test_iter10_new_features.TestNewRoles" name="test_admin_patch_to_new_role[hr]" time="0.395" /><testcase classname="backend.tests.test_iter10_new_features.TestNewRoles" name="test_admin_patch_to_new_role[senior_manager]" time="0.380" /><testcase classname="backend.tests.test_iter10_new_features.TestNewRoles" name="test_admin_patch_to_new_role[center_staff]" time="0.419" /><testcase classname="backend.tests.test_iter10_new_features.TestNewRoles" name="test_register_with_new_role" time="0.958" /><testcase classname="backend.tests.test_iter10_new_features.TestRegression" name="test_health" time="0.324" /><testcase classname="backend.tests.test_iter10_new_features.TestRegression" name="test_list_txn" time="0.060" /><testcase classname="backend.tests.test_iter10_new_features.TestRegression" name="test_dashboard" time="0.063" /><testcase classname="backend.tests.test_iter10_new_features.TestRegression" name="test_stock" time="0.050" /><testcase classname="backend.tests.test_iter10_new_features.TestRegression" name="test_leaves" time="0.045" /><testcase classname="backend.tests.test_iter10_new_features.TestRegression" name="test_payroll" time="0.047" /><testcase classname="backend.tests.test_iter10_new_features.TestRegression" name="test_notifications" time="0.050" /></testsuite></testsuites>