<?xml version="1.0" encoding="utf-8"?><testsuites name="pytest tests"><testsuite name="pytest" errors="0" failures="0" skipped="0" tests="9" time="1.233" timestamp="2026-07-29T04:25:12.268213+00:00" hostname="agent-env-c52df1ee-4b08-4517-89b7-9b2f31b16e89"><testcase classname="backend.tests.test_iter41_advance_reroute.TestAuthGuard" name="test_reroute_requires_auth" time="0.207" /><testcase classname="backend.tests.test_iter41_advance_reroute.TestChainCreation" name="test_advance_request_chain_created" time="0.379" /><testcase classname="backend.tests.test_iter41_advance_reroute.TestChainCreation" name="test_chain_listed" time="0.043" /><testcase classname="backend.tests.test_iter41_advance_reroute.TestReroutePending" name="test_reroute_admin_ok" time="0.114" /><testcase classname="backend.tests.test_iter41_advance_reroute.TestReroutePending" name="test_second_call_shows_already_on_current" time="0.053" /><testcase classname="backend.tests.test_iter41_advance_reroute.TestReroutePending" name="test_pending_advance_snapshot_matches_new_chain" time="0.051" /><testcase classname="backend.tests.test_iter41_advance_reroute.TestNewAdvanceAttachesNewChain" name="test_create_new_advance_uses_new_chain" time="0.096" /><testcase classname="backend.tests.test_iter41_advance_reroute.TestRegression" name="test_transactions_endpoint_still_200" time="0.122" /><testcase classname="backend.tests.test_iter41_advance_reroute.TestRegression" name="test_advance_requests_list_ok" time="0.106" /></testsuite></testsuites>