<?xml version="1.0" encoding="utf-8"?><testsuites name="pytest tests"><testsuite name="pytest" errors="0" failures="0" skipped="0" tests="22" time="4.541" timestamp="2026-06-21T13:20:49.048093+00:00" hostname="agent-env-c52df1ee-4b08-4517-89b7-9b2f31b16e89"><testcase classname="backend.tests.test_finance_hrms.TestStaffCRUD" name="test_create_requires_admin_or_manager" time="2.335" /><testcase classname="backend.tests.test_finance_hrms.TestStaffCRUD" name="test_list_allowed_for_any_authenticated" time="0.142" /><testcase classname="backend.tests.test_finance_hrms.TestStaffCRUD" name="test_update_persists" time="0.057" /><testcase classname="backend.tests.test_finance_hrms.TestStaffCRUD" name="test_delete_requires_admin" time="0.135" /><testcase classname="backend.tests.test_finance_hrms.TestAttendance" name="test_upsert_and_filter" time="0.315" /><testcase classname="backend.tests.test_finance_hrms.TestAttendance" name="test_rbac_random_cannot_mark" time="0.054" /><testcase classname="backend.tests.test_finance_hrms.TestLeaves" name="test_create_and_decide" time="0.168" /><testcase classname="backend.tests.test_finance_hrms.TestReimbursementFlow" name="test_submit_snapshots_l1" time="0.044" /><testcase classname="backend.tests.test_finance_hrms.TestReimbursementFlow" name="test_random_cannot_l1_approve" time="0.053" /><testcase classname="backend.tests.test_finance_hrms.TestReimbursementFlow" name="test_l1_approve_by_mapped_manager" time="0.045" /><testcase classname="backend.tests.test_finance_hrms.TestReimbursementFlow" name="test_double_l1_approve_rejected" time="0.044" /><testcase classname="backend.tests.test_finance_hrms.TestReimbursementFlow" name="test_accountant_approve_blocks_non_accountant" time="0.065" /><testcase classname="backend.tests.test_finance_hrms.TestReimbursementFlow" name="test_accountant_approve" time="0.047" /><testcase classname="backend.tests.test_finance_hrms.TestReimbursementFlow" name="test_pay_creates_expense_txn" time="0.132" /><testcase classname="backend.tests.test_finance_hrms.TestReimbursementFlow" name="test_double_pay_rejected" time="0.043" /><testcase classname="backend.tests.test_finance_hrms.TestReimbursementScopingAndReject" name="test_list_scoping_for_non_elevated" time="0.216" /><testcase classname="backend.tests.test_finance_hrms.TestReimbursementScopingAndReject" name="test_l1_can_reject_before_approve" time="0.047" /><testcase classname="backend.tests.test_finance_hrms.TestReimbursementScopingAndReject" name="test_random_cannot_reject" time="0.139" /><testcase classname="backend.tests.test_finance_hrms.TestPayroll" name="test_run_generates_rows" time="0.094" /><testcase classname="backend.tests.test_finance_hrms.TestPayroll" name="test_run_idempotent_no_duplicate" time="0.087" /><testcase classname="backend.tests.test_finance_hrms.TestPayroll" name="test_pay_creates_expense_txn_and_marks_paid" time="0.136" /><testcase classname="backend.tests.test_finance_hrms.TestPayroll" name="test_double_pay_rejected" time="0.045" /></testsuite></testsuites>