<?xml version="1.0" encoding="utf-8"?><testsuites name="pytest tests"><testsuite name="pytest" errors="0" failures="0" skipped="0" tests="141" time="32.148" timestamp="2026-06-21T15:37:56.016199+00:00" hostname="agent-env-c52df1ee-4b08-4517-89b7-9b2f31b16e89"><testcase classname="backend.tests.test_finance_api.TestAuth" name="test_login_success_sets_cookie" time="0.379" /><testcase classname="backend.tests.test_finance_api.TestAuth" name="test_login_invalid" time="0.315" /><testcase classname="backend.tests.test_finance_api.TestAuth" name="test_me_without_cookie" time="0.091" /><testcase classname="backend.tests.test_finance_api.TestAuth" name="test_register_duplicate" time="0.431" /><testcase classname="backend.tests.test_finance_api.TestAuth" name="test_logout_clears_cookie" time="0.400" /><testcase classname="backend.tests.test_finance_api.TestRBAC" name="test_viewer_cannot_create_company" time="0.362" /><testcase classname="backend.tests.test_finance_api.TestRBAC" name="test_admin_can_create_company" time="0.057" /><testcase classname="backend.tests.test_finance_api.TestEntities" name="test_list_after_create" time="0.384" /><testcase classname="backend.tests.test_finance_api.TestEntities" name="test_update_entity" time="0.088" /><testcase classname="backend.tests.test_finance_api.TestEntities" name="test_viewer_cannot_delete" time="0.097" /><testcase classname="backend.tests.test_finance_api.TestTransactions" name="test_create_and_list" time="0.092" /><testcase classname="backend.tests.test_finance_api.TestTransactions" name="test_filter_by_type_and_date" time="0.059" /><testcase classname="backend.tests.test_finance_api.TestTransactions" name="test_update_txn" time="0.045" /><testcase classname="backend.tests.test_finance_api.TestTransactions" name="test_bad_type_422" time="0.043" /><testcase classname="backend.tests.test_finance_api.TestTransactions" name="test_viewer_cannot_create_txn" time="0.048" /><testcase classname="backend.tests.test_finance_api.TestCSVImport" name="test_import_creates_entities" time="0.142" /><testcase classname="backend.tests.test_finance_api.TestCSVImport" name="test_import_bad_row" time="0.101" /><testcase classname="backend.tests.test_finance_api.TestDashboard" name="test_summary_structure" time="0.057" /><testcase classname="backend.tests.test_finance_api.TestDashboard" name="test_summary_unauth" time="0.133" /><testcase classname="backend.tests.test_finance_api.TestAdminDelete" name="test_admin_delete_txn" time="0.090" /><testcase classname="backend.tests.test_finance_api.TestAdminDelete" name="test_admin_delete_entity" time="0.143" /><testcase classname="backend.tests.test_finance_approval.TestRegisterAndMe" name="test_register_admin_downgrades_to_viewer" time="0.318" /><testcase classname="backend.tests.test_finance_approval.TestRegisterAndMe" name="test_me_has_scope_fields" time="1.091" /><testcase classname="backend.tests.test_finance_approval.TestRegisterAndMe" name="test_non_admin_cannot_patch_user" time="0.047" /><testcase classname="backend.tests.test_finance_approval.TestPostStatus" name="test_admin_post_auto_approved" time="0.044" /><testcase classname="backend.tests.test_finance_approval.TestPostStatus" name="test_cm_post_pending" time="0.049" /><testcase classname="backend.tests.test_finance_approval.TestPostStatus" name="test_partner_post_pending" time="0.479" /><testcase classname="backend.tests.test_finance_approval.TestPostStatus" name="test_manager_post_pending" time="0.455" /><testcase classname="backend.tests.test_finance_approval.TestPostStatus" name="test_accountant_post_pending" time="0.474" /><testcase classname="backend.tests.test_finance_approval.TestPostStatus" name="test_viewer_post_forbidden" time="0.373" /><testcase classname="backend.tests.test_finance_approval.TestApproveReject" name="test_admin_approves_pending" time="0.091" /><testcase classname="backend.tests.test_finance_approval.TestApproveReject" name="test_non_admin_cannot_approve" time="0.085" /><testcase classname="backend.tests.test_finance_approval.TestApproveReject" name="test_admin_rejects_with_reason" time="0.087" /><testcase classname="backend.tests.test_finance_approval.TestScoping" name="test_cm_sees_only_assigned_centers" time="0.112" /><testcase classname="backend.tests.test_finance_approval.TestScoping" name="test_partner_sees_only_assigned_partner" time="0.086" /><testcase classname="backend.tests.test_finance_approval.TestScoping" name="test_accountant_sees_all" time="0.076" /><testcase classname="backend.tests.test_finance_approval.TestScoping" name="test_viewer_sees_only_own" time="0.103" /><testcase classname="backend.tests.test_finance_approval.TestScoping" name="test_status_filter_pending" time="0.051" /><testcase classname="backend.tests.test_finance_approval.TestEditSemantics" name="test_non_admin_edit_approved_resets_to_pending" time="0.135" /><testcase classname="backend.tests.test_finance_approval.TestEditSemantics" name="test_admin_edit_keeps_approved" time="0.092" /><testcase classname="backend.tests.test_finance_approval.TestDashboardStatus" name="test_default_counts_only_approved" time="0.114" /><testcase classname="backend.tests.test_finance_features.TestFileUpload" name="test_upload_requires_auth" time="0.090" /><testcase classname="backend.tests.test_finance_features.TestFileUpload" name="test_viewer_forbidden" time="0.405" /><testcase classname="backend.tests.test_finance_features.TestFileUpload" name="test_admin_upload_and_view" time="0.895" /><testcase classname="backend.tests.test_finance_features.TestFileUpload" name="test_view_unknown_path_404" time="0.109" /><testcase classname="backend.tests.test_finance_features.TestTransactionItems" name="test_items_persisted" time="0.177" /><testcase classname="backend.tests.test_finance_features.TestTransactionItems" name="test_no_items_defaults_empty" time="0.043" /><testcase classname="backend.tests.test_finance_features.TestTransactionItems" name="test_update_items_and_attachments" time="0.046" /><testcase classname="backend.tests.test_finance_features.TestDashboardByItem" name="test_by_item_aggregation" time="0.052" /><testcase classname="backend.tests.test_finance_hrms.TestStaffCRUD" name="test_create_requires_admin_or_manager" time="2.259" /><testcase classname="backend.tests.test_finance_hrms.TestStaffCRUD" name="test_list_allowed_for_any_authenticated" time="0.142" /><testcase classname="backend.tests.test_finance_hrms.TestStaffCRUD" name="test_update_persists" time="0.045" /><testcase classname="backend.tests.test_finance_hrms.TestStaffCRUD" name="test_delete_requires_admin" time="0.184" /><testcase classname="backend.tests.test_finance_hrms.TestAttendance" name="test_upsert_and_filter" time="0.505" /><testcase classname="backend.tests.test_finance_hrms.TestAttendance" name="test_rbac_random_cannot_mark" time="0.061" /><testcase classname="backend.tests.test_finance_hrms.TestLeaves" name="test_create_and_decide" time="0.170" /><testcase classname="backend.tests.test_finance_hrms.TestReimbursementFlow" name="test_submit_snapshots_l1" time="0.049" /><testcase classname="backend.tests.test_finance_hrms.TestReimbursementFlow" name="test_random_cannot_l1_approve" time="0.104" /><testcase classname="backend.tests.test_finance_hrms.TestReimbursementFlow" name="test_l1_approve_by_mapped_manager" time="0.053" /><testcase classname="backend.tests.test_finance_hrms.TestReimbursementFlow" name="test_double_l1_approve_rejected" time="0.049" /><testcase classname="backend.tests.test_finance_hrms.TestReimbursementFlow" name="test_accountant_approve_blocks_non_accountant" time="0.051" /><testcase classname="backend.tests.test_finance_hrms.TestReimbursementFlow" name="test_accountant_approve" time="0.049" /><testcase classname="backend.tests.test_finance_hrms.TestReimbursementFlow" name="test_pay_creates_expense_txn" time="0.149" /><testcase classname="backend.tests.test_finance_hrms.TestReimbursementFlow" name="test_double_pay_rejected" time="0.043" /><testcase classname="backend.tests.test_finance_hrms.TestReimbursementScopingAndReject" name="test_list_scoping_for_non_elevated" time="0.220" /><testcase classname="backend.tests.test_finance_hrms.TestReimbursementScopingAndReject" name="test_l1_can_reject_before_approve" time="0.053" /><testcase classname="backend.tests.test_finance_hrms.TestReimbursementScopingAndReject" name="test_random_cannot_reject" time="0.098" /><testcase classname="backend.tests.test_finance_hrms.TestPayroll" name="test_run_generates_rows" time="0.129" /><testcase classname="backend.tests.test_finance_hrms.TestPayroll" name="test_run_idempotent_no_duplicate" time="0.131" /><testcase classname="backend.tests.test_finance_hrms.TestPayroll" name="test_pay_creates_expense_txn_and_marks_paid" time="0.142" /><testcase classname="backend.tests.test_finance_hrms.TestPayroll" name="test_double_pay_rejected" time="0.044" /><testcase classname="backend.tests.test_finance_notifications.TestBulkApprove" name="test_bulk_approve_basic" time="1.421" /><testcase classname="backend.tests.test_finance_notifications.TestBulkApprove" name="test_bulk_approve_skips_already_approved" time="0.133" /><testcase classname="backend.tests.test_finance_notifications.TestBulkApprove" name="test_bulk_approve_empty" time="0.084" /><testcase classname="backend.tests.test_finance_notifications.TestBulkApprove" name="test_bulk_approve_requires_admin" time="0.049" /><testcase classname="backend.tests.test_finance_notifications.TestNotifications" name="test_endpoints_exist" time="0.045" /><testcase classname="backend.tests.test_finance_notifications.TestNotifications" name="test_txn_approve_notifies_creator" time="0.171" /><testcase classname="backend.tests.test_finance_notifications.TestNotifications" name="test_txn_reject_notifies_creator" time="0.133" /><testcase classname="backend.tests.test_finance_notifications.TestNotifications" name="test_bulk_approve_emits_notifications" time="0.292" /><testcase classname="backend.tests.test_finance_notifications.TestNotifications" name="test_mark_one_read" time="0.219" /><testcase classname="backend.tests.test_finance_notifications.TestNotifications" name="test_mark_one_read_404" time="0.044" /><testcase classname="backend.tests.test_finance_notifications.TestNotifications" name="test_mark_all_read" time="0.089" /><testcase classname="backend.tests.test_finance_notifications.TestNotifications" name="test_notifications_user_scoped" time="0.093" /><testcase classname="backend.tests.test_finance_notifications.TestReimbursementAttachments" name="test_upload_then_submit_with_attachment" time="0.509" /><testcase classname="backend.tests.test_finance_notifications.TestReimbursementAttachments" name="test_submit_without_attachments_default_empty" time="0.205" /><testcase classname="backend.tests.test_finance_notifications.TestReimbursementNotifications" name="test_submit_notifies_l1_approver" time="0.823" /><testcase classname="backend.tests.test_finance_settlement.TestAuth" name="test_settlement_requires_auth" time="0.108" /><testcase classname="backend.tests.test_finance_settlement.TestSettlementMath" name="test_admin_with_center_id" time="1.265" /><testcase classname="backend.tests.test_finance_settlement.TestSettlementMath" name="test_pending_excluded" time="0.049" /><testcase classname="backend.tests.test_finance_settlement.TestPartnerScope" name="test_partner_sees_only_their_centers" time="0.476" /><testcase classname="backend.tests.test_finance_settlement.TestAdminGlobal" name="test_admin_no_filter_includes_partner_centers" time="0.074" /><testcase classname="backend.tests.test_finance_settlement.TestAdminGlobal" name="test_date_filter_excludes_out_of_range" time="0.060" /><testcase classname="backend.tests.test_finance_settlement.TestAdminGlobal" name="test_date_filter_includes_in_range" time="0.050" /><testcase classname="backend.tests.test_iter10_new_features.TestItemSuggestions" name="test_suggestions_requires_auth" time="0.099" /><testcase classname="backend.tests.test_iter10_new_features.TestItemSuggestions" name="test_seed_and_list" time="0.445" /><testcase classname="backend.tests.test_iter10_new_features.TestItemSuggestions" name="test_suggestions_query_filter" time="0.156" /><testcase classname="backend.tests.test_iter10_new_features.TestApprovalLog" name="test_admin_only" time="0.438" /><testcase classname="backend.tests.test_iter10_new_features.TestApprovalLog" name="test_shape_and_sort" time="0.073" /><testcase classname="backend.tests.test_iter10_new_features.TestApprovalLog" name="test_type_filter" time="0.060" /><testcase classname="backend.tests.test_iter10_new_features.TestApprovalLog" name="test_action_filter" time="0.070" /><testcase classname="backend.tests.test_iter10_new_features.TestReportsToRestriction" name="test_admin_can_set_reports_to" time="0.096" /><testcase classname="backend.tests.test_iter10_new_features.TestReportsToRestriction" name="test_manager_cannot_set_reports_to_on_create" time="0.502" /><testcase classname="backend.tests.test_iter10_new_features.TestReportsToRestriction" name="test_manager_cannot_change_reports_to_on_update" time="0.210" /><testcase classname="backend.tests.test_iter10_new_features.TestNewRoles" name="test_admin_patch_to_new_role[hr]" time="0.394" /><testcase classname="backend.tests.test_iter10_new_features.TestNewRoles" name="test_admin_patch_to_new_role[senior_manager]" time="0.370" /><testcase classname="backend.tests.test_iter10_new_features.TestNewRoles" name="test_admin_patch_to_new_role[center_staff]" time="0.369" /><testcase classname="backend.tests.test_iter10_new_features.TestNewRoles" name="test_register_with_new_role" time="0.969" /><testcase classname="backend.tests.test_iter10_new_features.TestRegression" name="test_health" time="0.047" /><testcase classname="backend.tests.test_iter10_new_features.TestRegression" name="test_list_txn" time="0.069" /><testcase classname="backend.tests.test_iter10_new_features.TestRegression" name="test_dashboard" time="0.067" /><testcase classname="backend.tests.test_iter10_new_features.TestRegression" name="test_stock" time="0.078" /><testcase classname="backend.tests.test_iter10_new_features.TestRegression" name="test_leaves" time="0.050" /><testcase classname="backend.tests.test_iter10_new_features.TestRegression" name="test_payroll" time="0.053" /><testcase classname="backend.tests.test_iter10_new_features.TestRegression" name="test_notifications" time="0.058" /><testcase classname="backend.tests.test_iter11_programs.TestLeaveAudit" name="test_admin_decides_leave_sets_audit" time="0.508" /><testcase classname="backend.tests.test_iter11_programs.TestLeaveAudit" name="test_approval_log_shows_by_name_for_leave" time="0.057" /><testcase classname="backend.tests.test_iter11_programs.TestRolePermissions" name="test_hr_can_create_and_update_staff" time="0.813" /><testcase classname="backend.tests.test_iter11_programs.TestRolePermissions" name="test_hr_can_run_and_pay_payroll" time="0.242" /><testcase classname="backend.tests.test_iter11_programs.TestRolePermissions" name="test_hr_can_decide_leave" time="0.142" /><testcase classname="backend.tests.test_iter11_programs.TestRolePermissions" name="test_sm_can_approve_reject_bulk" time="1.766" /><testcase classname="backend.tests.test_iter11_programs.TestRolePermissions" name="test_center_staff_can_mark_attendance" time="0.815" /><testcase classname="backend.tests.test_iter11_programs.TestRolePermissions" name="test_viewer_forbidden" time="0.536" /><testcase classname="backend.tests.test_iter11_programs.TestBatches" name="test_create_batch_admin" time="0.176" /><testcase classname="backend.tests.test_iter11_programs.TestBatches" name="test_list_filter_by_project" time="0.049" /><testcase classname="backend.tests.test_iter11_programs.TestBatches" name="test_list_filter_by_center" time="0.046" /><testcase classname="backend.tests.test_iter11_programs.TestBatches" name="test_update_batch" time="0.046" /><testcase classname="backend.tests.test_iter11_programs.TestBatches" name="test_viewer_cannot_create_batch" time="0.081" /><testcase classname="backend.tests.test_iter11_programs.TestBatches" name="test_sm_can_create_batch" time="0.052" /><testcase classname="backend.tests.test_iter11_programs.TestBatches" name="test_viewer_cannot_delete_batch" time="0.044" /><testcase classname="backend.tests.test_iter11_programs.TestBatches" name="test_sm_cannot_delete_batch" time="0.054" /><testcase classname="backend.tests.test_iter11_programs.TestBatchPayments" name="test_create_three_milestones" time="0.190" /><testcase classname="backend.tests.test_iter11_programs.TestBatchPayments" name="test_duplicate_milestone_rejected" time="0.043" /><testcase classname="backend.tests.test_iter11_programs.TestBatchPayments" name="test_list_by_batch" time="0.046" /><testcase classname="backend.tests.test_iter11_programs.TestBatchPayments" name="test_update_payment" time="0.054" /><testcase classname="backend.tests.test_iter11_programs.TestBatchPayments" name="test_receive_creates_txn" time="0.100" /><testcase classname="backend.tests.test_iter11_programs.TestBatchPayments" name="test_double_receive_400" time="0.083" /><testcase classname="backend.tests.test_iter11_programs.TestBatchPayments" name="test_hr_cannot_receive" time="0.054" /><testcase classname="backend.tests.test_iter11_programs.TestBatchPayments" name="test_sm_can_receive" time="0.053" /><testcase classname="backend.tests.test_iter11_programs.TestCascade" name="test_delete_batch_cascades_payments" time="0.226" /><testcase classname="backend.tests.test_iter11_programs.TestUnauth" name="test_unauth_batches" time="0.095" /><testcase classname="backend.tests.test_iter11_programs.TestUnauth" name="test_unauth_payments" time="0.096" /></testsuite></testsuites>