<?xml version="1.0" encoding="utf-8"?><testsuites name="pytest tests"><testsuite name="pytest" errors="0" failures="0" skipped="0" tests="11" time="4.228" timestamp="2026-06-28T06:20:55.242971+00:00" hostname="agent-env-c52df1ee-4b08-4517-89b7-9b2f31b16e89"><testcase classname="backend.tests.test_iter25_leave_routing.TestLeaveCenterRouting" name="test_leave_with_center_staff_picks_center_chain" time="1.342" /><testcase classname="backend.tests.test_iter25_leave_routing.TestLeaveCenterRouting" name="test_leave_without_center_picks_global_default" time="0.139" /><testcase classname="backend.tests.test_iter25_leave_routing.TestReimbursementCenterRouting" name="test_reimb_with_center_staff_picks_center_chain" time="0.201" /><testcase classname="backend.tests.test_iter25_leave_routing.TestMeSummary" name="test_me_summary_no_staff_branch_has_new_keys" time="0.681" /><testcase classname="backend.tests.test_iter25_leave_routing.TestMeSummary" name="test_me_summary_with_staff_includes_new_keys" time="0.727" /><testcase classname="backend.tests.test_iter25_leave_routing.TestMeSummary" name="test_me_summary_leave_balances_decorated_with_type_meta" time="0.146" /><testcase classname="backend.tests.test_iter25_leave_routing.TestMeSummary" name="test_me_summary_all_holidays_filtered_to_current_year" time="0.059" /><testcase classname="backend.tests.test_iter25_leave_routing.TestRegression" name="test_auth_users_200" time="0.064" /><testcase classname="backend.tests.test_iter25_leave_routing.TestRegression" name="test_default_chains_present" time="0.048" /><testcase classname="backend.tests.test_iter25_leave_routing.TestRegression" name="test_leave_allocate_smoke" time="0.096" /><testcase classname="backend.tests.test_iter25_leave_routing.TestRegression" name="test_finance_gate_center_staff_403" time="0.661" /></testsuite></testsuites>