<?xml version="1.0" encoding="utf-8"?><testsuites name="pytest tests"><testsuite name="pytest" errors="0" failures="0" skipped="0" tests="8" time="1.231" timestamp="2026-07-22T12:22:06.508677+00:00" hostname="agent-env-c52df1ee-4b08-4517-89b7-9b2f31b16e89"><testcase classname="backend.tests.test_iter35_tracking_visibility.TestLeaveTracking" name="test_login" time="0.387" /><testcase classname="backend.tests.test_iter35_tracking_visibility.TestLeaveTracking" name="test_submit_leave_and_track" time="0.201" /><testcase classname="backend.tests.test_iter35_tracking_visibility.TestLeaveTracking" name="test_timeline_endpoint_for_leave" time="0.091" /><testcase classname="backend.tests.test_iter35_tracking_visibility.TestReimbursementTracking" name="test_submit_claim_and_track" time="0.100" /><testcase classname="backend.tests.test_iter35_tracking_visibility.TestReimbursementTracking" name="test_timeline_endpoint_for_reimbursement" time="0.102" /><testcase classname="backend.tests.test_iter35_tracking_visibility.TestRegularisationTracking" name="test_submit_regularisation_and_track" time="0.098" /><testcase classname="backend.tests.test_iter35_tracking_visibility.TestRegularisationTracking" name="test_timeline_endpoint_for_regularisation" time="0.096" /><testcase classname="backend.tests.test_iter35_tracking_visibility.TestPendingApprovalsRegression" name="test_pending_approvals_inbox" time="0.070" /></testsuite></testsuites>