<?xml version="1.0" encoding="utf-8"?><testsuites name="pytest tests"><testsuite name="pytest" errors="0" failures="7" skipped="0" tests="182" time="47.749" timestamp="2026-06-25T05:42:31.890969+00:00" hostname="agent-env-c52df1ee-4b08-4517-89b7-9b2f31b16e89"><testcase classname="backend.tests.test_finance_api.TestAuth" name="test_login_success_sets_cookie" time="0.410" /><testcase classname="backend.tests.test_finance_api.TestAuth" name="test_login_invalid" time="0.318" /><testcase classname="backend.tests.test_finance_api.TestAuth" name="test_me_without_cookie" time="0.088" /><testcase classname="backend.tests.test_finance_api.TestAuth" name="test_register_duplicate" time="0.405" /><testcase classname="backend.tests.test_finance_api.TestAuth" name="test_logout_clears_cookie" time="0.438" /><testcase classname="backend.tests.test_finance_api.TestRBAC" name="test_viewer_cannot_create_company" time="0.355" /><testcase classname="backend.tests.test_finance_api.TestRBAC" name="test_admin_can_create_company" time="0.041" /><testcase classname="backend.tests.test_finance_api.TestEntities" name="test_list_after_create" time="0.352" /><testcase classname="backend.tests.test_finance_api.TestEntities" name="test_update_entity" time="0.323" /><testcase classname="backend.tests.test_finance_api.TestEntities" name="test_viewer_cannot_delete" time="0.094" /><testcase classname="backend.tests.test_finance_api.TestTransactions" name="test_create_and_list" time="0.094" /><testcase classname="backend.tests.test_finance_api.TestTransactions" name="test_filter_by_type_and_date" time="0.071" /><testcase classname="backend.tests.test_finance_api.TestTransactions" name="test_update_txn" time="0.043" /><testcase classname="backend.tests.test_finance_api.TestTransactions" name="test_bad_type_422" time="0.081" /><testcase classname="backend.tests.test_finance_api.TestTransactions" name="test_viewer_cannot_create_txn" time="0.042" /><testcase classname="backend.tests.test_finance_api.TestCSVImport" name="test_import_creates_entities" time="0.144" /><testcase classname="backend.tests.test_finance_api.TestCSVImport" name="test_import_bad_row" time="0.095" /><testcase classname="backend.tests.test_finance_api.TestDashboard" name="test_summary_structure" time="0.059" /><testcase classname="backend.tests.test_finance_api.TestDashboard" name="test_summary_unauth" time="0.091" /><testcase classname="backend.tests.test_finance_api.TestAdminDelete" name="test_admin_delete_txn" time="0.085" /><testcase classname="backend.tests.test_finance_api.TestAdminDelete" name="test_admin_delete_entity" time="0.134" /><testcase classname="backend.tests.test_finance_approval.TestRegisterAndMe" name="test_register_admin_downgrades_to_viewer" time="0.325" /><testcase classname="backend.tests.test_finance_approval.TestRegisterAndMe" name="test_me_has_scope_fields" time="1.061" /><testcase classname="backend.tests.test_finance_approval.TestRegisterAndMe" name="test_non_admin_cannot_patch_user" time="0.054" /><testcase classname="backend.tests.test_finance_approval.TestPostStatus" name="test_admin_post_auto_approved" time="0.041" /><testcase classname="backend.tests.test_finance_approval.TestPostStatus" name="test_cm_post_pending" time="0.048" /><testcase classname="backend.tests.test_finance_approval.TestPostStatus" name="test_partner_post_pending" time="0.465" /><testcase classname="backend.tests.test_finance_approval.TestPostStatus" name="test_manager_post_pending" time="0.488" /><testcase classname="backend.tests.test_finance_approval.TestPostStatus" name="test_accountant_post_pending" time="0.447" /><testcase classname="backend.tests.test_finance_approval.TestPostStatus" name="test_viewer_post_forbidden" time="0.392" /><testcase classname="backend.tests.test_finance_approval.TestApproveReject" name="test_admin_approves_pending" time="0.088" /><testcase classname="backend.tests.test_finance_approval.TestApproveReject" name="test_non_admin_cannot_approve" time="0.123" /><testcase classname="backend.tests.test_finance_approval.TestApproveReject" name="test_admin_rejects_with_reason" time="0.091" /><testcase classname="backend.tests.test_finance_approval.TestScoping" name="test_cm_sees_only_assigned_centers" time="0.123" /><testcase classname="backend.tests.test_finance_approval.TestScoping" name="test_partner_sees_only_assigned_partner" time="0.124" /><testcase classname="backend.tests.test_finance_approval.TestScoping" name="test_accountant_sees_all" time="0.080" /><testcase classname="backend.tests.test_finance_approval.TestScoping" name="test_viewer_sees_only_own" time="0.119" /><testcase classname="backend.tests.test_finance_approval.TestScoping" name="test_status_filter_pending" time="0.050" /><testcase classname="backend.tests.test_finance_approval.TestEditSemantics" name="test_non_admin_edit_approved_resets_to_pending" time="0.138" /><testcase classname="backend.tests.test_finance_approval.TestEditSemantics" name="test_admin_edit_keeps_approved" time="0.125" /><testcase classname="backend.tests.test_finance_approval.TestDashboardStatus" name="test_default_counts_only_approved" time="0.118" /><testcase classname="backend.tests.test_finance_features.TestFileUpload" name="test_upload_requires_auth" time="0.087" /><testcase classname="backend.tests.test_finance_features.TestFileUpload" name="test_viewer_forbidden" time="0.592"><failure message="assert 200 == 403&#10; +  where 200 = &lt;Response [200]&gt;.status_code">E   assert 200 == 403
     +  where 200 = &lt;Response [200]&gt;.status_code</failure></testcase><testcase classname="backend.tests.test_finance_features.TestFileUpload" name="test_admin_upload_and_view" time="0.774" /><testcase classname="backend.tests.test_finance_features.TestFileUpload" name="test_view_unknown_path_404" time="0.089" /><testcase classname="backend.tests.test_finance_features.TestTransactionItems" name="test_items_persisted" time="0.245" /><testcase classname="backend.tests.test_finance_features.TestTransactionItems" name="test_no_items_defaults_empty" time="0.042" /><testcase classname="backend.tests.test_finance_features.TestTransactionItems" name="test_update_items_and_attachments" time="0.083" /><testcase classname="backend.tests.test_finance_features.TestDashboardByItem" name="test_by_item_aggregation" time="0.054" /><testcase classname="backend.tests.test_finance_hrms.TestStaffCRUD" name="test_create_requires_admin_or_manager" time="2.259" /><testcase classname="backend.tests.test_finance_hrms.TestStaffCRUD" name="test_list_allowed_for_any_authenticated" time="0.148" /><testcase classname="backend.tests.test_finance_hrms.TestStaffCRUD" name="test_update_persists" time="0.047" /><testcase classname="backend.tests.test_finance_hrms.TestStaffCRUD" name="test_delete_requires_admin" time="0.146" /><testcase classname="backend.tests.test_finance_hrms.TestAttendance" name="test_upsert_and_filter" time="0.319" /><testcase classname="backend.tests.test_finance_hrms.TestAttendance" name="test_rbac_random_cannot_mark" time="0.082" /><testcase classname="backend.tests.test_finance_hrms.TestLeaves" name="test_create_and_decide" time="0.096"><failure message="assert 422 == 200&#10; +  where 422 = &lt;Response [422]&gt;.status_code">E   assert 422 == 200
     +  where 422 = &lt;Response [422]&gt;.status_code</failure></testcase><testcase classname="backend.tests.test_finance_hrms.TestReimbursementFlow" name="test_submit_snapshots_l1" time="0.047" /><testcase classname="backend.tests.test_finance_hrms.TestReimbursementFlow" name="test_random_cannot_l1_approve" time="0.041" /><testcase classname="backend.tests.test_finance_hrms.TestReimbursementFlow" name="test_l1_approve_by_mapped_manager" time="0.043" /><testcase classname="backend.tests.test_finance_hrms.TestReimbursementFlow" name="test_double_l1_approve_rejected" time="0.081" /><testcase classname="backend.tests.test_finance_hrms.TestReimbursementFlow" name="test_accountant_approve_blocks_non_accountant" time="0.042" /><testcase classname="backend.tests.test_finance_hrms.TestReimbursementFlow" name="test_accountant_approve" time="0.042" /><testcase classname="backend.tests.test_finance_hrms.TestReimbursementFlow" name="test_pay_creates_expense_txn" time="0.201" /><testcase classname="backend.tests.test_finance_hrms.TestReimbursementFlow" name="test_double_pay_rejected" time="0.041" /><testcase classname="backend.tests.test_finance_hrms.TestReimbursementScopingAndReject" name="test_list_scoping_for_non_elevated" time="0.203" /><testcase classname="backend.tests.test_finance_hrms.TestReimbursementScopingAndReject" name="test_l1_can_reject_before_approve" time="0.084" /><testcase classname="backend.tests.test_finance_hrms.TestReimbursementScopingAndReject" name="test_random_cannot_reject" time="0.098" /><testcase classname="backend.tests.test_finance_hrms.TestPayroll" name="test_run_generates_rows" time="0.170" /><testcase classname="backend.tests.test_finance_hrms.TestPayroll" name="test_run_idempotent_no_duplicate" time="0.164" /><testcase classname="backend.tests.test_finance_hrms.TestPayroll" name="test_pay_creates_expense_txn_and_marks_paid" time="0.158" /><testcase classname="backend.tests.test_finance_hrms.TestPayroll" name="test_double_pay_rejected" time="0.043" /><testcase classname="backend.tests.test_finance_notifications.TestBulkApprove" name="test_bulk_approve_basic" time="1.568" /><testcase classname="backend.tests.test_finance_notifications.TestBulkApprove" name="test_bulk_approve_skips_already_approved" time="0.167" /><testcase classname="backend.tests.test_finance_notifications.TestBulkApprove" name="test_bulk_approve_empty" time="0.042" /><testcase classname="backend.tests.test_finance_notifications.TestBulkApprove" name="test_bulk_approve_requires_admin" time="0.081" /><testcase classname="backend.tests.test_finance_notifications.TestNotifications" name="test_endpoints_exist" time="0.045" /><testcase classname="backend.tests.test_finance_notifications.TestNotifications" name="test_txn_approve_notifies_creator" time="0.205" /><testcase classname="backend.tests.test_finance_notifications.TestNotifications" name="test_txn_reject_notifies_creator" time="0.209" /><testcase classname="backend.tests.test_finance_notifications.TestNotifications" name="test_bulk_approve_emits_notifications" time="0.292" /><testcase classname="backend.tests.test_finance_notifications.TestNotifications" name="test_mark_one_read" time="0.296" /><testcase classname="backend.tests.test_finance_notifications.TestNotifications" name="test_mark_one_read_404" time="0.043" /><testcase classname="backend.tests.test_finance_notifications.TestNotifications" name="test_mark_all_read" time="0.124" /><testcase classname="backend.tests.test_finance_notifications.TestNotifications" name="test_notifications_user_scoped" time="0.087" /><testcase classname="backend.tests.test_finance_notifications.TestReimbursementAttachments" name="test_upload_then_submit_with_attachment" time="0.430" /><testcase classname="backend.tests.test_finance_notifications.TestReimbursementAttachments" name="test_submit_without_attachments_default_empty" time="0.166" /><testcase classname="backend.tests.test_finance_notifications.TestReimbursementNotifications" name="test_submit_notifies_l1_approver" time="0.607"><failure message="AssertionError: assert 'reimb_pending' == 'reimb_l1_pending'&#10;  &#10;  - reimb_l1_pending&#10;  ?      ---&#10;  + reimb_pending">E   AssertionError: assert 'reimb_pending' == 'reimb_l1_pending'
      
      - reimb_l1_pending
      ?      ---
      + reimb_pending</failure></testcase><testcase classname="backend.tests.test_finance_settlement.TestAuth" name="test_settlement_requires_auth" time="0.094" /><testcase classname="backend.tests.test_finance_settlement.TestSettlementMath" name="test_admin_with_center_id" time="1.184" /><testcase classname="backend.tests.test_finance_settlement.TestSettlementMath" name="test_pending_excluded" time="0.042" /><testcase classname="backend.tests.test_finance_settlement.TestPartnerScope" name="test_partner_sees_only_their_centers" time="0.453" /><testcase classname="backend.tests.test_finance_settlement.TestAdminGlobal" name="test_admin_no_filter_includes_partner_centers" time="0.091" /><testcase classname="backend.tests.test_finance_settlement.TestAdminGlobal" name="test_date_filter_excludes_out_of_range" time="0.044" /><testcase classname="backend.tests.test_finance_settlement.TestAdminGlobal" name="test_date_filter_includes_in_range" time="0.087" /><testcase classname="backend.tests.test_iter10_new_features.TestItemSuggestions" name="test_suggestions_requires_auth" time="0.113" /><testcase classname="backend.tests.test_iter10_new_features.TestItemSuggestions" name="test_seed_and_list" time="0.439" /><testcase classname="backend.tests.test_iter10_new_features.TestItemSuggestions" name="test_suggestions_query_filter" time="0.170" /><testcase classname="backend.tests.test_iter10_new_features.TestApprovalLog" name="test_admin_only" time="0.447" /><testcase classname="backend.tests.test_iter10_new_features.TestApprovalLog" name="test_shape_and_sort" time="0.058" /><testcase classname="backend.tests.test_iter10_new_features.TestApprovalLog" name="test_type_filter" time="0.055" /><testcase classname="backend.tests.test_iter10_new_features.TestApprovalLog" name="test_action_filter" time="0.072" /><testcase classname="backend.tests.test_iter10_new_features.TestReportsToRestriction" name="test_admin_can_set_reports_to" time="0.084" /><testcase classname="backend.tests.test_iter10_new_features.TestReportsToRestriction" name="test_manager_cannot_set_reports_to_on_create" time="0.515" /><testcase classname="backend.tests.test_iter10_new_features.TestReportsToRestriction" name="test_manager_cannot_change_reports_to_on_update" time="0.259" /><testcase classname="backend.tests.test_iter10_new_features.TestNewRoles" name="test_admin_patch_to_new_role[hr]" time="0.374" /><testcase classname="backend.tests.test_iter10_new_features.TestNewRoles" name="test_admin_patch_to_new_role[senior_manager]" time="0.356" /><testcase classname="backend.tests.test_iter10_new_features.TestNewRoles" name="test_admin_patch_to_new_role[center_staff]" time="0.364" /><testcase classname="backend.tests.test_iter10_new_features.TestNewRoles" name="test_register_with_new_role" time="0.941" /><testcase classname="backend.tests.test_iter10_new_features.TestRegression" name="test_health" time="0.041" /><testcase classname="backend.tests.test_iter10_new_features.TestRegression" name="test_list_txn" time="0.054" /><testcase classname="backend.tests.test_iter10_new_features.TestRegression" name="test_dashboard" time="0.052" /><testcase classname="backend.tests.test_iter10_new_features.TestRegression" name="test_stock" time="0.047" /><testcase classname="backend.tests.test_iter10_new_features.TestRegression" name="test_leaves" time="0.042" /><testcase classname="backend.tests.test_iter10_new_features.TestRegression" name="test_payroll" time="0.054" /><testcase classname="backend.tests.test_iter10_new_features.TestRegression" name="test_notifications" time="0.042" /><testcase classname="backend.tests.test_iter11_programs.TestLeaveAudit" name="test_admin_decides_leave_sets_audit" time="0.525"><failure message="AssertionError: {&quot;detail&quot;:[{&quot;type&quot;:&quot;missing&quot;,&quot;loc&quot;:[&quot;query&quot;,&quot;remarks&quot;],&quot;msg&quot;:&quot;Field required&quot;,&quot;input&quot;:null,&quot;url&quot;:&quot;https://errors.pydantic.dev/2.13/v/missing&quot;}]}&#10;assert 422 == 200&#10; +  where 422 = &lt;Response [422]&gt;.status_code">E   AssertionError: {"detail":[{"type":"missing","loc":["query","remarks"],"msg":"Field required","input":null,"url":"https://errors.pydantic.dev/2.13/v/missing"}]}
    assert 422 == 200
     +  where 422 = &lt;Response [422]&gt;.status_code</failure></testcase><testcase classname="backend.tests.test_iter11_programs.TestLeaveAudit" name="test_approval_log_shows_by_name_for_leave" time="0.043"><failure message="AssertionError: Decided leave not surfaced in approval-log&#10;assert []">E   AssertionError: Decided leave not surfaced in approval-log
    assert []</failure></testcase><testcase classname="backend.tests.test_iter11_programs.TestRolePermissions" name="test_hr_can_create_and_update_staff" time="0.798" /><testcase classname="backend.tests.test_iter11_programs.TestRolePermissions" name="test_hr_can_run_and_pay_payroll" time="0.254" /><testcase classname="backend.tests.test_iter11_programs.TestRolePermissions" name="test_hr_can_decide_leave" time="0.171"><failure message="AssertionError: {&quot;detail&quot;:[{&quot;type&quot;:&quot;missing&quot;,&quot;loc&quot;:[&quot;query&quot;,&quot;remarks&quot;],&quot;msg&quot;:&quot;Field required&quot;,&quot;input&quot;:null,&quot;url&quot;:&quot;https://errors.pydantic.dev/2.13/v/missing&quot;}]}&#10;assert 422 == 200&#10; +  where 422 = &lt;Response [422]&gt;.status_code">E   AssertionError: {"detail":[{"type":"missing","loc":["query","remarks"],"msg":"Field required","input":null,"url":"https://errors.pydantic.dev/2.13/v/missing"}]}
    assert 422 == 200
     +  where 422 = &lt;Response [422]&gt;.status_code</failure></testcase><testcase classname="backend.tests.test_iter11_programs.TestRolePermissions" name="test_sm_can_approve_reject_bulk" time="1.813" /><testcase classname="backend.tests.test_iter11_programs.TestRolePermissions" name="test_center_staff_can_mark_attendance" time="0.770" /><testcase classname="backend.tests.test_iter11_programs.TestRolePermissions" name="test_viewer_forbidden" time="0.525" /><testcase classname="backend.tests.test_iter11_programs.TestBatches" name="test_create_batch_admin" time="0.212" /><testcase classname="backend.tests.test_iter11_programs.TestBatches" name="test_list_filter_by_project" time="0.083" /><testcase classname="backend.tests.test_iter11_programs.TestBatches" name="test_list_filter_by_center" time="0.044" /><testcase classname="backend.tests.test_iter11_programs.TestBatches" name="test_update_batch" time="0.047" /><testcase classname="backend.tests.test_iter11_programs.TestBatches" name="test_viewer_cannot_create_batch" time="0.045" /><testcase classname="backend.tests.test_iter11_programs.TestBatches" name="test_sm_can_create_batch" time="0.082" /><testcase classname="backend.tests.test_iter11_programs.TestBatches" name="test_viewer_cannot_delete_batch" time="0.045" /><testcase classname="backend.tests.test_iter11_programs.TestBatches" name="test_sm_cannot_delete_batch" time="0.038" /><testcase classname="backend.tests.test_iter11_programs.TestBatchPayments" name="test_create_three_milestones" time="0.173" /><testcase classname="backend.tests.test_iter11_programs.TestBatchPayments" name="test_duplicate_milestone_rejected" time="0.082" /><testcase classname="backend.tests.test_iter11_programs.TestBatchPayments" name="test_list_by_batch" time="0.043" /><testcase classname="backend.tests.test_iter11_programs.TestBatchPayments" name="test_update_payment" time="0.082" /><testcase classname="backend.tests.test_iter11_programs.TestBatchPayments" name="test_receive_creates_txn" time="0.118" /><testcase classname="backend.tests.test_iter11_programs.TestBatchPayments" name="test_double_receive_400" time="0.083" /><testcase classname="backend.tests.test_iter11_programs.TestBatchPayments" name="test_hr_cannot_receive" time="0.045" /><testcase classname="backend.tests.test_iter11_programs.TestBatchPayments" name="test_sm_can_receive" time="0.042" /><testcase classname="backend.tests.test_iter11_programs.TestCascade" name="test_delete_batch_cascades_payments" time="0.333" /><testcase classname="backend.tests.test_iter11_programs.TestUnauth" name="test_unauth_batches" time="0.171" /><testcase classname="backend.tests.test_iter11_programs.TestUnauth" name="test_unauth_payments" time="0.092" /><testcase classname="backend.tests.test_iter12_milestone_partners.TestBatchPartnerIds" name="test_create_batch_with_partner_ids" time="0.726" /><testcase classname="backend.tests.test_iter12_milestone_partners.TestBatchPartnerIds" name="test_create_batch_bad_partner_id_returns_400" time="0.080" /><testcase classname="backend.tests.test_iter12_milestone_partners.TestBatchPartnerIds" name="test_update_batch_partner_ids" time="0.128" /><testcase classname="backend.tests.test_iter12_milestone_partners.TestBatchPartnerIds" name="test_create_batch_empty_partner_ids" time="0.083" /><testcase classname="backend.tests.test_iter12_milestone_partners.TestReceiveSplit" name="test_receive_splits_among_two_partners" time="0.230" /><testcase classname="backend.tests.test_iter12_milestone_partners.TestReceiveSplit" name="test_receive_rounding_tail_three_partners" time="0.313" /><testcase classname="backend.tests.test_iter12_milestone_partners.TestReceiveSplit" name="test_receive_without_partners_creates_one_txn" time="0.225" /><testcase classname="backend.tests.test_iter12_milestone_partners.TestMilestoneIncomeDashboard" name="test_admin_endpoint_returns_shape" time="0.042" /><testcase classname="backend.tests.test_iter12_milestone_partners.TestMilestoneIncomeDashboard" name="test_project_filter_isolates_amounts" time="0.080" /><testcase classname="backend.tests.test_iter12_milestone_partners.TestMilestoneIncomeDashboard" name="test_unauth_returns_401" time="0.085" /><testcase classname="backend.tests.test_iter12_milestone_partners.TestMilestoneIncomeDashboard" name="test_date_filter" time="0.043" /><testcase classname="backend.tests.test_iter13_mobile_attendance.TestAttendanceToday" name="test_today_unmapped_user_returns_null_staff" time="0.368" /><testcase classname="backend.tests.test_iter13_mobile_attendance.TestAttendanceToday" name="test_today_mapped_user_returns_staff" time="0.433" /><testcase classname="backend.tests.test_iter13_mobile_attendance.TestSelfCheckIn" name="test_self_checkin_unmapped_returns_400" time="0.044" /><testcase classname="backend.tests.test_iter13_mobile_attendance.TestSelfCheckIn" name="test_self_checkin_persists_and_today_returns_it" time="0.125" /><testcase classname="backend.tests.test_iter13_mobile_attendance.TestSelfCheckIn" name="test_self_checkin_is_upsert_idempotent" time="0.041"><failure message="assert 400 == 200&#10; +  where 400 = &lt;Response [400]&gt;.status_code">E   assert 400 == 200
     +  where 400 = &lt;Response [400]&gt;.status_code</failure></testcase><testcase classname="backend.tests.test_iter13_mobile_attendance.TestSelfCheckIn" name="test_self_checkin_minimal_payload_status_only" time="0.081" /><testcase classname="backend.tests.test_iter13_mobile_attendance.TestSelfCheckIn" name="test_self_checkin_requires_auth" time="0.088" /><testcase classname="backend.tests.test_iter13_mobile_attendance.TestAdminAttendanceExtended" name="test_admin_post_accepts_full_extended_fields" time="0.123" /><testcase classname="backend.tests.test_iter13_mobile_attendance.TestAdminAttendanceExtended" name="test_admin_post_minimal_payload_still_works" time="0.161" /><testcase classname="backend.tests.test_iter13_mobile_attendance.TestPwaManifest" name="test_manifest_served" time="0.100" /><testcase classname="backend.tests.test_iter13_mobile_attendance.TestPwaManifest" name="test_checkin_page_html_links_manifest" time="0.098" /><testcase classname="backend.tests.test_iter14_forgot_pwd_partner_approve.TestForgotPasswordFlow" name="test_forgot_password_unknown_email_generic_ok" time="0.093" /><testcase classname="backend.tests.test_iter14_forgot_pwd_partner_approve.TestForgotPasswordFlow" name="test_forgot_password_valid_email_creates_otp_doc" time="0.666" /><testcase classname="backend.tests.test_iter14_forgot_pwd_partner_approve.TestForgotPasswordFlow" name="test_forgot_password_rate_limit_429" time="1.235" /><testcase classname="backend.tests.test_iter14_forgot_pwd_partner_approve.TestVerifyAndResetFlow" name="test_verify_otp_wrong_increments_attempts" time="0.419" /><testcase classname="backend.tests.test_iter14_forgot_pwd_partner_approve.TestVerifyAndResetFlow" name="test_verify_otp_max_attempts_429" time="0.582" /><testcase classname="backend.tests.test_iter14_forgot_pwd_partner_approve.TestVerifyAndResetFlow" name="test_verify_correct_then_reset_then_login" time="1.170" /><testcase classname="backend.tests.test_iter14_forgot_pwd_partner_approve.TestVerifyAndResetFlow" name="test_admin_password_unchanged_at_end" time="0.315" /><testcase classname="backend.tests.test_iter14_forgot_pwd_partner_approve.TestPartnerAssociations" name="test_create_pairing" time="0.521" /><testcase classname="backend.tests.test_iter14_forgot_pwd_partner_approve.TestPartnerAssociations" name="test_same_partner_rejected" time="0.084" /><testcase classname="backend.tests.test_iter14_forgot_pwd_partner_approve.TestPartnerAssociations" name="test_duplicate_is_idempotent" time="0.163" /><testcase classname="backend.tests.test_iter14_forgot_pwd_partner_approve.TestPartnerAssociations" name="test_list_and_delete" time="0.320" /><testcase classname="backend.tests.test_iter14_forgot_pwd_partner_approve.TestPartnerCrossApprove" name="test_creator_cannot_self_approve" time="4.039" /><testcase classname="backend.tests.test_iter14_forgot_pwd_partner_approve.TestPartnerCrossApprove" name="test_same_partner_id_rejected" time="0.130" /><testcase classname="backend.tests.test_iter14_forgot_pwd_partner_approve.TestPartnerCrossApprove" name="test_no_assigned_partner_rejected" time="0.128" /><testcase classname="backend.tests.test_iter14_forgot_pwd_partner_approve.TestPartnerCrossApprove" name="test_non_partner_role_rejected" time="0.412" /><testcase classname="backend.tests.test_iter14_forgot_pwd_partner_approve.TestPartnerCrossApprove" name="test_unrelated_partner_rejected" time="0.143" /><testcase classname="backend.tests.test_iter14_forgot_pwd_partner_approve.TestPartnerCrossApprove" name="test_approve_via_shared_project_or_center" time="0.257" /><testcase classname="backend.tests.test_iter14_forgot_pwd_partner_approve.TestPartnerCrossApprove" name="test_approve_via_custom_pairing" time="0.223" /><testcase classname="backend.tests.test_iter14_forgot_pwd_partner_approve.TestPartnerAssocRoles" name="test_non_admin_cannot_create" time="0.418" /></testsuite></testsuites>