<?xml version="1.0" encoding="utf-8"?><testsuites name="pytest tests"><testsuite name="pytest" errors="0" failures="0" skipped="0" tests="234" time="19.413" timestamp="2026-06-27T17:29:20.969854+00:00" hostname="agent-env-c52df1ee-4b08-4517-89b7-9b2f31b16e89"><testcase classname="backend.tests.test_iter23_finance_gate.TestAuthUsersNo500" name="test_auth_users_returns_200_and_lists_users" time="6.713" /><testcase classname="backend.tests.test_iter23_finance_gate.TestFinanceEndpointsAllowed" name="test_finance_role_can_access[GET-/api/dashboard/summary-None-admin]" time="0.071" /><testcase classname="backend.tests.test_iter23_finance_gate.TestFinanceEndpointsAllowed" name="test_finance_role_can_access[GET-/api/dashboard/summary-None-partner]" time="0.077" /><testcase classname="backend.tests.test_iter23_finance_gate.TestFinanceEndpointsAllowed" name="test_finance_role_can_access[GET-/api/dashboard/summary-None-senior_manager]" time="0.062" /><testcase classname="backend.tests.test_iter23_finance_gate.TestFinanceEndpointsAllowed" name="test_finance_role_can_access[GET-/api/dashboard/summary-None-hr]" time="0.062" /><testcase classname="backend.tests.test_iter23_finance_gate.TestFinanceEndpointsAllowed" name="test_finance_role_can_access[GET-/api/dashboard/summary-None-accountant]" time="0.061" /><testcase classname="backend.tests.test_iter23_finance_gate.TestFinanceEndpointsAllowed" name="test_finance_role_can_access[GET-/api/dashboard/milestone-income-None-admin]" time="0.165" /><testcase classname="backend.tests.test_iter23_finance_gate.TestFinanceEndpointsAllowed" name="test_finance_role_can_access[GET-/api/dashboard/milestone-income-None-partner]" time="0.050" /><testcase classname="backend.tests.test_iter23_finance_gate.TestFinanceEndpointsAllowed" name="test_finance_role_can_access[GET-/api/dashboard/milestone-income-None-senior_manager]" time="0.050" /><testcase classname="backend.tests.test_iter23_finance_gate.TestFinanceEndpointsAllowed" name="test_finance_role_can_access[GET-/api/dashboard/milestone-income-None-hr]" time="0.047" /><testcase classname="backend.tests.test_iter23_finance_gate.TestFinanceEndpointsAllowed" name="test_finance_role_can_access[GET-/api/dashboard/milestone-income-None-accountant]" time="0.052" /><testcase classname="backend.tests.test_iter23_finance_gate.TestFinanceEndpointsAllowed" name="test_finance_role_can_access[GET-/api/dashboard/fooding-income-None-admin]" time="0.047" /><testcase classname="backend.tests.test_iter23_finance_gate.TestFinanceEndpointsAllowed" name="test_finance_role_can_access[GET-/api/dashboard/fooding-income-None-partner]" time="0.047" /><testcase classname="backend.tests.test_iter23_finance_gate.TestFinanceEndpointsAllowed" name="test_finance_role_can_access[GET-/api/dashboard/fooding-income-None-senior_manager]" time="0.048" /><testcase classname="backend.tests.test_iter23_finance_gate.TestFinanceEndpointsAllowed" name="test_finance_role_can_access[GET-/api/dashboard/fooding-income-None-hr]" time="0.049" /><testcase classname="backend.tests.test_iter23_finance_gate.TestFinanceEndpointsAllowed" name="test_finance_role_can_access[GET-/api/dashboard/fooding-income-None-accountant]" time="0.048" /><testcase classname="backend.tests.test_iter23_finance_gate.TestFinanceEndpointsAllowed" name="test_finance_role_can_access[GET-/api/dashboard/settlement-None-admin]" time="0.105" /><testcase classname="backend.tests.test_iter23_finance_gate.TestFinanceEndpointsAllowed" name="test_finance_role_can_access[GET-/api/dashboard/settlement-None-partner]" time="0.096" /><testcase classname="backend.tests.test_iter23_finance_gate.TestFinanceEndpointsAllowed" name="test_finance_role_can_access[GET-/api/dashboard/settlement-None-senior_manager]" time="0.098" /><testcase classname="backend.tests.test_iter23_finance_gate.TestFinanceEndpointsAllowed" name="test_finance_role_can_access[GET-/api/dashboard/settlement-None-hr]" time="0.094" /><testcase classname="backend.tests.test_iter23_finance_gate.TestFinanceEndpointsAllowed" name="test_finance_role_can_access[GET-/api/dashboard/settlement-None-accountant]" time="0.115" /><testcase classname="backend.tests.test_iter23_finance_gate.TestFinanceEndpointsAllowed" name="test_finance_role_can_access[GET-/api/transactions-None-admin]" time="0.088" /><testcase classname="backend.tests.test_iter23_finance_gate.TestFinanceEndpointsAllowed" name="test_finance_role_can_access[GET-/api/transactions-None-partner]" time="0.047" /><testcase classname="backend.tests.test_iter23_finance_gate.TestFinanceEndpointsAllowed" name="test_finance_role_can_access[GET-/api/transactions-None-senior_manager]" time="0.091" /><testcase classname="backend.tests.test_iter23_finance_gate.TestFinanceEndpointsAllowed" name="test_finance_role_can_access[GET-/api/transactions-None-hr]" time="0.086" /><testcase classname="backend.tests.test_iter23_finance_gate.TestFinanceEndpointsAllowed" name="test_finance_role_can_access[GET-/api/transactions-None-accountant]" time="0.069" /><testcase classname="backend.tests.test_iter23_finance_gate.TestFinanceEndpointsAllowed" name="test_finance_role_can_access[GET-/api/batches-None-admin]" time="0.052" /><testcase classname="backend.tests.test_iter23_finance_gate.TestFinanceEndpointsAllowed" name="test_finance_role_can_access[GET-/api/batches-None-partner]" time="0.054" /><testcase classname="backend.tests.test_iter23_finance_gate.TestFinanceEndpointsAllowed" name="test_finance_role_can_access[GET-/api/batches-None-senior_manager]" time="0.051" /><testcase classname="backend.tests.test_iter23_finance_gate.TestFinanceEndpointsAllowed" name="test_finance_role_can_access[GET-/api/batches-None-hr]" time="0.050" /><testcase classname="backend.tests.test_iter23_finance_gate.TestFinanceEndpointsAllowed" name="test_finance_role_can_access[GET-/api/batches-None-accountant]" time="0.052" /><testcase classname="backend.tests.test_iter23_finance_gate.TestFinanceEndpointsAllowed" name="test_finance_role_can_access[GET-/api/batch-payments-None-admin]" time="0.051" /><testcase classname="backend.tests.test_iter23_finance_gate.TestFinanceEndpointsAllowed" name="test_finance_role_can_access[GET-/api/batch-payments-None-partner]" time="0.060" /><testcase classname="backend.tests.test_iter23_finance_gate.TestFinanceEndpointsAllowed" name="test_finance_role_can_access[GET-/api/batch-payments-None-senior_manager]" time="0.051" /><testcase classname="backend.tests.test_iter23_finance_gate.TestFinanceEndpointsAllowed" name="test_finance_role_can_access[GET-/api/batch-payments-None-hr]" time="0.050" /><testcase classname="backend.tests.test_iter23_finance_gate.TestFinanceEndpointsAllowed" name="test_finance_role_can_access[GET-/api/batch-payments-None-accountant]" time="0.054" /><testcase classname="backend.tests.test_iter23_finance_gate.TestFinanceEndpointsAllowed" name="test_finance_role_can_access[GET-/api/reports/tds-register-None-admin]" time="0.059" /><testcase classname="backend.tests.test_iter23_finance_gate.TestFinanceEndpointsAllowed" name="test_finance_role_can_access[GET-/api/reports/tds-register-None-partner]" time="0.055" /><testcase classname="backend.tests.test_iter23_finance_gate.TestFinanceEndpointsAllowed" name="test_finance_role_can_access[GET-/api/reports/tds-register-None-senior_manager]" time="0.053" /><testcase classname="backend.tests.test_iter23_finance_gate.TestFinanceEndpointsAllowed" name="test_finance_role_can_access[GET-/api/reports/tds-register-None-hr]" time="0.047" /><testcase classname="backend.tests.test_iter23_finance_gate.TestFinanceEndpointsAllowed" name="test_finance_role_can_access[GET-/api/reports/tds-register-None-accountant]" time="0.047" /><testcase classname="backend.tests.test_iter23_finance_gate.TestFinanceEndpointsAllowed" name="test_finance_role_can_access[GET-/api/reports/tds-register/csv-None-admin]" time="0.053" /><testcase classname="backend.tests.test_iter23_finance_gate.TestFinanceEndpointsAllowed" name="test_finance_role_can_access[GET-/api/reports/tds-register/csv-None-partner]" time="0.049" /><testcase classname="backend.tests.test_iter23_finance_gate.TestFinanceEndpointsAllowed" name="test_finance_role_can_access[GET-/api/reports/tds-register/csv-None-senior_manager]" time="0.048" /><testcase classname="backend.tests.test_iter23_finance_gate.TestFinanceEndpointsAllowed" name="test_finance_role_can_access[GET-/api/reports/tds-register/csv-None-hr]" time="0.044" /><testcase classname="backend.tests.test_iter23_finance_gate.TestFinanceEndpointsAllowed" name="test_finance_role_can_access[GET-/api/reports/tds-register/csv-None-accountant]" time="0.049" /><testcase classname="backend.tests.test_iter23_finance_gate.TestFinanceEndpointsBlocked" name="test_restricted_role_gets_403[GET-/api/dashboard/summary-None-manager]" time="0.051" /><testcase classname="backend.tests.test_iter23_finance_gate.TestFinanceEndpointsBlocked" name="test_restricted_role_gets_403[GET-/api/dashboard/summary-None-center_manager]" time="0.047" /><testcase classname="backend.tests.test_iter23_finance_gate.TestFinanceEndpointsBlocked" name="test_restricted_role_gets_403[GET-/api/dashboard/summary-None-center_staff]" time="0.047" /><testcase classname="backend.tests.test_iter23_finance_gate.TestFinanceEndpointsBlocked" name="test_restricted_role_gets_403[GET-/api/dashboard/summary-None-viewer]" time="0.051" /><testcase classname="backend.tests.test_iter23_finance_gate.TestFinanceEndpointsBlocked" name="test_restricted_role_gets_403[GET-/api/dashboard/summary-None-reporting_authority]" time="0.051" /><testcase classname="backend.tests.test_iter23_finance_gate.TestFinanceEndpointsBlocked" name="test_restricted_role_gets_403[GET-/api/dashboard/summary-None-center_partner]" time="0.050" /><testcase classname="backend.tests.test_iter23_finance_gate.TestFinanceEndpointsBlocked" name="test_restricted_role_gets_403[GET-/api/dashboard/milestone-income-None-manager]" time="0.052" /><testcase classname="backend.tests.test_iter23_finance_gate.TestFinanceEndpointsBlocked" name="test_restricted_role_gets_403[GET-/api/dashboard/milestone-income-None-center_manager]" time="0.046" /><testcase classname="backend.tests.test_iter23_finance_gate.TestFinanceEndpointsBlocked" name="test_restricted_role_gets_403[GET-/api/dashboard/milestone-income-None-center_staff]" time="0.045" /><testcase classname="backend.tests.test_iter23_finance_gate.TestFinanceEndpointsBlocked" name="test_restricted_role_gets_403[GET-/api/dashboard/milestone-income-None-viewer]" time="0.049" /><testcase classname="backend.tests.test_iter23_finance_gate.TestFinanceEndpointsBlocked" name="test_restricted_role_gets_403[GET-/api/dashboard/milestone-income-None-reporting_authority]" time="0.056" /><testcase classname="backend.tests.test_iter23_finance_gate.TestFinanceEndpointsBlocked" name="test_restricted_role_gets_403[GET-/api/dashboard/milestone-income-None-center_partner]" time="0.045" /><testcase classname="backend.tests.test_iter23_finance_gate.TestFinanceEndpointsBlocked" name="test_restricted_role_gets_403[GET-/api/dashboard/fooding-income-None-manager]" time="0.053" /><testcase classname="backend.tests.test_iter23_finance_gate.TestFinanceEndpointsBlocked" name="test_restricted_role_gets_403[GET-/api/dashboard/fooding-income-None-center_manager]" time="0.045" /><testcase classname="backend.tests.test_iter23_finance_gate.TestFinanceEndpointsBlocked" name="test_restricted_role_gets_403[GET-/api/dashboard/fooding-income-None-center_staff]" time="0.044" /><testcase classname="backend.tests.test_iter23_finance_gate.TestFinanceEndpointsBlocked" name="test_restricted_role_gets_403[GET-/api/dashboard/fooding-income-None-viewer]" time="0.050" /><testcase classname="backend.tests.test_iter23_finance_gate.TestFinanceEndpointsBlocked" name="test_restricted_role_gets_403[GET-/api/dashboard/fooding-income-None-reporting_authority]" time="0.051" /><testcase classname="backend.tests.test_iter23_finance_gate.TestFinanceEndpointsBlocked" name="test_restricted_role_gets_403[GET-/api/dashboard/fooding-income-None-center_partner]" time="0.044" /><testcase classname="backend.tests.test_iter23_finance_gate.TestFinanceEndpointsBlocked" name="test_restricted_role_gets_403[GET-/api/dashboard/settlement-None-manager]" time="0.051" /><testcase classname="backend.tests.test_iter23_finance_gate.TestFinanceEndpointsBlocked" name="test_restricted_role_gets_403[GET-/api/dashboard/settlement-None-center_manager]" time="0.046" /><testcase classname="backend.tests.test_iter23_finance_gate.TestFinanceEndpointsBlocked" name="test_restricted_role_gets_403[GET-/api/dashboard/settlement-None-center_staff]" time="0.045" /><testcase classname="backend.tests.test_iter23_finance_gate.TestFinanceEndpointsBlocked" name="test_restricted_role_gets_403[GET-/api/dashboard/settlement-None-viewer]" time="0.049" /><testcase classname="backend.tests.test_iter23_finance_gate.TestFinanceEndpointsBlocked" name="test_restricted_role_gets_403[GET-/api/dashboard/settlement-None-reporting_authority]" time="0.049" /><testcase classname="backend.tests.test_iter23_finance_gate.TestFinanceEndpointsBlocked" name="test_restricted_role_gets_403[GET-/api/dashboard/settlement-None-center_partner]" time="0.048" /><testcase classname="backend.tests.test_iter23_finance_gate.TestFinanceEndpointsBlocked" name="test_restricted_role_gets_403[GET-/api/transactions-None-manager]" time="0.048" /><testcase classname="backend.tests.test_iter23_finance_gate.TestFinanceEndpointsBlocked" name="test_restricted_role_gets_403[GET-/api/transactions-None-center_manager]" time="0.045" /><testcase classname="backend.tests.test_iter23_finance_gate.TestFinanceEndpointsBlocked" name="test_restricted_role_gets_403[GET-/api/transactions-None-center_staff]" time="0.044" /><testcase classname="backend.tests.test_iter23_finance_gate.TestFinanceEndpointsBlocked" name="test_restricted_role_gets_403[GET-/api/transactions-None-viewer]" time="0.055" /><testcase classname="backend.tests.test_iter23_finance_gate.TestFinanceEndpointsBlocked" name="test_restricted_role_gets_403[GET-/api/transactions-None-reporting_authority]" time="0.051" /><testcase classname="backend.tests.test_iter23_finance_gate.TestFinanceEndpointsBlocked" name="test_restricted_role_gets_403[GET-/api/transactions-None-center_partner]" time="0.044" /><testcase classname="backend.tests.test_iter23_finance_gate.TestFinanceEndpointsBlocked" name="test_restricted_role_gets_403[GET-/api/batches-None-manager]" time="0.052" /><testcase classname="backend.tests.test_iter23_finance_gate.TestFinanceEndpointsBlocked" name="test_restricted_role_gets_403[GET-/api/batches-None-center_manager]" time="0.047" /><testcase classname="backend.tests.test_iter23_finance_gate.TestFinanceEndpointsBlocked" name="test_restricted_role_gets_403[GET-/api/batches-None-center_staff]" time="0.045" /><testcase classname="backend.tests.test_iter23_finance_gate.TestFinanceEndpointsBlocked" name="test_restricted_role_gets_403[GET-/api/batches-None-viewer]" time="0.055" /><testcase classname="backend.tests.test_iter23_finance_gate.TestFinanceEndpointsBlocked" name="test_restricted_role_gets_403[GET-/api/batches-None-reporting_authority]" time="0.064" /><testcase classname="backend.tests.test_iter23_finance_gate.TestFinanceEndpointsBlocked" name="test_restricted_role_gets_403[GET-/api/batches-None-center_partner]" time="0.043" /><testcase classname="backend.tests.test_iter23_finance_gate.TestFinanceEndpointsBlocked" name="test_restricted_role_gets_403[GET-/api/batch-payments-None-manager]" time="0.046" /><testcase classname="backend.tests.test_iter23_finance_gate.TestFinanceEndpointsBlocked" name="test_restricted_role_gets_403[GET-/api/batch-payments-None-center_manager]" time="0.047" /><testcase classname="backend.tests.test_iter23_finance_gate.TestFinanceEndpointsBlocked" name="test_restricted_role_gets_403[GET-/api/batch-payments-None-center_staff]" time="0.044" /><testcase classname="backend.tests.test_iter23_finance_gate.TestFinanceEndpointsBlocked" name="test_restricted_role_gets_403[GET-/api/batch-payments-None-viewer]" time="0.048" /><testcase classname="backend.tests.test_iter23_finance_gate.TestFinanceEndpointsBlocked" name="test_restricted_role_gets_403[GET-/api/batch-payments-None-reporting_authority]" time="0.050" /><testcase classname="backend.tests.test_iter23_finance_gate.TestFinanceEndpointsBlocked" name="test_restricted_role_gets_403[GET-/api/batch-payments-None-center_partner]" time="0.055" /><testcase classname="backend.tests.test_iter23_finance_gate.TestFinanceEndpointsBlocked" name="test_restricted_role_gets_403[GET-/api/reports/tds-register-None-manager]" time="0.048" /><testcase classname="backend.tests.test_iter23_finance_gate.TestFinanceEndpointsBlocked" name="test_restricted_role_gets_403[GET-/api/reports/tds-register-None-center_manager]" time="0.046" /><testcase classname="backend.tests.test_iter23_finance_gate.TestFinanceEndpointsBlocked" name="test_restricted_role_gets_403[GET-/api/reports/tds-register-None-center_staff]" time="0.044" /><testcase classname="backend.tests.test_iter23_finance_gate.TestFinanceEndpointsBlocked" name="test_restricted_role_gets_403[GET-/api/reports/tds-register-None-viewer]" time="0.064" /><testcase classname="backend.tests.test_iter23_finance_gate.TestFinanceEndpointsBlocked" name="test_restricted_role_gets_403[GET-/api/reports/tds-register-None-reporting_authority]" time="0.072" /><testcase classname="backend.tests.test_iter23_finance_gate.TestFinanceEndpointsBlocked" name="test_restricted_role_gets_403[GET-/api/reports/tds-register-None-center_partner]" time="0.050" /><testcase classname="backend.tests.test_iter23_finance_gate.TestFinanceEndpointsBlocked" name="test_restricted_role_gets_403[GET-/api/reports/tds-register/csv-None-manager]" time="0.055" /><testcase classname="backend.tests.test_iter23_finance_gate.TestFinanceEndpointsBlocked" name="test_restricted_role_gets_403[GET-/api/reports/tds-register/csv-None-center_manager]" time="0.048" /><testcase classname="backend.tests.test_iter23_finance_gate.TestFinanceEndpointsBlocked" name="test_restricted_role_gets_403[GET-/api/reports/tds-register/csv-None-center_staff]" time="0.043" /><testcase classname="backend.tests.test_iter23_finance_gate.TestFinanceEndpointsBlocked" name="test_restricted_role_gets_403[GET-/api/reports/tds-register/csv-None-viewer]" time="0.050" /><testcase classname="backend.tests.test_iter23_finance_gate.TestFinanceEndpointsBlocked" name="test_restricted_role_gets_403[GET-/api/reports/tds-register/csv-None-reporting_authority]" time="0.060" /><testcase classname="backend.tests.test_iter23_finance_gate.TestFinanceEndpointsBlocked" name="test_restricted_role_gets_403[GET-/api/reports/tds-register/csv-None-center_partner]" time="0.045" /><testcase classname="backend.tests.test_iter23_finance_gate.TestOperationalEndpointsAllRoles" name="test_operational_endpoint_open[GET-/api/auth/me-admin]" time="0.047" /><testcase classname="backend.tests.test_iter23_finance_gate.TestOperationalEndpointsAllRoles" name="test_operational_endpoint_open[GET-/api/auth/me-partner]" time="0.047" /><testcase classname="backend.tests.test_iter23_finance_gate.TestOperationalEndpointsAllRoles" name="test_operational_endpoint_open[GET-/api/auth/me-senior_manager]" time="0.045" /><testcase classname="backend.tests.test_iter23_finance_gate.TestOperationalEndpointsAllRoles" name="test_operational_endpoint_open[GET-/api/auth/me-hr]" time="0.044" /><testcase classname="backend.tests.test_iter23_finance_gate.TestOperationalEndpointsAllRoles" name="test_operational_endpoint_open[GET-/api/auth/me-accountant]" time="0.045" /><testcase classname="backend.tests.test_iter23_finance_gate.TestOperationalEndpointsAllRoles" name="test_operational_endpoint_open[GET-/api/auth/me-manager]" time="0.049" /><testcase classname="backend.tests.test_iter23_finance_gate.TestOperationalEndpointsAllRoles" name="test_operational_endpoint_open[GET-/api/auth/me-center_manager]" time="0.048" /><testcase classname="backend.tests.test_iter23_finance_gate.TestOperationalEndpointsAllRoles" name="test_operational_endpoint_open[GET-/api/auth/me-center_staff]" time="0.044" /><testcase classname="backend.tests.test_iter23_finance_gate.TestOperationalEndpointsAllRoles" name="test_operational_endpoint_open[GET-/api/auth/me-viewer]" time="0.054" /><testcase classname="backend.tests.test_iter23_finance_gate.TestOperationalEndpointsAllRoles" name="test_operational_endpoint_open[GET-/api/auth/me-reporting_authority]" time="0.052" /><testcase classname="backend.tests.test_iter23_finance_gate.TestOperationalEndpointsAllRoles" name="test_operational_endpoint_open[GET-/api/auth/me-center_partner]" time="0.045" /><testcase classname="backend.tests.test_iter23_finance_gate.TestOperationalEndpointsAllRoles" name="test_operational_endpoint_open[GET-/api/staff-admin]" time="0.049" /><testcase classname="backend.tests.test_iter23_finance_gate.TestOperationalEndpointsAllRoles" name="test_operational_endpoint_open[GET-/api/staff-partner]" time="0.047" /><testcase classname="backend.tests.test_iter23_finance_gate.TestOperationalEndpointsAllRoles" name="test_operational_endpoint_open[GET-/api/staff-senior_manager]" time="0.053" /><testcase classname="backend.tests.test_iter23_finance_gate.TestOperationalEndpointsAllRoles" name="test_operational_endpoint_open[GET-/api/staff-hr]" time="0.049" /><testcase classname="backend.tests.test_iter23_finance_gate.TestOperationalEndpointsAllRoles" name="test_operational_endpoint_open[GET-/api/staff-accountant]" time="0.052" /><testcase classname="backend.tests.test_iter23_finance_gate.TestOperationalEndpointsAllRoles" name="test_operational_endpoint_open[GET-/api/staff-manager]" time="0.054" /><testcase classname="backend.tests.test_iter23_finance_gate.TestOperationalEndpointsAllRoles" name="test_operational_endpoint_open[GET-/api/staff-center_manager]" time="0.051" /><testcase classname="backend.tests.test_iter23_finance_gate.TestOperationalEndpointsAllRoles" name="test_operational_endpoint_open[GET-/api/staff-center_staff]" time="0.046" /><testcase classname="backend.tests.test_iter23_finance_gate.TestOperationalEndpointsAllRoles" name="test_operational_endpoint_open[GET-/api/staff-viewer]" time="0.054" /><testcase classname="backend.tests.test_iter23_finance_gate.TestOperationalEndpointsAllRoles" name="test_operational_endpoint_open[GET-/api/staff-reporting_authority]" time="0.100" /><testcase classname="backend.tests.test_iter23_finance_gate.TestOperationalEndpointsAllRoles" name="test_operational_endpoint_open[GET-/api/staff-center_partner]" time="0.050" /><testcase classname="backend.tests.test_iter23_finance_gate.TestOperationalEndpointsAllRoles" name="test_operational_endpoint_open[GET-/api/notifications-admin]" time="0.053" /><testcase classname="backend.tests.test_iter23_finance_gate.TestOperationalEndpointsAllRoles" name="test_operational_endpoint_open[GET-/api/notifications-partner]" time="0.046" /><testcase classname="backend.tests.test_iter23_finance_gate.TestOperationalEndpointsAllRoles" name="test_operational_endpoint_open[GET-/api/notifications-senior_manager]" time="0.046" /><testcase classname="backend.tests.test_iter23_finance_gate.TestOperationalEndpointsAllRoles" name="test_operational_endpoint_open[GET-/api/notifications-hr]" time="0.041" /><testcase classname="backend.tests.test_iter23_finance_gate.TestOperationalEndpointsAllRoles" name="test_operational_endpoint_open[GET-/api/notifications-accountant]" time="0.047" /><testcase classname="backend.tests.test_iter23_finance_gate.TestOperationalEndpointsAllRoles" name="test_operational_endpoint_open[GET-/api/notifications-manager]" time="0.049" /><testcase classname="backend.tests.test_iter23_finance_gate.TestOperationalEndpointsAllRoles" name="test_operational_endpoint_open[GET-/api/notifications-center_manager]" time="0.052" /><testcase classname="backend.tests.test_iter23_finance_gate.TestOperationalEndpointsAllRoles" name="test_operational_endpoint_open[GET-/api/notifications-center_staff]" time="0.044" /><testcase classname="backend.tests.test_iter23_finance_gate.TestOperationalEndpointsAllRoles" name="test_operational_endpoint_open[GET-/api/notifications-viewer]" time="0.052" /><testcase classname="backend.tests.test_iter23_finance_gate.TestOperationalEndpointsAllRoles" name="test_operational_endpoint_open[GET-/api/notifications-reporting_authority]" time="0.051" /><testcase classname="backend.tests.test_iter23_finance_gate.TestOperationalEndpointsAllRoles" name="test_operational_endpoint_open[GET-/api/notifications-center_partner]" time="0.046" /><testcase classname="backend.tests.test_iter23_finance_gate.TestOperationalEndpointsAllRoles" name="test_operational_endpoint_open[GET-/api/leaves-admin]" time="0.047" /><testcase classname="backend.tests.test_iter23_finance_gate.TestOperationalEndpointsAllRoles" name="test_operational_endpoint_open[GET-/api/leaves-partner]" time="0.052" /><testcase classname="backend.tests.test_iter23_finance_gate.TestOperationalEndpointsAllRoles" name="test_operational_endpoint_open[GET-/api/leaves-senior_manager]" time="0.055" /><testcase classname="backend.tests.test_iter23_finance_gate.TestOperationalEndpointsAllRoles" name="test_operational_endpoint_open[GET-/api/leaves-hr]" time="0.044" /><testcase classname="backend.tests.test_iter23_finance_gate.TestOperationalEndpointsAllRoles" name="test_operational_endpoint_open[GET-/api/leaves-accountant]" time="0.047" /><testcase classname="backend.tests.test_iter23_finance_gate.TestOperationalEndpointsAllRoles" name="test_operational_endpoint_open[GET-/api/leaves-manager]" time="0.050" /><testcase classname="backend.tests.test_iter23_finance_gate.TestOperationalEndpointsAllRoles" name="test_operational_endpoint_open[GET-/api/leaves-center_manager]" time="0.047" /><testcase classname="backend.tests.test_iter23_finance_gate.TestOperationalEndpointsAllRoles" name="test_operational_endpoint_open[GET-/api/leaves-center_staff]" time="0.048" /><testcase classname="backend.tests.test_iter23_finance_gate.TestOperationalEndpointsAllRoles" name="test_operational_endpoint_open[GET-/api/leaves-viewer]" time="0.054" /><testcase classname="backend.tests.test_iter23_finance_gate.TestOperationalEndpointsAllRoles" name="test_operational_endpoint_open[GET-/api/leaves-reporting_authority]" time="0.050" /><testcase classname="backend.tests.test_iter23_finance_gate.TestOperationalEndpointsAllRoles" name="test_operational_endpoint_open[GET-/api/leaves-center_partner]" time="0.043" /><testcase classname="backend.tests.test_iter23_finance_gate.TestOperationalEndpointsAllRoles" name="test_operational_endpoint_open[GET-/api/reimbursements-admin]" time="0.052" /><testcase classname="backend.tests.test_iter23_finance_gate.TestOperationalEndpointsAllRoles" name="test_operational_endpoint_open[GET-/api/reimbursements-partner]" time="0.047" /><testcase classname="backend.tests.test_iter23_finance_gate.TestOperationalEndpointsAllRoles" name="test_operational_endpoint_open[GET-/api/reimbursements-senior_manager]" time="0.046" /><testcase classname="backend.tests.test_iter23_finance_gate.TestOperationalEndpointsAllRoles" name="test_operational_endpoint_open[GET-/api/reimbursements-hr]" time="0.041" /><testcase classname="backend.tests.test_iter23_finance_gate.TestOperationalEndpointsAllRoles" name="test_operational_endpoint_open[GET-/api/reimbursements-accountant]" time="0.050" /><testcase classname="backend.tests.test_iter23_finance_gate.TestOperationalEndpointsAllRoles" name="test_operational_endpoint_open[GET-/api/reimbursements-manager]" time="0.053" /><testcase classname="backend.tests.test_iter23_finance_gate.TestOperationalEndpointsAllRoles" name="test_operational_endpoint_open[GET-/api/reimbursements-center_manager]" time="0.046" /><testcase classname="backend.tests.test_iter23_finance_gate.TestOperationalEndpointsAllRoles" name="test_operational_endpoint_open[GET-/api/reimbursements-center_staff]" time="0.042" /><testcase classname="backend.tests.test_iter23_finance_gate.TestOperationalEndpointsAllRoles" name="test_operational_endpoint_open[GET-/api/reimbursements-viewer]" time="0.051" /><testcase classname="backend.tests.test_iter23_finance_gate.TestOperationalEndpointsAllRoles" name="test_operational_endpoint_open[GET-/api/reimbursements-reporting_authority]" time="0.056" /><testcase classname="backend.tests.test_iter23_finance_gate.TestOperationalEndpointsAllRoles" name="test_operational_endpoint_open[GET-/api/reimbursements-center_partner]" time="0.046" /><testcase classname="backend.tests.test_iter23_finance_gate.TestOperationalEndpointsAllRoles" name="test_operational_endpoint_open[GET-/api/attendance-admin]" time="0.054" /><testcase classname="backend.tests.test_iter23_finance_gate.TestOperationalEndpointsAllRoles" name="test_operational_endpoint_open[GET-/api/attendance-partner]" time="0.048" /><testcase classname="backend.tests.test_iter23_finance_gate.TestOperationalEndpointsAllRoles" name="test_operational_endpoint_open[GET-/api/attendance-senior_manager]" time="0.050" /><testcase classname="backend.tests.test_iter23_finance_gate.TestOperationalEndpointsAllRoles" name="test_operational_endpoint_open[GET-/api/attendance-hr]" time="0.044" /><testcase classname="backend.tests.test_iter23_finance_gate.TestOperationalEndpointsAllRoles" name="test_operational_endpoint_open[GET-/api/attendance-accountant]" time="0.047" /><testcase classname="backend.tests.test_iter23_finance_gate.TestOperationalEndpointsAllRoles" name="test_operational_endpoint_open[GET-/api/attendance-manager]" time="0.051" /><testcase classname="backend.tests.test_iter23_finance_gate.TestOperationalEndpointsAllRoles" name="test_operational_endpoint_open[GET-/api/attendance-center_manager]" time="0.046" /><testcase classname="backend.tests.test_iter23_finance_gate.TestOperationalEndpointsAllRoles" name="test_operational_endpoint_open[GET-/api/attendance-center_staff]" time="0.048" /><testcase classname="backend.tests.test_iter23_finance_gate.TestOperationalEndpointsAllRoles" name="test_operational_endpoint_open[GET-/api/attendance-viewer]" time="0.054" /><testcase classname="backend.tests.test_iter23_finance_gate.TestOperationalEndpointsAllRoles" name="test_operational_endpoint_open[GET-/api/attendance-reporting_authority]" time="0.049" /><testcase classname="backend.tests.test_iter23_finance_gate.TestOperationalEndpointsAllRoles" name="test_operational_endpoint_open[GET-/api/attendance-center_partner]" time="0.046" /><testcase classname="backend.tests.test_iter23_finance_gate.TestOperationalEndpointsAllRoles" name="test_operational_endpoint_open[GET-/api/approvals/pending-admin]" time="0.049" /><testcase classname="backend.tests.test_iter23_finance_gate.TestOperationalEndpointsAllRoles" name="test_operational_endpoint_open[GET-/api/approvals/pending-partner]" time="0.067" /><testcase classname="backend.tests.test_iter23_finance_gate.TestOperationalEndpointsAllRoles" name="test_operational_endpoint_open[GET-/api/approvals/pending-senior_manager]" time="0.070" /><testcase classname="backend.tests.test_iter23_finance_gate.TestOperationalEndpointsAllRoles" name="test_operational_endpoint_open[GET-/api/approvals/pending-hr]" time="0.063" /><testcase classname="backend.tests.test_iter23_finance_gate.TestOperationalEndpointsAllRoles" name="test_operational_endpoint_open[GET-/api/approvals/pending-accountant]" time="0.069" /><testcase classname="backend.tests.test_iter23_finance_gate.TestOperationalEndpointsAllRoles" name="test_operational_endpoint_open[GET-/api/approvals/pending-manager]" time="0.074" /><testcase classname="backend.tests.test_iter23_finance_gate.TestOperationalEndpointsAllRoles" name="test_operational_endpoint_open[GET-/api/approvals/pending-center_manager]" time="0.067" /><testcase classname="backend.tests.test_iter23_finance_gate.TestOperationalEndpointsAllRoles" name="test_operational_endpoint_open[GET-/api/approvals/pending-center_staff]" time="0.071" /><testcase classname="backend.tests.test_iter23_finance_gate.TestOperationalEndpointsAllRoles" name="test_operational_endpoint_open[GET-/api/approvals/pending-viewer]" time="0.072" /><testcase classname="backend.tests.test_iter23_finance_gate.TestOperationalEndpointsAllRoles" name="test_operational_endpoint_open[GET-/api/approvals/pending-reporting_authority]" time="0.090" /><testcase classname="backend.tests.test_iter23_finance_gate.TestOperationalEndpointsAllRoles" name="test_operational_endpoint_open[GET-/api/approvals/pending-center_partner]" time="0.068" /><testcase classname="backend.tests.test_iter23_finance_gate.TestOperationalEndpointsAllRoles" name="test_operational_endpoint_open[GET-/api/assets-admin]" time="0.046" /><testcase classname="backend.tests.test_iter23_finance_gate.TestOperationalEndpointsAllRoles" name="test_operational_endpoint_open[GET-/api/assets-partner]" time="0.047" /><testcase classname="backend.tests.test_iter23_finance_gate.TestOperationalEndpointsAllRoles" name="test_operational_endpoint_open[GET-/api/assets-senior_manager]" time="0.048" /><testcase classname="backend.tests.test_iter23_finance_gate.TestOperationalEndpointsAllRoles" name="test_operational_endpoint_open[GET-/api/assets-hr]" time="0.045" /><testcase classname="backend.tests.test_iter23_finance_gate.TestOperationalEndpointsAllRoles" name="test_operational_endpoint_open[GET-/api/assets-accountant]" time="0.048" /><testcase classname="backend.tests.test_iter23_finance_gate.TestOperationalEndpointsAllRoles" name="test_operational_endpoint_open[GET-/api/assets-manager]" time="0.052" /><testcase classname="backend.tests.test_iter23_finance_gate.TestOperationalEndpointsAllRoles" name="test_operational_endpoint_open[GET-/api/assets-center_manager]" time="0.047" /><testcase classname="backend.tests.test_iter23_finance_gate.TestOperationalEndpointsAllRoles" name="test_operational_endpoint_open[GET-/api/assets-center_staff]" time="0.048" /><testcase classname="backend.tests.test_iter23_finance_gate.TestOperationalEndpointsAllRoles" name="test_operational_endpoint_open[GET-/api/assets-viewer]" time="0.053" /><testcase classname="backend.tests.test_iter23_finance_gate.TestOperationalEndpointsAllRoles" name="test_operational_endpoint_open[GET-/api/assets-reporting_authority]" time="0.071" /><testcase classname="backend.tests.test_iter23_finance_gate.TestOperationalEndpointsAllRoles" name="test_operational_endpoint_open[GET-/api/assets-center_partner]" time="0.047" /><testcase classname="backend.tests.test_iter23_finance_gate.TestOperationalEndpointsAllRoles" name="test_operational_endpoint_open[GET-/api/asset-purchase-requests-admin]" time="0.053" /><testcase classname="backend.tests.test_iter23_finance_gate.TestOperationalEndpointsAllRoles" name="test_operational_endpoint_open[GET-/api/asset-purchase-requests-partner]" time="0.048" /><testcase classname="backend.tests.test_iter23_finance_gate.TestOperationalEndpointsAllRoles" name="test_operational_endpoint_open[GET-/api/asset-purchase-requests-senior_manager]" time="0.045" /><testcase classname="backend.tests.test_iter23_finance_gate.TestOperationalEndpointsAllRoles" name="test_operational_endpoint_open[GET-/api/asset-purchase-requests-hr]" time="0.043" /><testcase classname="backend.tests.test_iter23_finance_gate.TestOperationalEndpointsAllRoles" name="test_operational_endpoint_open[GET-/api/asset-purchase-requests-accountant]" time="0.047" /><testcase classname="backend.tests.test_iter23_finance_gate.TestOperationalEndpointsAllRoles" name="test_operational_endpoint_open[GET-/api/asset-purchase-requests-manager]" time="0.053" /><testcase classname="backend.tests.test_iter23_finance_gate.TestOperationalEndpointsAllRoles" name="test_operational_endpoint_open[GET-/api/asset-purchase-requests-center_manager]" time="0.046" /><testcase classname="backend.tests.test_iter23_finance_gate.TestOperationalEndpointsAllRoles" name="test_operational_endpoint_open[GET-/api/asset-purchase-requests-center_staff]" time="0.043" /><testcase classname="backend.tests.test_iter23_finance_gate.TestOperationalEndpointsAllRoles" name="test_operational_endpoint_open[GET-/api/asset-purchase-requests-viewer]" time="0.058" /><testcase classname="backend.tests.test_iter23_finance_gate.TestOperationalEndpointsAllRoles" name="test_operational_endpoint_open[GET-/api/asset-purchase-requests-reporting_authority]" time="0.067" /><testcase classname="backend.tests.test_iter23_finance_gate.TestOperationalEndpointsAllRoles" name="test_operational_endpoint_open[GET-/api/asset-purchase-requests-center_partner]" time="0.046" /><testcase classname="backend.tests.test_iter23_finance_gate.TestOperationalEndpointsAllRoles" name="test_operational_endpoint_open[GET-/api/asset-transfers-admin]" time="0.070" /><testcase classname="backend.tests.test_iter23_finance_gate.TestOperationalEndpointsAllRoles" name="test_operational_endpoint_open[GET-/api/asset-transfers-partner]" time="0.046" /><testcase classname="backend.tests.test_iter23_finance_gate.TestOperationalEndpointsAllRoles" name="test_operational_endpoint_open[GET-/api/asset-transfers-senior_manager]" time="0.049" /><testcase classname="backend.tests.test_iter23_finance_gate.TestOperationalEndpointsAllRoles" name="test_operational_endpoint_open[GET-/api/asset-transfers-hr]" time="0.043" /><testcase classname="backend.tests.test_iter23_finance_gate.TestOperationalEndpointsAllRoles" name="test_operational_endpoint_open[GET-/api/asset-transfers-accountant]" time="0.047" /><testcase classname="backend.tests.test_iter23_finance_gate.TestOperationalEndpointsAllRoles" name="test_operational_endpoint_open[GET-/api/asset-transfers-manager]" time="0.051" /><testcase classname="backend.tests.test_iter23_finance_gate.TestOperationalEndpointsAllRoles" name="test_operational_endpoint_open[GET-/api/asset-transfers-center_manager]" time="0.046" /><testcase classname="backend.tests.test_iter23_finance_gate.TestOperationalEndpointsAllRoles" name="test_operational_endpoint_open[GET-/api/asset-transfers-center_staff]" time="0.046" /><testcase classname="backend.tests.test_iter23_finance_gate.TestOperationalEndpointsAllRoles" name="test_operational_endpoint_open[GET-/api/asset-transfers-viewer]" time="0.049" /><testcase classname="backend.tests.test_iter23_finance_gate.TestOperationalEndpointsAllRoles" name="test_operational_endpoint_open[GET-/api/asset-transfers-reporting_authority]" time="0.057" /><testcase classname="backend.tests.test_iter23_finance_gate.TestOperationalEndpointsAllRoles" name="test_operational_endpoint_open[GET-/api/asset-transfers-center_partner]" time="0.047" /><testcase classname="backend.tests.test_iter23_finance_gate.TestOperationalEndpointsAllRoles" name="test_operational_endpoint_open[GET-/api/employee-transfers-admin]" time="0.051" /><testcase classname="backend.tests.test_iter23_finance_gate.TestOperationalEndpointsAllRoles" name="test_operational_endpoint_open[GET-/api/employee-transfers-partner]" time="0.047" /><testcase classname="backend.tests.test_iter23_finance_gate.TestOperationalEndpointsAllRoles" name="test_operational_endpoint_open[GET-/api/employee-transfers-senior_manager]" time="0.046" /><testcase classname="backend.tests.test_iter23_finance_gate.TestOperationalEndpointsAllRoles" name="test_operational_endpoint_open[GET-/api/employee-transfers-hr]" time="0.044" /><testcase classname="backend.tests.test_iter23_finance_gate.TestOperationalEndpointsAllRoles" name="test_operational_endpoint_open[GET-/api/employee-transfers-accountant]" time="0.046" /><testcase classname="backend.tests.test_iter23_finance_gate.TestOperationalEndpointsAllRoles" name="test_operational_endpoint_open[GET-/api/employee-transfers-manager]" time="0.053" /><testcase classname="backend.tests.test_iter23_finance_gate.TestOperationalEndpointsAllRoles" name="test_operational_endpoint_open[GET-/api/employee-transfers-center_manager]" time="0.049" /><testcase classname="backend.tests.test_iter23_finance_gate.TestOperationalEndpointsAllRoles" name="test_operational_endpoint_open[GET-/api/employee-transfers-center_staff]" time="0.054" /><testcase classname="backend.tests.test_iter23_finance_gate.TestOperationalEndpointsAllRoles" name="test_operational_endpoint_open[GET-/api/employee-transfers-viewer]" time="0.051" /><testcase classname="backend.tests.test_iter23_finance_gate.TestOperationalEndpointsAllRoles" name="test_operational_endpoint_open[GET-/api/employee-transfers-reporting_authority]" time="0.050" /><testcase classname="backend.tests.test_iter23_finance_gate.TestOperationalEndpointsAllRoles" name="test_operational_endpoint_open[GET-/api/employee-transfers-center_partner]" time="0.045" /><testcase classname="backend.tests.test_iter23_finance_gate.TestRoleWidgetsAllRoles" name="test_role_widgets_200[admin]" time="0.049" /><testcase classname="backend.tests.test_iter23_finance_gate.TestRoleWidgetsAllRoles" name="test_role_widgets_200[partner]" time="0.047" /><testcase classname="backend.tests.test_iter23_finance_gate.TestRoleWidgetsAllRoles" name="test_role_widgets_200[senior_manager]" time="0.048" /><testcase classname="backend.tests.test_iter23_finance_gate.TestRoleWidgetsAllRoles" name="test_role_widgets_200[hr]" time="0.044" /><testcase classname="backend.tests.test_iter23_finance_gate.TestRoleWidgetsAllRoles" name="test_role_widgets_200[accountant]" time="0.050" /><testcase classname="backend.tests.test_iter23_finance_gate.TestRoleWidgetsAllRoles" name="test_role_widgets_200[manager]" time="0.057" /><testcase classname="backend.tests.test_iter23_finance_gate.TestRoleWidgetsAllRoles" name="test_role_widgets_200[center_manager]" time="0.050" /><testcase classname="backend.tests.test_iter23_finance_gate.TestRoleWidgetsAllRoles" name="test_role_widgets_200[center_staff]" time="0.064" /><testcase classname="backend.tests.test_iter23_finance_gate.TestRoleWidgetsAllRoles" name="test_role_widgets_200[viewer]" time="0.057" /><testcase classname="backend.tests.test_iter23_finance_gate.TestRoleWidgetsAllRoles" name="test_role_widgets_200[reporting_authority]" time="0.055" /><testcase classname="backend.tests.test_iter23_finance_gate.TestRoleWidgetsAllRoles" name="test_role_widgets_200[center_partner]" time="0.054" /><testcase classname="backend.tests.test_iter23_finance_gate.TestAdminRegression" name="test_dashboard_summary_admin" time="0.064" /><testcase classname="backend.tests.test_iter23_finance_gate.TestAdminRegression" name="test_approval_workflows_admin_no_500" time="0.136" /></testsuite></testsuites>