<?xml version="1.0" encoding="utf-8"?><testsuites name="pytest tests"><testsuite name="pytest" errors="0" failures="0" skipped="0" tests="19" time="8.771" timestamp="2026-07-29T18:10:55.225410+00:00" hostname="agent-env-c52df1ee-4b08-4517-89b7-9b2f31b16e89"><testcase classname="backend.tests.test_iter46_vendor_center_manager.TestVendorCreateAsCM" name="test_create_valid_scoped" time="1.900" /><testcase classname="backend.tests.test_iter46_vendor_center_manager.TestVendorCreateAsCM" name="test_create_empty_center_ids_auto_fills" time="0.072" /><testcase classname="backend.tests.test_iter46_vendor_center_manager.TestVendorCreateAsCM" name="test_create_strips_out_of_scope" time="0.070" /><testcase classname="backend.tests.test_iter46_vendor_center_manager.TestVendorCreateAsCM" name="test_create_cm_with_no_centers" time="1.033" /><testcase classname="backend.tests.test_iter46_vendor_center_manager.TestVendorCreateAsCM" name="test_create_as_center_staff_forbidden" time="1.008" /><testcase classname="backend.tests.test_iter46_vendor_center_manager.TestVendorUpdateAsCM" name="test_put_own_scoped" time="0.141" /><testcase classname="backend.tests.test_iter46_vendor_center_manager.TestVendorUpdateAsCM" name="test_put_hq_only_vendor_forbidden" time="0.166" /><testcase classname="backend.tests.test_iter46_vendor_center_manager.TestVendorUpdateAsCM" name="test_put_out_of_scope_forbidden" time="0.180" /><testcase classname="backend.tests.test_iter46_vendor_center_manager.TestVendorUpdateAsCM" name="test_put_mixed_preserves_out_of_scope" time="0.384" /><testcase classname="backend.tests.test_iter46_vendor_center_manager.TestVendorUpdateAsCM" name="test_put_removing_all_own_centers_fails" time="0.143" /><testcase classname="backend.tests.test_iter46_vendor_center_manager.TestVendorDelete" name="test_delete_cm_forbidden" time="0.179" /><testcase classname="backend.tests.test_iter46_vendor_center_manager.TestVendorDelete" name="test_delete_admin_ok" time="0.268" /><testcase classname="backend.tests.test_iter46_vendor_center_manager.TestVendorListing" name="test_cm_list_scope" time="0.345" /><testcase classname="backend.tests.test_iter46_vendor_center_manager.TestVendorListing" name="test_cm_get_out_of_scope_403" time="0.185" /><testcase classname="backend.tests.test_iter46_vendor_center_manager.TestVendorListing" name="test_cm_get_global_ok" time="0.178" /><testcase classname="backend.tests.test_iter46_vendor_center_manager.TestHQRegression" name="test_admin_create_and_center_ids_field" time="0.105" /><testcase classname="backend.tests.test_iter46_vendor_center_manager.TestHQRegression" name="test_admin_list_and_get" time="0.097" /><testcase classname="backend.tests.test_iter46_vendor_center_manager.TestHQRegression" name="test_legacy_global_backwards_compat" time="0.204" /><testcase classname="backend.tests.test_iter46_vendor_center_manager" name="test_cleanup_all" time="2.045" /></testsuite></testsuites>