<?xml version="1.0" encoding="utf-8"?><testsuites name="pytest tests"><testsuite name="pytest" errors="0" failures="1" skipped="0" tests="17" time="4.825" timestamp="2026-07-25T18:44:02.972162+00:00" hostname="agent-env-c52df1ee-4b08-4517-89b7-9b2f31b16e89"><testcase classname="backend.tests.test_iter37_phase_b_slips.TestSalarySlipTemplates" name="test_upload_template_global" time="1.027" /><testcase classname="backend.tests.test_iter37_phase_b_slips.TestSalarySlipTemplates" name="test_upload_deactivates_previous" time="0.362" /><testcase classname="backend.tests.test_iter37_phase_b_slips.TestSalarySlipTemplates" name="test_list_templates" time="0.047" /><testcase classname="backend.tests.test_iter37_phase_b_slips.TestSalarySlipTemplates" name="test_upload_rejects_non_docx" time="0.045" /><testcase classname="backend.tests.test_iter37_phase_b_slips.TestSalarySlipTemplates" name="test_delete_requires_admin" time="0.152" /><testcase classname="backend.tests.test_iter37_phase_b_slips.TestPayrollEmploymentWindow" name="test_seed_three_staff" time="0.175"><failure message="assert 405 == 200&#10; +  where 405 = &lt;Response [405]&gt;.status_code">backend/tests/test_iter37_phase_b_slips.py:125: in test_seed_three_staff
    assert r.status_code == 200
E   assert 405 == 200
E    +  where 405 = &lt;Response [405]&gt;.status_code</failure></testcase><testcase classname="backend.tests.test_iter37_phase_b_slips.TestPayrollEmploymentWindow" name="test_may_only_a_and_c" time="0.278" /><testcase classname="backend.tests.test_iter37_phase_b_slips.TestPayrollEmploymentWindow" name="test_june_all_three_and_b_prorated" time="0.294" /><testcase classname="backend.tests.test_iter37_phase_b_slips.TestPayrollEmploymentWindow" name="test_july_a_and_c_prorated" time="0.194" /><testcase classname="backend.tests.test_iter37_phase_b_slips.TestPayrollEmploymentWindow" name="test_august_only_a" time="0.267" /><testcase classname="backend.tests.test_iter37_phase_b_slips.TestSlipLifecycle" name="test_pick_a_payroll_row" time="0.057" /><testcase classname="backend.tests.test_iter37_phase_b_slips.TestSlipLifecycle" name="test_generate_slip" time="1.426" /><testcase classname="backend.tests.test_iter37_phase_b_slips.TestSlipLifecycle" name="test_download_pre_release_admin_ok" time="0.155" /><testcase classname="backend.tests.test_iter37_phase_b_slips.TestSlipLifecycle" name="test_release_slip" time="0.095" /><testcase classname="backend.tests.test_iter37_phase_b_slips.TestSlipLifecycle" name="test_unrelease_slip" time="0.043" /><testcase classname="backend.tests.test_iter37_phase_b_slips.TestListsPaginationSearch" name="test_staff_search_and_pagination" time="0.043" /><testcase classname="backend.tests.test_iter37_phase_b_slips.TestListsPaginationSearch" name="test_payroll_search_and_status" time="0.047" /></testsuite></testsuites>