<?xml version="1.0" encoding="utf-8"?><testsuites name="pytest tests"><testsuite name="pytest" errors="0" failures="0" skipped="0" tests="13" time="2.308" timestamp="2026-06-28T11:44:33.792983+00:00" hostname="agent-env-c52df1ee-4b08-4517-89b7-9b2f31b16e89"><testcase classname="backend.tests.test_iter26_regularisation_chain.TestDefaultChainSeeding" name="test_regularisation_default_chain_exists" time="0.396" /><testcase classname="backend.tests.test_iter26_regularisation_chain.TestDefaultChainSeeding" name="test_other_default_chains_still_present[leave]" time="0.049" /><testcase classname="backend.tests.test_iter26_regularisation_chain.TestDefaultChainSeeding" name="test_other_default_chains_still_present[reimbursement]" time="0.049" /><testcase classname="backend.tests.test_iter26_regularisation_chain.TestDefaultChainSeeding" name="test_other_default_chains_still_present[transaction]" time="0.046" /><testcase classname="backend.tests.test_iter26_regularisation_chain.TestDefaultChainSeeding" name="test_other_default_chains_still_present[asset_purchase]" time="0.048" /><testcase classname="backend.tests.test_iter26_regularisation_chain.TestDefaultChainSeeding" name="test_other_default_chains_still_present[employee_transfer]" time="0.046" /><testcase classname="backend.tests.test_iter26_regularisation_chain.TestRegularisationSubmission" name="test_submit_regularisation_attaches_chain" time="0.758" /><testcase classname="backend.tests.test_iter26_regularisation_chain.TestRegularisationSubmission" name="test_pending_approvals_includes_regularisation" time="0.054" /><testcase classname="backend.tests.test_iter26_regularisation_chain.TestRegularisationFinalApprove" name="test_final_approve_creates_attendance_and_marks_approved" time="0.149" /><testcase classname="backend.tests.test_iter26_regularisation_chain.TestLegacyPatchRegularisation" name="test_legacy_patch_still_works_for_old_doc" time="0.146" /><testcase classname="backend.tests.test_iter26_regularisation_chain.TestRegularisationChainCRUD" name="test_create_update_regularisation_chain" time="0.097" /><testcase classname="backend.tests.test_iter26_regularisation_chain.TestLeaveBalanceDeduction" name="test_leave_with_type_deducts_on_final_approve" time="0.337" /><testcase classname="backend.tests.test_iter26_regularisation_chain.TestLeaveBalanceDeduction" name="test_leave_without_type_id_rejected_or_no_balance_impact" time="0.044" /></testsuite></testsuites>