<?xml version="1.0" encoding="utf-8"?><testsuites name="pytest tests"><testsuite name="pytest" errors="0" failures="0" skipped="0" tests="10" time="5.310" timestamp="2026-07-28T12:31:18.124928+00:00" hostname="agent-env-c52df1ee-4b08-4517-89b7-9b2f31b16e89"><testcase classname="backend.tests.test_iter40_voucher_overdue.TestVoucherAutoGeneration" name="test_final_approval_creates_voucher" time="1.571" /><testcase classname="backend.tests.test_iter40_voucher_overdue.TestVoucherDownload" name="test_download_paid_returns_pdf" time="0.301" /><testcase classname="backend.tests.test_iter40_voucher_overdue.TestVoucherDownload" name="test_download_non_paid_400" time="0.311" /><testcase classname="backend.tests.test_iter40_voucher_overdue.TestVoucherDownload" name="test_lazy_generation_for_legacy_paid" time="0.754" /><testcase classname="backend.tests.test_iter40_voucher_overdue.TestVoucherEmail" name="test_email_paid_success" time="0.491" /><testcase classname="backend.tests.test_iter40_voucher_overdue.TestVoucherEmail" name="test_email_non_paid_400" time="0.369" /><testcase classname="backend.tests.test_iter40_voucher_overdue.TestVoucherList" name="test_list_has_total_count" time="0.051" /><testcase classname="backend.tests.test_iter40_voucher_overdue.TestVoucherList" name="test_list_q_search" time="0.052" /><testcase classname="backend.tests.test_iter40_voucher_overdue.TestOverdueAdvances" name="test_overdue_flow" time="1.163" /><testcase classname="backend.tests.test_iter40_voucher_overdue.TestTransactionsListingFix" name="test_get_transactions_200" time="0.185" /></testsuite></testsuites>