<?xml version="1.0" encoding="utf-8"?><testsuites name="pytest tests"><testsuite name="pytest" errors="0" failures="0" skipped="0" tests="9" time="4.689" timestamp="2026-07-01T05:09:07.028285+00:00" hostname="agent-env-c52df1ee-4b08-4517-89b7-9b2f31b16e89"><testcase classname="backend.tests.test_iter31_auto_derive_company_partner.TestAutoDeriveOnCreateTxn" name="test_bare_txn_derives_company_from_center_field" time="0.978" /><testcase classname="backend.tests.test_iter31_auto_derive_company_partner.TestAutoDeriveOnCreateTxn" name="test_with_batch_derives_both_company_and_partner" time="0.130" /><testcase classname="backend.tests.test_iter31_auto_derive_company_partner.TestAutoDeriveOnCreateTxn" name="test_caller_provided_values_not_overwritten" time="0.081" /><testcase classname="backend.tests.test_iter31_auto_derive_company_partner.TestAutoDeriveOnCreateTxn" name="test_isolated_center_no_crash_returns_none" time="0.084" /><testcase classname="backend.tests.test_iter31_auto_derive_company_partner.TestReimbursementFlow" name="test_reimb_pay_creates_txn_with_company_and_partner" time="0.284" /><testcase classname="backend.tests.test_iter31_auto_derive_company_partner.TestPayrollFlow" name="test_payroll_pay_creates_txn_with_company_and_partner" time="0.393" /><testcase classname="backend.tests.test_iter31_auto_derive_company_partner.TestAssetPurchaseFlow" name="test_asset_purchase_txn_carries_company_and_partner" time="0.775" /><testcase classname="backend.tests.test_iter31_auto_derive_company_partner.TestBackfillEndpoint" name="test_backfill_admin_response_shape_and_updated_count" time="0.437" /><testcase classname="backend.tests.test_iter31_auto_derive_company_partner.TestBackfillEndpoint" name="test_backfill_forbidden_for_non_admin" time="1.448" /></testsuite></testsuites>