<?xml version="1.0" encoding="utf-8"?><testsuites name="pytest tests"><testsuite name="pytest" errors="0" failures="0" skipped="0" tests="16" time="5.833" timestamp="2026-06-29T18:55:54.075229+00:00" hostname="agent-env-c52df1ee-4b08-4517-89b7-9b2f31b16e89"><testcase classname="backend.tests.test_iter29_settlement_record.TestRecordSettlement" name="test_record_success" time="0.801" /><testcase classname="backend.tests.test_iter29_settlement_record.TestRecordSettlement" name="test_same_partner_400" time="0.091" /><testcase classname="backend.tests.test_iter29_settlement_record.TestRecordSettlement" name="test_missing_center_404" time="0.097" /><testcase classname="backend.tests.test_iter29_settlement_record.TestRecordSettlement" name="test_missing_partner_404" time="0.091" /><testcase classname="backend.tests.test_iter29_settlement_record.TestSettlementCutoff" name="test_cutoff_after_record" time="0.212" /><testcase classname="backend.tests.test_iter29_settlement_record.TestSettlementCutoff" name="test_far_future_cutoff_resets_to_zero" time="0.210" /><testcase classname="backend.tests.test_iter29_settlement_record.TestSettlementHistory" name="test_history_desc_order" time="0.396" /><testcase classname="backend.tests.test_iter29_settlement_record.TestDeleteSettlement" name="test_delete_removes_cutoff" time="0.252" /><testcase classname="backend.tests.test_iter29_settlement_record.TestDeleteSettlement" name="test_delete_404_for_unknown" time="0.053" /><testcase classname="backend.tests.test_iter29_settlement_record.TestPermissions" name="test_get_settlement_forbidden[viewer]" time="2.297" /><testcase classname="backend.tests.test_iter29_settlement_record.TestPermissions" name="test_get_settlement_forbidden[center_manager]" time="0.047" /><testcase classname="backend.tests.test_iter29_settlement_record.TestPermissions" name="test_get_settlement_forbidden[center_staff]" time="0.042" /><testcase classname="backend.tests.test_iter29_settlement_record.TestPermissions" name="test_post_record_forbidden[viewer]" time="0.053" /><testcase classname="backend.tests.test_iter29_settlement_record.TestPermissions" name="test_post_record_forbidden[center_manager]" time="0.047" /><testcase classname="backend.tests.test_iter29_settlement_record.TestPermissions" name="test_post_record_forbidden[center_staff]" time="0.065" /><testcase classname="backend.tests.test_iter29_settlement_record.TestPermissions" name="test_delete_forbidden_for_partner" time="1.018" /></testsuite></testsuites>