<?xml version="1.0" encoding="utf-8"?><testsuites name="pytest tests"><testsuite name="pytest" errors="0" failures="0" skipped="0" tests="18" time="3.110" timestamp="2026-07-29T04:54:28.960896+00:00" hostname="agent-env-c52df1ee-4b08-4517-89b7-9b2f31b16e89"><testcase classname="backend.tests.test_iter42_settlement_payroll.TestSettleAuth" name="test_403_for_non_finance_user" time="1.156" /><testcase classname="backend.tests.test_iter42_settlement_payroll.TestSettleAuth" name="test_401_for_anon" time="0.135" /><testcase classname="backend.tests.test_iter42_settlement_payroll.TestSettleValidation" name="test_404_unknown_advance" time="0.055" /><testcase classname="backend.tests.test_iter42_settlement_payroll.TestSettleValidation" name="test_400_amount_greater_than_balance" time="0.051" /><testcase classname="backend.tests.test_iter42_settlement_payroll.TestSettleValidation" name="test_400_zero_amount_rejected_by_pydantic" time="0.051" /><testcase classname="backend.tests.test_iter42_settlement_payroll.TestSettleCashRepayment" name="test_cash_repayment_flow" time="0.237" /><testcase classname="backend.tests.test_iter42_settlement_payroll.TestSettleWriteOff" name="test_write_off_creates_expense_txn" time="0.121" /><testcase classname="backend.tests.test_iter42_settlement_payroll.TestSettleManualAdjustment" name="test_manual_no_txn_but_balance_reduces" time="0.052" /><testcase classname="backend.tests.test_iter42_settlement_payroll.TestSettleSalaryDeduction" name="test_salary_deduction_schedules_amount" time="0.054" /><testcase classname="backend.tests.test_iter42_settlement_payroll.TestStaffOpenAdvances" name="test_returns_list_for_admin" time="0.055" /><testcase classname="backend.tests.test_iter42_settlement_payroll.TestStaffOpenAdvances" name="test_403_for_staff_user" time="0.048" /><testcase classname="backend.tests.test_iter42_settlement_payroll.TestPayrollAutoDeduction" name="test_payroll_run_prefills_advance_deduction" time="0.515" /><testcase classname="backend.tests.test_iter42_settlement_payroll.TestPayrollAutoDeduction" name="test_payroll_pay_reduces_advance" time="0.153" /><testcase classname="backend.tests.test_iter42_settlement_payroll.TestPayrollAutoDeduction" name="test_pending_salary_deduction_cleared" time="0.050" /><testcase classname="backend.tests.test_iter42_settlement_payroll.TestRegression" name="test_transactions_list" time="0.069" /><testcase classname="backend.tests.test_iter42_settlement_payroll.TestRegression" name="test_advance_requests_list" time="0.059" /><testcase classname="backend.tests.test_iter42_settlement_payroll.TestRegression" name="test_payroll_field_advance_is_number" time="0.103" /><testcase classname="backend.tests.test_iter42_settlement_payroll.TestRegression" name="test_reroute_pending_still_works" time="0.053" /></testsuite></testsuites>