<?xml version="1.0" encoding="utf-8"?><testsuites name="pytest tests"><testsuite name="pytest" errors="0" failures="0" skipped="0" tests="23" time="4.534" timestamp="2026-06-28T05:23:55.853805+00:00" hostname="agent-env-c52df1ee-4b08-4517-89b7-9b2f31b16e89"><testcase classname="backend.tests.test_iter24_leave_allocation.TestApprovalChainStaffUserResolution" name="test_chain_rejects_orphan_staff_step" time="0.476" /><testcase classname="backend.tests.test_iter24_leave_allocation.TestApprovalChainStaffUserResolution" name="test_chain_autoheal_via_email_fallback" time="0.780" /><testcase classname="backend.tests.test_iter24_leave_allocation.TestApprovalChainStaffUserResolution" name="test_chain_with_user_kind_routes_correctly" time="0.256" /><testcase classname="backend.tests.test_iter24_leave_allocation.TestApprovalChainStaffUserResolution" name="test_put_chain_rejects_orphan_staff" time="0.089" /><testcase classname="backend.tests.test_iter24_leave_allocation.TestLeaveTypes" name="test_get_leave_types_lazy_seeds_defaults" time="0.045" /><testcase classname="backend.tests.test_iter24_leave_allocation.TestLeaveTypes" name="test_create_leave_type_then_duplicate_rejected" time="0.092" /><testcase classname="backend.tests.test_iter24_leave_allocation.TestLeaveTypes" name="test_update_leave_type" time="0.711" /><testcase classname="backend.tests.test_iter24_leave_allocation.TestLeaveTypes" name="test_delete_leave_type_blocked_when_balances_exist" time="0.139" /><testcase classname="backend.tests.test_iter24_leave_allocation.TestLeaveTypes" name="test_delete_unused_leave_type_succeeds" time="0.088" /><testcase classname="backend.tests.test_iter24_leave_allocation.TestLeaveAllocation" name="test_allocate_to_specific_staff_set_mode" time="0.138" /><testcase classname="backend.tests.test_iter24_leave_allocation.TestLeaveAllocation" name="test_allocate_add_mode_increments" time="0.091" /><testcase classname="backend.tests.test_iter24_leave_allocation.TestLeaveAllocation" name="test_allocate_no_matching_staff_400" time="0.043" /><testcase classname="backend.tests.test_iter24_leave_allocation.TestLeaveAllocation" name="test_get_balances_my" time="0.044" /><testcase classname="backend.tests.test_iter24_leave_allocation.TestLeaveAllocation" name="test_patch_balance_adjust_with_negative_delta_clamps" time="0.135" /><testcase classname="backend.tests.test_iter24_leave_allocation.TestLeaveDeductionOnApprove" name="test_3_day_leave_deducts_3" time="0.231" /><testcase classname="backend.tests.test_iter24_leave_allocation.TestLeaveDeductionOnApprove" name="test_leave_without_leave_type_id_doesnt_crash" time="0.092" /><testcase classname="backend.tests.test_iter24_leave_allocation.TestRegression" name="test_auth_users_200" time="0.050" /><testcase classname="backend.tests.test_iter24_leave_allocation.TestRegression" name="test_dashboard_summary_200" time="0.064" /><testcase classname="backend.tests.test_iter24_leave_allocation.TestRegression" name="test_transactions_200" time="0.080" /><testcase classname="backend.tests.test_iter24_leave_allocation.TestRegression" name="test_default_chains_present" time="0.043" /><testcase classname="backend.tests.test_iter24_leave_allocation.TestRegression" name="test_login_history_admin_200" time="0.045" /><testcase classname="backend.tests.test_iter24_leave_allocation.TestRegression" name="test_role_widgets_admin_200" time="0.042" /><testcase classname="backend.tests.test_iter24_leave_allocation.TestRegression" name="test_center_staff_finance_gate_still_403" time="0.659" /></testsuite></testsuites>