<?xml version="1.0" encoding="utf-8"?><testsuites name="pytest tests"><testsuite name="pytest" errors="0" failures="0" skipped="0" tests="10" time="7.385" timestamp="2026-06-30T07:39:54.406049+00:00" hostname="agent-env-c52df1ee-4b08-4517-89b7-9b2f31b16e89"><testcase classname="backend.tests.test_iter30_partner_center_routing.TestResolveStepIsolation" name="test_pending_txn_visible_to_PA_only" time="4.458" /><testcase classname="backend.tests.test_iter30_partner_center_routing.TestResolveStepIsolation" name="test_PB_act_on_C1_txn_403" time="0.131" /><testcase classname="backend.tests.test_iter30_partner_center_routing.TestResolveStepIsolation" name="test_PA_can_approve_C1_txn" time="0.126" /><testcase classname="backend.tests.test_iter30_partner_center_routing.TestCenterPartnerRole" name="test_center_partner_value_filters_by_center" time="1.240" /><testcase classname="backend.tests.test_iter30_partner_center_routing.TestCrossApproveGate" name="test_PB_with_fake_C1_history_still_blocked" time="0.316" /><testcase classname="backend.tests.test_iter30_partner_center_routing.TestNotificationFanout" name="test_only_center_mapped_partners_notified" time="0.052" /><testcase classname="backend.tests.test_iter30_partner_center_routing.TestAssetPurchaseIsolation" name="test_asset_purchase_isolation" time="0.245" /><testcase classname="backend.tests.test_iter30_partner_center_routing.TestEmptyAssignedCenters" name="test_empty_partner_sees_nothing_iter30_centered" time="0.163" /><testcase classname="backend.tests.test_iter30_partner_center_routing.TestNoCenterFallback" name="test_uncentered_txn_visible_to_both_partners" time="0.333" /><testcase classname="backend.tests.test_iter30_partner_center_routing.TestNonPartnerRolesGlobal" name="test_hr_sees_C2_txn_with_no_assigned_centers" time="0.257" /></testsuite></testsuites>