<?xml version="1.0" encoding="utf-8"?><testsuites name="pytest tests"><testsuite name="pytest" errors="0" failures="0" skipped="0" tests="26" time="5.363" timestamp="2026-06-28T17:34:35.893600+00:00" hostname="agent-env-c52df1ee-4b08-4517-89b7-9b2f31b16e89"><testcase classname="backend.tests.test_iter27_partner_center_scope.TestPartnerCentersEndpoint" name="test_partner_X_returns_centers_A_and_B" time="3.665" /><testcase classname="backend.tests.test_iter27_partner_center_scope.TestPartnerCentersEndpoint" name="test_partner_Z_returns_only_center_B" time="0.105" /><testcase classname="backend.tests.test_iter27_partner_center_scope.TestPartnerCentersEndpoint" name="test_partner_Y_returns_A_and_C" time="0.088" /><testcase classname="backend.tests.test_iter27_partner_center_scope.TestPartnerCentersEndpoint" name="test_partner_NONE_returns_empty" time="0.050" /><testcase classname="backend.tests.test_iter27_partner_center_scope.TestPartnerCentersEndpoint" name="test_partner_user_role_403_on_endpoint" time="0.055" /><testcase classname="backend.tests.test_iter27_partner_center_scope.TestDashboardIsolation" name="test_u_x_dashboard_only_A_and_B" time="0.069" /><testcase classname="backend.tests.test_iter27_partner_center_scope.TestDashboardIsolation" name="test_u_z_dashboard_only_B" time="0.059" /><testcase classname="backend.tests.test_iter27_partner_center_scope.TestDashboardIsolation" name="test_u_none_dashboard_empty" time="0.052" /><testcase classname="backend.tests.test_iter27_partner_center_scope.TestTransactionsIsolation" name="test_u_x_sees_A_and_B_txns_incl_copartner" time="0.052" /><testcase classname="backend.tests.test_iter27_partner_center_scope.TestTransactionsIsolation" name="test_u_z_sees_only_B_txns" time="0.055" /><testcase classname="backend.tests.test_iter27_partner_center_scope.TestTransactionsIsolation" name="test_u_none_sees_no_txns" time="0.050" /><testcase classname="backend.tests.test_iter27_partner_center_scope.TestSettlementIsolation" name="test_u_x_settlement_has_A_and_B" time="0.054" /><testcase classname="backend.tests.test_iter27_partner_center_scope.TestSettlementIsolation" name="test_u_z_settlement_only_B" time="0.047" /><testcase classname="backend.tests.test_iter27_partner_center_scope.TestBatchesIsolation" name="test_u_x_batches_A_and_B" time="0.054" /><testcase classname="backend.tests.test_iter27_partner_center_scope.TestBatchesIsolation" name="test_u_z_batches_only_B" time="0.046" /><testcase classname="backend.tests.test_iter27_partner_center_scope.TestBatchesIsolation" name="test_u_none_batches_empty" time="0.047" /><testcase classname="backend.tests.test_iter27_partner_center_scope.TestBatchesIsolation" name="test_u_x_batch_payments_no_leak" time="0.051" /><testcase classname="backend.tests.test_iter27_partner_center_scope.TestBatchesIsolation" name="test_u_none_batch_payments_empty" time="0.048" /><testcase classname="backend.tests.test_iter27_partner_center_scope.TestMilestoneAndFoodingScope" name="test_u_x_milestone_income" time="0.052" /><testcase classname="backend.tests.test_iter27_partner_center_scope.TestMilestoneAndFoodingScope" name="test_u_none_milestone_income_no_leak" time="0.047" /><testcase classname="backend.tests.test_iter27_partner_center_scope.TestMilestoneAndFoodingScope" name="test_u_x_fooding_income" time="0.053" /><testcase classname="backend.tests.test_iter27_partner_center_scope.TestAdminRegression" name="test_admin_sees_all_txns" time="0.104" /><testcase classname="backend.tests.test_iter27_partner_center_scope.TestAdminRegression" name="test_admin_sees_all_batches" time="0.050" /><testcase classname="backend.tests.test_iter27_partner_center_scope.TestAdminRegression" name="test_admin_partners_centers_endpoint_ok" time="0.041" /><testcase classname="backend.tests.test_iter27_partner_center_scope.TestIter26Regression" name="test_me_summary_still_returns_leave_balances" time="0.085" /><testcase classname="backend.tests.test_iter27_partner_center_scope.TestIter26Regression" name="test_regularisation_default_chain_still_present" time="0.176" /></testsuite></testsuites>