<?xml version="1.0" encoding="utf-8"?><testsuites name="pytest tests"><testsuite name="pytest" errors="0" failures="0" skipped="0" tests="21" time="4.975" timestamp="2026-06-27T16:51:47.269806+00:00" hostname="agent-env-c52df1ee-4b08-4517-89b7-9b2f31b16e89"><testcase classname="backend.tests.test_iter22_asset_employee_workflows.TestAssetPurchaseChain" name="test_create_asset_purchase_request" time="1.001" /><testcase classname="backend.tests.test_iter22_asset_employee_workflows.TestAssetPurchaseChain" name="test_listed_in_asset_purchase_requests" time="0.046" /><testcase classname="backend.tests.test_iter22_asset_employee_workflows.TestAssetPurchaseChain" name="test_listed_in_approvals_pending_with_amount" time="0.050" /><testcase classname="backend.tests.test_iter22_asset_employee_workflows.TestAssetPurchaseChain" name="test_advance_through_4_levels_creates_asset_and_txn" time="0.404" /><testcase classname="backend.tests.test_iter22_asset_employee_workflows.TestAssetPurchaseRejection" name="test_reject_at_level_1" time="0.191" /><testcase classname="backend.tests.test_iter22_asset_employee_workflows.TestAssetCRUD" name="test_admin_creates_legacy_asset" time="0.045" /><testcase classname="backend.tests.test_iter22_asset_employee_workflows.TestAssetCRUD" name="test_patch_asset" time="0.047" /><testcase classname="backend.tests.test_iter22_asset_employee_workflows.TestAssetCRUD" name="test_delete_asset" time="0.102" /><testcase classname="backend.tests.test_iter22_asset_employee_workflows.TestAssetTransfer" name="test_setup_asset" time="0.048" /><testcase classname="backend.tests.test_iter22_asset_employee_workflows.TestAssetTransfer" name="test_create_transfer_then_reject_keeps_asset" time="0.602" /><testcase classname="backend.tests.test_iter22_asset_employee_workflows.TestAssetTransfer" name="test_create_transfer_then_approve_moves_asset" time="0.152" /><testcase classname="backend.tests.test_iter22_asset_employee_workflows.TestEmployeeTransfer" name="test_create_employee_transfer" time="0.115" /><testcase classname="backend.tests.test_iter22_asset_employee_workflows.TestEmployeeTransfer" name="test_pending_approvals_shows_employee_transfer" time="0.046" /><testcase classname="backend.tests.test_iter22_asset_employee_workflows.TestEmployeeTransfer" name="test_full_3_level_approve_updates_staff_center" time="0.302" /><testcase classname="backend.tests.test_iter22_asset_employee_workflows.TestEmployeeTransferRejectAndDelete" name="test_reject_keeps_staff" time="0.252" /><testcase classname="backend.tests.test_iter22_asset_employee_workflows.TestEmployeeTransferRejectAndDelete" name="test_delete_pending_employee_transfer" time="0.573" /><testcase classname="backend.tests.test_iter22_asset_employee_workflows.TestPermissionGating" name="test_center_staff_cannot_raise_asset_purchase" time="0.701" /><testcase classname="backend.tests.test_iter22_asset_employee_workflows.TestRegression" name="test_login_history_records" time="0.048" /><testcase classname="backend.tests.test_iter22_asset_employee_workflows.TestRegression" name="test_role_widgets_admin" time="0.048" /><testcase classname="backend.tests.test_iter22_asset_employee_workflows.TestRegression" name="test_transaction_chain_still_works" time="0.050" /><testcase classname="backend.tests.test_iter22_asset_employee_workflows.TestRegression" name="test_pending_approvals_endpoint_responds" time="0.048" /></testsuite></testsuites>