<?xml version="1.0" encoding="utf-8"?><testsuites name="pytest tests"><testsuite name="pytest" errors="0" failures="0" skipped="0" tests="7" time="2.210" timestamp="2026-06-21T12:48:43.628531+00:00" hostname="agent-env-c52df1ee-4b08-4517-89b7-9b2f31b16e89"><testcase classname="backend.tests.test_finance_settlement.TestAuth" name="test_settlement_requires_auth" time="0.184" /><testcase classname="backend.tests.test_finance_settlement.TestSettlementMath" name="test_admin_with_center_id" time="1.277" /><testcase classname="backend.tests.test_finance_settlement.TestSettlementMath" name="test_pending_excluded" time="0.044" /><testcase classname="backend.tests.test_finance_settlement.TestPartnerScope" name="test_partner_sees_only_their_centers" time="0.472" /><testcase classname="backend.tests.test_finance_settlement.TestAdminGlobal" name="test_admin_no_filter_includes_partner_centers" time="0.062" /><testcase classname="backend.tests.test_finance_settlement.TestAdminGlobal" name="test_date_filter_excludes_out_of_range" time="0.044" /><testcase classname="backend.tests.test_finance_settlement.TestAdminGlobal" name="test_date_filter_includes_in_range" time="0.050" /></testsuite></testsuites>