<?xml version="1.0" encoding="utf-8"?><testsuites name="pytest tests"><testsuite name="pytest" errors="0" failures="3" skipped="1" tests="74" time="12.709" timestamp="2026-06-26T07:40:33.857229+00:00" hostname="agent-env-c52df1ee-4b08-4517-89b7-9b2f31b16e89"><testcase classname="backend.tests.test_iter15_job_roles_tds.TestBatchJobRolesPersistence" name="test_create_batch_with_job_roles_persists" time="0.556" /><testcase classname="backend.tests.test_iter15_job_roles_tds.TestBatchJobRolesPersistence" name="test_update_batch_job_roles" time="0.116" /><testcase classname="backend.tests.test_iter15_job_roles_tds.TestBatchJobRolesPersistence" name="test_backfill_batch_without_job_roles_loads" time="0.092" /><testcase classname="backend.tests.test_iter15_job_roles_tds.TestComputeFirstMilestone" name="test_compute_spec_example_exact" time="0.089" /><testcase classname="backend.tests.test_iter15_job_roles_tds.TestComputeFirstMilestone" name="test_compute_with_zero_candidates_row" time="0.088" /><testcase classname="backend.tests.test_iter15_job_roles_tds.TestComputeFirstMilestone" name="test_compute_empty_job_roles_returns_zeros" time="0.099" /><testcase classname="backend.tests.test_iter15_job_roles_tds.TestBatchPaymentUniformPersistence" name="test_create_batch_payment_persists_uniform" time="0.089" /><testcase classname="backend.tests.test_iter15_job_roles_tds.TestBatchPaymentUniformPersistence" name="test_get_batch_payments_returns_uniform" time="0.044" /><testcase classname="backend.tests.test_iter15_job_roles_tds.TestReceiveWithTDS" name="test_invalid_tds_percent_422" time="0.160" /><testcase classname="backend.tests.test_iter15_job_roles_tds.TestReceiveWithTDS" name="test_receive_no_tds_default_body" time="0.238" /><testcase classname="backend.tests.test_iter15_job_roles_tds.TestReceiveWithTDS" name="test_receive_tds_2_pct_spec_math" time="0.524" /><testcase classname="backend.tests.test_iter15_job_roles_tds.TestReceiveWithTDS" name="test_receive_tds_10_pct_no_uniform" time="0.132" /><testcase classname="backend.tests.test_iter15_job_roles_tds.TestReceiveWithTDS" name="test_receive_already_received_400" time="0.044" /><testcase classname="backend.tests.test_iter16_milestone_recovery" name="test_batch_persists_passed_placed" time="0.520" /><testcase classname="backend.tests.test_iter16_milestone_recovery" name="test_compute_milestones_canonical_example" time="0.091" /><testcase classname="backend.tests.test_iter16_milestone_recovery" name="test_compute_milestones_zero_candidates" time="0.086" /><testcase classname="backend.tests.test_iter16_milestone_recovery" name="test_compute_passed_equals_total_no_recovery" time="0.129" /><testcase classname="backend.tests.test_iter16_milestone_recovery" name="test_compute_passed_zero_full_recovery" time="0.092" /><testcase classname="backend.tests.test_iter16_milestone_recovery" name="test_compute_passed_over_total_clamped" time="0.092" /><testcase classname="backend.tests.test_iter16_milestone_recovery" name="test_negative_inputs_rejected" time="0.043" /><testcase classname="backend.tests.test_iter16_milestone_recovery" name="test_compute_1st_milestone_legacy" time="0.091" /><testcase classname="backend.tests.test_iter16_milestone_recovery" name="test_batch_payment_persists_recovery" time="0.093" /><testcase classname="backend.tests.test_iter16_milestone_recovery" name="test_receive_creates_recovery_and_tds_txns" time="0.264" /><testcase classname="backend.tests.test_iter16_milestone_recovery" name="test_receive_no_recovery_skips_recovery_txn" time="0.176" /><testcase classname="backend.tests.test_iter17_tds_register.TestQuarterBounds" name="test_quarter_bounds_2026_27_Q1" time="0.365" /><testcase classname="backend.tests.test_iter17_tds_register.TestQuarterBounds" name="test_quarter_bounds_2026_27_Q4" time="0.047" /><testcase classname="backend.tests.test_iter17_tds_register.TestQuarterBounds" name="test_quarter_all_full_fy" time="0.047" /><testcase classname="backend.tests.test_iter17_tds_register.TestValidation" name="test_bad_fy_format" time="0.044" /><testcase classname="backend.tests.test_iter17_tds_register.TestValidation" name="test_bad_quarter" time="0.043" /><testcase classname="backend.tests.test_iter17_tds_register.TestMathAndFilter" name="test_canonical_math_2027_28" time="0.258" /><testcase classname="backend.tests.test_iter17_tds_register.TestMathAndFilter" name="test_project_filter_narrows" time="0.045" /><testcase classname="backend.tests.test_iter17_tds_register.TestMathAndFilter" name="test_quarter_q1_only_2027_28" time="0.046" /><testcase classname="backend.tests.test_iter17_tds_register.TestMathAndFilter" name="test_quarter_q4_jan_mar_next_year" time="0.050" /><testcase classname="backend.tests.test_iter17_tds_register.TestMathAndFilter" name="test_other_fy_excludes_seed" time="0.045" /><testcase classname="backend.tests.test_iter17_tds_register.TestCsv" name="test_csv_download" time="0.048" /><testcase classname="backend.tests.test_iter17_tds_register.TestCsv" name="test_csv_handles_commas_in_description" time="0.044" /><testcase classname="backend.tests.test_iter17_tds_register.TestAccess" name="test_unauthenticated_blocked" time="0.143" /><testcase classname="backend.tests.test_iter17_tds_register.TestAccess" name="test_viewer_forbidden" time="0.682" /><testcase classname="backend.tests.test_iter17_tds_register.TestTdsDropdownRegression" name="test_receive_with_tds_zero_no_tds_txn" time="0.001" /><testcase classname="backend.tests.test_iter18_bulk_assessment_fee.TestBulkDelete" name="test_transactions_bulk_delete_empty" time="0.367" /><testcase classname="backend.tests.test_iter18_bulk_assessment_fee.TestBulkDelete" name="test_transactions_bulk_delete_non_admin_403" time="0.415" /><testcase classname="backend.tests.test_iter18_bulk_assessment_fee.TestBulkDelete" name="test_transactions_bulk_delete_valid_ids" time="0.207" /><testcase classname="backend.tests.test_iter18_bulk_assessment_fee.TestBulkDelete" name="test_entities_bulk_delete[company]" time="0.227" /><testcase classname="backend.tests.test_iter18_bulk_assessment_fee.TestBulkDelete" name="test_entities_bulk_delete[partner]" time="0.189" /><testcase classname="backend.tests.test_iter18_bulk_assessment_fee.TestBulkDelete" name="test_entities_bulk_delete[center]" time="0.218" /><testcase classname="backend.tests.test_iter18_bulk_assessment_fee.TestBulkDelete" name="test_entities_bulk_delete[project]" time="0.175" /><testcase classname="backend.tests.test_iter18_bulk_assessment_fee.TestBulkDelete" name="test_entities_non_admin_403" time="0.402" /><testcase classname="backend.tests.test_iter18_bulk_assessment_fee.TestBulkDelete" name="test_batches_bulk_delete_cascades_payments" time="0.274" /><testcase classname="backend.tests.test_iter18_bulk_assessment_fee.TestBulkDelete" name="test_batches_empty" time="0.044" /><testcase classname="backend.tests.test_iter18_bulk_assessment_fee.TestBulkDelete" name="test_partner_associations_bulk_delete_empty" time="0.043" /><testcase classname="backend.tests.test_iter18_bulk_assessment_fee.TestBulkArchive" name="test_users_bulk_archive_self_only_400" time="0.084" /><testcase classname="backend.tests.test_iter18_bulk_assessment_fee.TestBulkArchive" name="test_users_bulk_archive_mixed_skips_self" time="0.438" /><testcase classname="backend.tests.test_iter18_bulk_assessment_fee.TestBulkArchive" name="test_users_bulk_archive_empty" time="0.040" /><testcase classname="backend.tests.test_iter18_bulk_assessment_fee.TestBulkArchive" name="test_users_bulk_archive_non_admin_403" time="0.400" /><testcase classname="backend.tests.test_iter18_bulk_assessment_fee.TestBulkArchive" name="test_staff_bulk_archive_empty" time="0.048" /><testcase classname="backend.tests.test_iter18_bulk_assessment_fee.TestBulkArchive" name="test_staff_bulk_archive_archives_linked_user" time="0.410"><skipped type="pytest.skip" message="Staff create endpoint not available: 422 {&quot;detail&quot;:[{&quot;type&quot;:&quot;missing&quot;,&quot;loc&quot;:[&quot;body&quot;,&quot;designation&quot;],&quot;msg&quot;:&quot;Field required&quot;,&quot;input&quot;:{&quot;name&quot;:&quot;TEST_staff_faf331&quot;,&quot;email&quot;:&quot;TEST_staff_faf331@x.io&quot;,&quot;phone&quot;:&quot;9999&quot;,&quot;role&quot;:&quot;accountant&quot;,&quot;user_id&quot;:&quot;3df8">/app/backend/tests/test_iter18_bulk_assessment_fee.py:209: Staff create endpoint not available: 422 {"detail":[{"type":"missing","loc":["body","designation"],"msg":"Field required","input":{"name":"TEST_staff_faf331","email":"TEST_staff_faf331@x.io","phone":"9999","role":"accountant","user_id":"3df8</skipped></testcase><testcase classname="backend.tests.test_iter18_bulk_assessment_fee.TestRecoveryAwareTDS" name="test_simple_recovery_tds_smaller_numbers" time="0.135" /><testcase classname="backend.tests.test_iter18_bulk_assessment_fee.TestRecoveryAwareTDS" name="test_canonical_scenario_full" time="0.139" /><testcase classname="backend.tests.test_iter18_bulk_assessment_fee.TestRecoveryAwareTDS" name="test_first_milestone_uniform_tds_unchanged" time="0.137" /><testcase classname="backend.tests.test_iter18_bulk_assessment_fee.TestAssessmentFeeTxn" name="test_assessment_fee_creates_separate_expense_txn" time="0.224" /><testcase classname="backend.tests.test_iter18_bulk_assessment_fee.TestAssessmentFeeTxn" name="test_assessment_fee_zero_no_txn" time="0.146" /><testcase classname="backend.tests.test_iter18_bulk_assessment_fee.TestValidation" name="test_negative_assessment_fee_per_candidate_422" time="0.087" /><testcase classname="backend.tests.test_iter18_bulk_assessment_fee.TestValidation" name="test_negative_assessment_fee_total_422" time="0.086" /><testcase classname="backend.tests.test_iter12_milestone_partners.TestBatchPartnerIds" name="test_create_batch_with_partner_ids" time="0.686" /><testcase classname="backend.tests.test_iter12_milestone_partners.TestBatchPartnerIds" name="test_create_batch_bad_partner_id_returns_400" time="0.042" /><testcase classname="backend.tests.test_iter12_milestone_partners.TestBatchPartnerIds" name="test_update_batch_partner_ids" time="0.107" /><testcase classname="backend.tests.test_iter12_milestone_partners.TestBatchPartnerIds" name="test_create_batch_empty_partner_ids" time="0.044" /><testcase classname="backend.tests.test_iter12_milestone_partners.TestReceiveSplit" name="test_receive_splits_among_two_partners" time="0.235"><failure message="AssertionError: expected 2 milestone txns, got 0&#10;assert 0 &gt;= 2&#10; +  where 0 = len([])">E   AssertionError: expected 2 milestone txns, got 0
    assert 0 &gt;= 2
     +  where 0 = len([])</failure></testcase><testcase classname="backend.tests.test_iter12_milestone_partners.TestReceiveSplit" name="test_receive_rounding_tail_three_partners" time="0.247"><failure message="AssertionError: expected 3 split txns, got 0&#10;assert 0 == 3&#10; +  where 0 = len([])">E   AssertionError: expected 3 split txns, got 0
    assert 0 == 3
     +  where 0 = len([])</failure></testcase><testcase classname="backend.tests.test_iter12_milestone_partners.TestReceiveSplit" name="test_receive_without_partners_creates_one_txn" time="0.201" /><testcase classname="backend.tests.test_iter12_milestone_partners.TestMilestoneIncomeDashboard" name="test_admin_endpoint_returns_shape" time="0.047" /><testcase classname="backend.tests.test_iter12_milestone_partners.TestMilestoneIncomeDashboard" name="test_project_filter_isolates_amounts" time="0.046"><failure message="AssertionError: assert '999aa79f-cf52-47b5-b839-5c809a480963' in {None}">E   AssertionError: assert '999aa79f-cf52-47b5-b839-5c809a480963' in {None}</failure></testcase><testcase classname="backend.tests.test_iter12_milestone_partners.TestMilestoneIncomeDashboard" name="test_unauth_returns_401" time="0.094" /><testcase classname="backend.tests.test_iter12_milestone_partners.TestMilestoneIncomeDashboard" name="test_date_filter" time="0.044" /></testsuite></testsuites>