<?xml version="1.0" encoding="utf-8"?><testsuites name="pytest tests"><testsuite name="pytest" errors="0" failures="0" skipped="0" tests="19" time="11.235" timestamp="2026-06-25T05:42:15.609000+00:00" hostname="agent-env-c52df1ee-4b08-4517-89b7-9b2f31b16e89"><testcase classname="backend.tests.test_iter14_forgot_pwd_partner_approve.TestForgotPasswordFlow" name="test_forgot_password_unknown_email_generic_ok" time="0.191" /><testcase classname="backend.tests.test_iter14_forgot_pwd_partner_approve.TestForgotPasswordFlow" name="test_forgot_password_valid_email_creates_otp_doc" time="0.712" /><testcase classname="backend.tests.test_iter14_forgot_pwd_partner_approve.TestForgotPasswordFlow" name="test_forgot_password_rate_limit_429" time="1.142" /><testcase classname="backend.tests.test_iter14_forgot_pwd_partner_approve.TestVerifyAndResetFlow" name="test_verify_otp_wrong_increments_attempts" time="0.439" /><testcase classname="backend.tests.test_iter14_forgot_pwd_partner_approve.TestVerifyAndResetFlow" name="test_verify_otp_max_attempts_429" time="0.598" /><testcase classname="backend.tests.test_iter14_forgot_pwd_partner_approve.TestVerifyAndResetFlow" name="test_verify_correct_then_reset_then_login" time="1.140" /><testcase classname="backend.tests.test_iter14_forgot_pwd_partner_approve.TestVerifyAndResetFlow" name="test_admin_password_unchanged_at_end" time="0.318" /><testcase classname="backend.tests.test_iter14_forgot_pwd_partner_approve.TestPartnerAssociations" name="test_create_pairing" time="0.488" /><testcase classname="backend.tests.test_iter14_forgot_pwd_partner_approve.TestPartnerAssociations" name="test_same_partner_rejected" time="0.081" /><testcase classname="backend.tests.test_iter14_forgot_pwd_partner_approve.TestPartnerAssociations" name="test_duplicate_is_idempotent" time="0.125" /><testcase classname="backend.tests.test_iter14_forgot_pwd_partner_approve.TestPartnerAssociations" name="test_list_and_delete" time="0.212" /><testcase classname="backend.tests.test_iter14_forgot_pwd_partner_approve.TestPartnerCrossApprove" name="test_creator_cannot_self_approve" time="3.877" /><testcase classname="backend.tests.test_iter14_forgot_pwd_partner_approve.TestPartnerCrossApprove" name="test_same_partner_id_rejected" time="0.092" /><testcase classname="backend.tests.test_iter14_forgot_pwd_partner_approve.TestPartnerCrossApprove" name="test_no_assigned_partner_rejected" time="0.089" /><testcase classname="backend.tests.test_iter14_forgot_pwd_partner_approve.TestPartnerCrossApprove" name="test_non_partner_role_rejected" time="0.448" /><testcase classname="backend.tests.test_iter14_forgot_pwd_partner_approve.TestPartnerCrossApprove" name="test_unrelated_partner_rejected" time="0.204" /><testcase classname="backend.tests.test_iter14_forgot_pwd_partner_approve.TestPartnerCrossApprove" name="test_approve_via_shared_project_or_center" time="0.225" /><testcase classname="backend.tests.test_iter14_forgot_pwd_partner_approve.TestPartnerCrossApprove" name="test_approve_via_custom_pairing" time="0.333" /><testcase classname="backend.tests.test_iter14_forgot_pwd_partner_approve.TestPartnerAssocRoles" name="test_non_admin_cannot_create" time="0.366" /></testsuite></testsuites>