<?xml version="1.0" encoding="utf-8"?><testsuites name="pytest tests"><testsuite name="pytest" errors="0" failures="2" skipped="0" tests="10" time="7.507" timestamp="2026-06-30T07:35:39.264899+00:00" hostname="agent-env-c52df1ee-4b08-4517-89b7-9b2f31b16e89"><testcase classname="backend.tests.test_iter30_partner_center_routing.TestResolveStepIsolation" name="test_pending_txn_visible_to_PA_only" time="4.554"><failure message="AssertionError: PB MUST NOT see C1 txn&#10;assert '373b9c1e-31b5-4c81-85b4-09c88cfae186' not in ['373b9c1e-31b5-4c81-85b4-09c88cfae186', '15bf5f24-041b-4bea-8f18-f238f1ea0577', 'eb9f5966-13a6-4cc1-8224-9f33281d2ed3', '8ae35e60-a5b6-47b8-98f9-95a3ea28a0ec', '4a37a79b-cd55-482d-b83a-11b9fb81ded9', 'dadb7512-8a90-444e-b417-8689528b6912', ...]">backend/tests/test_iter30_partner_center_routing.py:172: in test_pending_txn_visible_to_PA_only
    assert t["id"] not in ids_b, f"PB MUST NOT see C1 txn"
E   AssertionError: PB MUST NOT see C1 txn
E   assert '373b9c1e-31b5-4c81-85b4-09c88cfae186' not in ['373b9c1e-31b5-4c81-85b4-09c88cfae186', '15bf5f24-041b-4bea-8f18-f238f1ea0577', 'eb9f5966-13a6-4cc1-8224-9f33281d2ed3', '8ae35e60-a5b6-47b8-98f9-95a3ea28a0ec', '4a37a79b-cd55-482d-b83a-11b9fb81ded9', 'dadb7512-8a90-444e-b417-8689528b6912', ...]</failure></testcase><testcase classname="backend.tests.test_iter30_partner_center_routing.TestResolveStepIsolation" name="test_PB_act_on_C1_txn_403" time="0.139" /><testcase classname="backend.tests.test_iter30_partner_center_routing.TestResolveStepIsolation" name="test_PA_can_approve_C1_txn" time="0.131" /><testcase classname="backend.tests.test_iter30_partner_center_routing.TestCenterPartnerRole" name="test_center_partner_value_filters_by_center" time="1.289" /><testcase classname="backend.tests.test_iter30_partner_center_routing.TestCrossApproveGate" name="test_PB_with_fake_C1_history_still_blocked" time="0.212"><failure message="AssertionError: Hard gate: PB must not see C1 txn even with history&#10;assert '0751c31f-3be0-41be-a842-fffb8f5ba6f7' not in ['0751c31f-3be0-41be-a842-fffb8f5ba6f7', '17ebb54f-58c6-4cea-9bea-1d202b9002d4', '5b15a1b4-a645-4382-8ca8-5842758a1350', '373b9c1e-31b5-4c81-85b4-09c88cfae186', '15bf5f24-041b-4bea-8f18-f238f1ea0577', 'eb9f5966-13a6-4cc1-8224-9f33281d2ed3', ...]">backend/tests/test_iter30_partner_center_routing.py:240: in test_PB_with_fake_C1_history_still_blocked
    assert t["id"] not in ids_b, "Hard gate: PB must not see C1 txn even with history"
E   AssertionError: Hard gate: PB must not see C1 txn even with history
E   assert '0751c31f-3be0-41be-a842-fffb8f5ba6f7' not in ['0751c31f-3be0-41be-a842-fffb8f5ba6f7', '17ebb54f-58c6-4cea-9bea-1d202b9002d4', '5b15a1b4-a645-4382-8ca8-5842758a1350', '373b9c1e-31b5-4c81-85b4-09c88cfae186', '15bf5f24-041b-4bea-8f18-f238f1ea0577', 'eb9f5966-13a6-4cc1-8224-9f33281d2ed3', ...]</failure></testcase><testcase classname="backend.tests.test_iter30_partner_center_routing.TestNotificationFanout" name="test_only_center_mapped_partners_notified" time="0.057" /><testcase classname="backend.tests.test_iter30_partner_center_routing.TestAssetPurchaseIsolation" name="test_asset_purchase_isolation" time="0.220" /><testcase classname="backend.tests.test_iter30_partner_center_routing.TestEmptyAssignedCenters" name="test_empty_partner_sees_nothing_iter30_centered" time="0.142" /><testcase classname="backend.tests.test_iter30_partner_center_routing.TestNoCenterFallback" name="test_uncentered_txn_visible_to_both_partners" time="0.317" /><testcase classname="backend.tests.test_iter30_partner_center_routing.TestNonPartnerRolesGlobal" name="test_hr_sees_C2_txn_with_no_assigned_centers" time="0.340" /></testsuite></testsuites>