<?xml version="1.0" encoding="utf-8"?><testsuites name="pytest tests"><testsuite name="pytest" errors="0" failures="0" skipped="0" tests="93" time="21.237" timestamp="2026-06-21T14:31:56.229872+00:00" hostname="agent-env-c52df1ee-4b08-4517-89b7-9b2f31b16e89"><testcase classname="backend.tests.test_finance_api.TestAuth" name="test_login_success_sets_cookie" time="0.462" /><testcase classname="backend.tests.test_finance_api.TestAuth" name="test_login_invalid" time="0.318" /><testcase classname="backend.tests.test_finance_api.TestAuth" name="test_me_without_cookie" time="0.091" /><testcase classname="backend.tests.test_finance_api.TestAuth" name="test_register_duplicate" time="0.449" /><testcase classname="backend.tests.test_finance_api.TestAuth" name="test_logout_clears_cookie" time="0.408" /><testcase classname="backend.tests.test_finance_api.TestRBAC" name="test_viewer_cannot_create_company" time="0.365" /><testcase classname="backend.tests.test_finance_api.TestRBAC" name="test_admin_can_create_company" time="0.052" /><testcase classname="backend.tests.test_finance_api.TestEntities" name="test_list_after_create" time="0.459" /><testcase classname="backend.tests.test_finance_api.TestEntities" name="test_update_entity" time="0.111" /><testcase classname="backend.tests.test_finance_api.TestEntities" name="test_viewer_cannot_delete" time="0.097" /><testcase classname="backend.tests.test_finance_api.TestTransactions" name="test_create_and_list" time="0.113" /><testcase classname="backend.tests.test_finance_api.TestTransactions" name="test_filter_by_type_and_date" time="0.060" /><testcase classname="backend.tests.test_finance_api.TestTransactions" name="test_update_txn" time="0.057" /><testcase classname="backend.tests.test_finance_api.TestTransactions" name="test_bad_type_422" time="0.052" /><testcase classname="backend.tests.test_finance_api.TestTransactions" name="test_viewer_cannot_create_txn" time="0.045" /><testcase classname="backend.tests.test_finance_api.TestCSVImport" name="test_import_creates_entities" time="0.153" /><testcase classname="backend.tests.test_finance_api.TestCSVImport" name="test_import_bad_row" time="0.102" /><testcase classname="backend.tests.test_finance_api.TestDashboard" name="test_summary_structure" time="0.081" /><testcase classname="backend.tests.test_finance_api.TestDashboard" name="test_summary_unauth" time="0.086" /><testcase classname="backend.tests.test_finance_api.TestAdminDelete" name="test_admin_delete_txn" time="0.110" /><testcase classname="backend.tests.test_finance_api.TestAdminDelete" name="test_admin_delete_entity" time="0.168" /><testcase classname="backend.tests.test_finance_approval.TestRegisterAndMe" name="test_register_admin_downgrades_to_viewer" time="0.323" /><testcase classname="backend.tests.test_finance_approval.TestRegisterAndMe" name="test_me_has_scope_fields" time="1.073" /><testcase classname="backend.tests.test_finance_approval.TestRegisterAndMe" name="test_non_admin_cannot_patch_user" time="0.051" /><testcase classname="backend.tests.test_finance_approval.TestPostStatus" name="test_admin_post_auto_approved" time="0.042" /><testcase classname="backend.tests.test_finance_approval.TestPostStatus" name="test_cm_post_pending" time="0.048" /><testcase classname="backend.tests.test_finance_approval.TestPostStatus" name="test_partner_post_pending" time="0.569" /><testcase classname="backend.tests.test_finance_approval.TestPostStatus" name="test_manager_post_pending" time="0.451" /><testcase classname="backend.tests.test_finance_approval.TestPostStatus" name="test_accountant_post_pending" time="0.488" /><testcase classname="backend.tests.test_finance_approval.TestPostStatus" name="test_viewer_post_forbidden" time="0.362" /><testcase classname="backend.tests.test_finance_approval.TestApproveReject" name="test_admin_approves_pending" time="0.091" /><testcase classname="backend.tests.test_finance_approval.TestApproveReject" name="test_non_admin_cannot_approve" time="0.099" /><testcase classname="backend.tests.test_finance_approval.TestApproveReject" name="test_admin_rejects_with_reason" time="0.092" /><testcase classname="backend.tests.test_finance_approval.TestScoping" name="test_cm_sees_only_assigned_centers" time="0.093" /><testcase classname="backend.tests.test_finance_approval.TestScoping" name="test_partner_sees_only_assigned_partner" time="0.129" /><testcase classname="backend.tests.test_finance_approval.TestScoping" name="test_accountant_sees_all" time="0.058" /><testcase classname="backend.tests.test_finance_approval.TestScoping" name="test_viewer_sees_only_own" time="0.093" /><testcase classname="backend.tests.test_finance_approval.TestScoping" name="test_status_filter_pending" time="0.042" /><testcase classname="backend.tests.test_finance_approval.TestEditSemantics" name="test_non_admin_edit_approved_resets_to_pending" time="0.141" /><testcase classname="backend.tests.test_finance_approval.TestEditSemantics" name="test_admin_edit_keeps_approved" time="0.087" /><testcase classname="backend.tests.test_finance_approval.TestDashboardStatus" name="test_default_counts_only_approved" time="0.100" /><testcase classname="backend.tests.test_finance_features.TestFileUpload" name="test_upload_requires_auth" time="0.103" /><testcase classname="backend.tests.test_finance_features.TestFileUpload" name="test_viewer_forbidden" time="0.412" /><testcase classname="backend.tests.test_finance_features.TestFileUpload" name="test_admin_upload_and_view" time="0.922" /><testcase classname="backend.tests.test_finance_features.TestFileUpload" name="test_view_unknown_path_404" time="0.089" /><testcase classname="backend.tests.test_finance_features.TestTransactionItems" name="test_items_persisted" time="0.218" /><testcase classname="backend.tests.test_finance_features.TestTransactionItems" name="test_no_items_defaults_empty" time="0.049" /><testcase classname="backend.tests.test_finance_features.TestTransactionItems" name="test_update_items_and_attachments" time="0.056" /><testcase classname="backend.tests.test_finance_features.TestDashboardByItem" name="test_by_item_aggregation" time="0.065" /><testcase classname="backend.tests.test_finance_hrms.TestStaffCRUD" name="test_create_requires_admin_or_manager" time="2.257" /><testcase classname="backend.tests.test_finance_hrms.TestStaffCRUD" name="test_list_allowed_for_any_authenticated" time="0.164" /><testcase classname="backend.tests.test_finance_hrms.TestStaffCRUD" name="test_update_persists" time="0.081" /><testcase classname="backend.tests.test_finance_hrms.TestStaffCRUD" name="test_delete_requires_admin" time="0.173" /><testcase classname="backend.tests.test_finance_hrms.TestAttendance" name="test_upsert_and_filter" time="0.492" /><testcase classname="backend.tests.test_finance_hrms.TestAttendance" name="test_rbac_random_cannot_mark" time="0.043" /><testcase classname="backend.tests.test_finance_hrms.TestLeaves" name="test_create_and_decide" time="0.206" /><testcase classname="backend.tests.test_finance_hrms.TestReimbursementFlow" name="test_submit_snapshots_l1" time="0.045" /><testcase classname="backend.tests.test_finance_hrms.TestReimbursementFlow" name="test_random_cannot_l1_approve" time="0.043" /><testcase classname="backend.tests.test_finance_hrms.TestReimbursementFlow" name="test_l1_approve_by_mapped_manager" time="0.055" /><testcase classname="backend.tests.test_finance_hrms.TestReimbursementFlow" name="test_double_l1_approve_rejected" time="0.051" /><testcase classname="backend.tests.test_finance_hrms.TestReimbursementFlow" name="test_accountant_approve_blocks_non_accountant" time="0.042" /><testcase classname="backend.tests.test_finance_hrms.TestReimbursementFlow" name="test_accountant_approve" time="0.048" /><testcase classname="backend.tests.test_finance_hrms.TestReimbursementFlow" name="test_pay_creates_expense_txn" time="0.176" /><testcase classname="backend.tests.test_finance_hrms.TestReimbursementFlow" name="test_double_pay_rejected" time="0.045" /><testcase classname="backend.tests.test_finance_hrms.TestReimbursementScopingAndReject" name="test_list_scoping_for_non_elevated" time="0.206" /><testcase classname="backend.tests.test_finance_hrms.TestReimbursementScopingAndReject" name="test_l1_can_reject_before_approve" time="0.056" /><testcase classname="backend.tests.test_finance_hrms.TestReimbursementScopingAndReject" name="test_random_cannot_reject" time="0.090" /><testcase classname="backend.tests.test_finance_hrms.TestPayroll" name="test_run_generates_rows" time="0.094" /><testcase classname="backend.tests.test_finance_hrms.TestPayroll" name="test_run_idempotent_no_duplicate" time="0.132" /><testcase classname="backend.tests.test_finance_hrms.TestPayroll" name="test_pay_creates_expense_txn_and_marks_paid" time="0.141" /><testcase classname="backend.tests.test_finance_hrms.TestPayroll" name="test_double_pay_rejected" time="0.044" /><testcase classname="backend.tests.test_finance_notifications.TestBulkApprove" name="test_bulk_approve_basic" time="1.383" /><testcase classname="backend.tests.test_finance_notifications.TestBulkApprove" name="test_bulk_approve_skips_already_approved" time="0.136" /><testcase classname="backend.tests.test_finance_notifications.TestBulkApprove" name="test_bulk_approve_empty" time="0.044" /><testcase classname="backend.tests.test_finance_notifications.TestBulkApprove" name="test_bulk_approve_requires_admin" time="0.045" /><testcase classname="backend.tests.test_finance_notifications.TestNotifications" name="test_endpoints_exist" time="0.045" /><testcase classname="backend.tests.test_finance_notifications.TestNotifications" name="test_txn_approve_notifies_creator" time="0.238" /><testcase classname="backend.tests.test_finance_notifications.TestNotifications" name="test_txn_reject_notifies_creator" time="0.143" /><testcase classname="backend.tests.test_finance_notifications.TestNotifications" name="test_bulk_approve_emits_notifications" time="0.218" /><testcase classname="backend.tests.test_finance_notifications.TestNotifications" name="test_mark_one_read" time="0.219" /><testcase classname="backend.tests.test_finance_notifications.TestNotifications" name="test_mark_one_read_404" time="0.043" /><testcase classname="backend.tests.test_finance_notifications.TestNotifications" name="test_mark_all_read" time="0.094" /><testcase classname="backend.tests.test_finance_notifications.TestNotifications" name="test_notifications_user_scoped" time="0.092" /><testcase classname="backend.tests.test_finance_notifications.TestReimbursementAttachments" name="test_upload_then_submit_with_attachment" time="0.466" /><testcase classname="backend.tests.test_finance_notifications.TestReimbursementAttachments" name="test_submit_without_attachments_default_empty" time="0.132" /><testcase classname="backend.tests.test_finance_notifications.TestReimbursementNotifications" name="test_submit_notifies_l1_approver" time="0.745" /><testcase classname="backend.tests.test_finance_settlement.TestAuth" name="test_settlement_requires_auth" time="0.091" /><testcase classname="backend.tests.test_finance_settlement.TestSettlementMath" name="test_admin_with_center_id" time="1.312" /><testcase classname="backend.tests.test_finance_settlement.TestSettlementMath" name="test_pending_excluded" time="0.075" /><testcase classname="backend.tests.test_finance_settlement.TestPartnerScope" name="test_partner_sees_only_their_centers" time="0.453" /><testcase classname="backend.tests.test_finance_settlement.TestAdminGlobal" name="test_admin_no_filter_includes_partner_centers" time="0.071" /><testcase classname="backend.tests.test_finance_settlement.TestAdminGlobal" name="test_date_filter_excludes_out_of_range" time="0.057" /><testcase classname="backend.tests.test_finance_settlement.TestAdminGlobal" name="test_date_filter_includes_in_range" time="0.057" /></testsuite></testsuites>