<?xml version="1.0" encoding="utf-8"?><testsuites name="pytest tests"><testsuite name="pytest" errors="0" failures="0" skipped="0" tests="11" time="2.119" timestamp="2026-06-21T15:57:11.921704+00:00" hostname="agent-env-c52df1ee-4b08-4517-89b7-9b2f31b16e89"><testcase classname="backend.tests.test_iter12_milestone_partners.TestBatchPartnerIds" name="test_create_batch_with_partner_ids" time="0.790" /><testcase classname="backend.tests.test_iter12_milestone_partners.TestBatchPartnerIds" name="test_create_batch_bad_partner_id_returns_400" time="0.052" /><testcase classname="backend.tests.test_iter12_milestone_partners.TestBatchPartnerIds" name="test_update_batch_partner_ids" time="0.102" /><testcase classname="backend.tests.test_iter12_milestone_partners.TestBatchPartnerIds" name="test_create_batch_empty_partner_ids" time="0.050" /><testcase classname="backend.tests.test_iter12_milestone_partners.TestReceiveSplit" name="test_receive_splits_among_two_partners" time="0.235" /><testcase classname="backend.tests.test_iter12_milestone_partners.TestReceiveSplit" name="test_receive_rounding_tail_three_partners" time="0.282" /><testcase classname="backend.tests.test_iter12_milestone_partners.TestReceiveSplit" name="test_receive_without_partners_creates_one_txn" time="0.214" /><testcase classname="backend.tests.test_iter12_milestone_partners.TestMilestoneIncomeDashboard" name="test_admin_endpoint_returns_shape" time="0.059" /><testcase classname="backend.tests.test_iter12_milestone_partners.TestMilestoneIncomeDashboard" name="test_project_filter_isolates_amounts" time="0.058" /><testcase classname="backend.tests.test_iter12_milestone_partners.TestMilestoneIncomeDashboard" name="test_unauth_returns_401" time="0.129" /><testcase classname="backend.tests.test_iter12_milestone_partners.TestMilestoneIncomeDashboard" name="test_date_filter" time="0.055" /></testsuite></testsuites>