<?xml version="1.0" encoding="utf-8"?><testsuites name="pytest tests"><testsuite name="pytest" errors="0" failures="0" skipped="0" tests="4" time="1.404" timestamp="2026-08-06T09:22:22.307760+00:00" hostname="agent-env-c52df1ee-4b08-4517-89b7-9b2f31b16e89"><testcase classname="backend.tests.test_iter49_payment_dashboard_and_double_submit.TestPaymentSummary" name="test_admin_200_and_shape" time="0.480" /><testcase classname="backend.tests.test_iter49_payment_dashboard_and_double_submit.TestPaymentSummary" name="test_filters_applied" time="0.100" /><testcase classname="backend.tests.test_iter49_payment_dashboard_and_double_submit.TestPaymentSummary" name="test_non_finance_role_forbidden" time="0.358" /><testcase classname="backend.tests.test_iter49_payment_dashboard_and_double_submit.TestDoubleSubmit" name="test_concurrent_approve_returns_one_409" time="0.358" /></testsuite></testsuites>