<?xml version="1.0" encoding="utf-8"?><testsuites name="pytest tests"><testsuite name="pytest" errors="0" failures="0" skipped="0" tests="12" time="2.108" timestamp="2026-07-29T05:48:57.421435+00:00" hostname="agent-env-c52df1ee-4b08-4517-89b7-9b2f31b16e89"><testcase classname="backend.tests.test_iter43_payee_details.TestAdvanceCreatePersist" name="test_create_with_bank_payee" time="0.431" /><testcase classname="backend.tests.test_iter43_payee_details.TestAdvanceCreatePersist" name="test_create_with_upi" time="0.088" /><testcase classname="backend.tests.test_iter43_payee_details.TestAdvanceCreatePersist" name="test_create_cash_no_payee" time="0.086" /><testcase classname="backend.tests.test_iter43_payee_details.TestAdvanceCreatePersist" name="test_backward_compat_no_payee_fields" time="0.127" /><testcase classname="backend.tests.test_iter43_payee_details.TestReleasePropagatesPayee" name="test_release_stamps_all_payee_fields_on_txn" time="0.325" /><testcase classname="backend.tests.test_iter43_payee_details.TestReleasePropagatesPayee" name="test_release_upi_only" time="0.335" /><testcase classname="backend.tests.test_iter43_payee_details.TestReleasePropagatesPayee" name="test_release_cash_no_payee_fields" time="0.368" /><testcase classname="backend.tests.test_iter43_payee_details.TestRegression" name="test_list_advances" time="0.057" /><testcase classname="backend.tests.test_iter43_payee_details.TestRegression" name="test_overdue" time="0.043" /><testcase classname="backend.tests.test_iter43_payee_details.TestRegression" name="test_reroute_pending" time="0.053" /><testcase classname="backend.tests.test_iter43_payee_details.TestRegression" name="test_payment_vouchers" time="0.043" /><testcase classname="backend.tests.test_iter43_payee_details.TestRegression" name="test_transactions_list_200" time="0.068" /></testsuite></testsuites>