<?xml version="1.0" encoding="utf-8"?><testsuites name="pytest tests"><testsuite name="pytest" errors="0" failures="0" skipped="0" tests="23" time="14.140" timestamp="2026-07-06T07:31:39.111920+00:00" hostname="agent-env-c52df1ee-4b08-4517-89b7-9b2f31b16e89"><testcase classname="tests.test_iter32_offer_letters.TestTemplateUpload" name="test_upload_global_template_ok" time="0.709" /><testcase classname="tests.test_iter32_offer_letters.TestTemplateUpload" name="test_upload_per_company_template_ok" time="0.323" /><testcase classname="tests.test_iter32_offer_letters.TestTemplateUpload" name="test_upload_non_docx_rejected_400" time="0.045" /><testcase classname="tests.test_iter32_offer_letters.TestTemplateUpload" name="test_upload_oversize_rejected_413" time="0.240" /><testcase classname="tests.test_iter32_offer_letters.TestTemplateUpload" name="test_second_upload_deactivates_previous_percompany" time="0.267" /><testcase classname="tests.test_iter32_offer_letters.TestTemplateUpload" name="test_second_global_upload_deactivates_previous_global" time="0.263" /><testcase classname="tests.test_iter32_offer_letters.TestTemplateUpload" name="test_list_sorted_desc" time="0.041" /><testcase classname="tests.test_iter32_offer_letters.TestRoleGating" name="test_hr_can_list_and_upload" time="4.144" /><testcase classname="tests.test_iter32_offer_letters.TestRoleGating" name="test_manager_can_list_but_cannot_upload" time="0.116" /><testcase classname="tests.test_iter32_offer_letters.TestRoleGating" name="test_lower_roles_forbidden_from_list_and_upload[center_staff]" time="0.121" /><testcase classname="tests.test_iter32_offer_letters.TestRoleGating" name="test_lower_roles_forbidden_from_list_and_upload[center_manager]" time="0.110" /><testcase classname="tests.test_iter32_offer_letters.TestRoleGating" name="test_lower_roles_forbidden_from_list_and_upload[viewer]" time="0.105" /><testcase classname="tests.test_iter32_offer_letters.TestRoleGating" name="test_lower_roles_forbidden_from_list_and_upload[partner]" time="0.129" /><testcase classname="tests.test_iter32_offer_letters.TestRoleGating" name="test_hr_cannot_delete_only_admin_can" time="0.209" /><testcase classname="tests.test_iter32_offer_letters.TestStaffCreationTriggersOfferLetter" name="test_create_staff_generates_and_delivers_offer_letter" time="1.571" /><testcase classname="tests.test_iter32_offer_letters.TestStaffCreationTriggersOfferLetter" name="test_offer_letters_listing_returns_the_letter" time="0.042" /><testcase classname="tests.test_iter32_offer_letters.TestStaffCreationTriggersOfferLetter" name="test_download_returns_pdf_bytes" time="0.180" /><testcase classname="tests.test_iter32_offer_letters.TestStaffCreationTriggersOfferLetter" name="test_pdf_contains_substituted_placeholders" time="0.009" /><testcase classname="tests.test_iter32_offer_letters.TestNoTemplateFallback" name="test_no_template_available_returns_reason" time="0.442" /><testcase classname="tests.test_iter32_offer_letters.TestResendEndpoint" name="test_resend_regenerates_letter" time="1.638" /><testcase classname="tests.test_iter32_offer_letters.TestResendEndpoint" name="test_resend_forbidden_for_center_staff" time="0.703" /><testcase classname="tests.test_iter32_offer_letters.TestResendEndpoint" name="test_download_forbidden_for_center_staff" time="0.672" /><testcase classname="tests.test_iter32_offer_letters.TestGlobalFallbackForCenterWithoutCompany" name="test_center_without_company_uses_global" time="1.962" /></testsuite></testsuites>