<?xml version="1.0" encoding="utf-8"?><testsuites name="pytest tests"><testsuite name="pytest" errors="0" failures="0" skipped="0" tests="11" time="1.906" timestamp="2026-06-24T16:46:44.868978+00:00" hostname="agent-env-c52df1ee-4b08-4517-89b7-9b2f31b16e89"><testcase classname="backend.tests.test_iter13_mobile_attendance.TestAttendanceToday" name="test_today_unmapped_user_returns_null_staff" time="0.414" /><testcase classname="backend.tests.test_iter13_mobile_attendance.TestAttendanceToday" name="test_today_mapped_user_returns_staff" time="0.417" /><testcase classname="backend.tests.test_iter13_mobile_attendance.TestSelfCheckIn" name="test_self_checkin_unmapped_returns_400" time="0.047" /><testcase classname="backend.tests.test_iter13_mobile_attendance.TestSelfCheckIn" name="test_self_checkin_persists_and_today_returns_it" time="0.091" /><testcase classname="backend.tests.test_iter13_mobile_attendance.TestSelfCheckIn" name="test_self_checkin_is_upsert_idempotent" time="0.147" /><testcase classname="backend.tests.test_iter13_mobile_attendance.TestSelfCheckIn" name="test_self_checkin_minimal_payload_status_only" time="0.046" /><testcase classname="backend.tests.test_iter13_mobile_attendance.TestSelfCheckIn" name="test_self_checkin_requires_auth" time="0.170" /><testcase classname="backend.tests.test_iter13_mobile_attendance.TestAdminAttendanceExtended" name="test_admin_post_accepts_full_extended_fields" time="0.091" /><testcase classname="backend.tests.test_iter13_mobile_attendance.TestAdminAttendanceExtended" name="test_admin_post_minimal_payload_still_works" time="0.105" /><testcase classname="backend.tests.test_iter13_mobile_attendance.TestPwaManifest" name="test_manifest_served" time="0.144" /><testcase classname="backend.tests.test_iter13_mobile_attendance.TestPwaManifest" name="test_checkin_page_html_links_manifest" time="0.148" /></testsuite></testsuites>