<?xml version="1.0" encoding="utf-8"?><testsuites name="pytest tests"><testsuite name="pytest" errors="0" failures="1" skipped="0" tests="26" time="3.809" timestamp="2026-06-25T18:01:49.759907+00:00" hostname="agent-env-c52df1ee-4b08-4517-89b7-9b2f31b16e89"><testcase classname="backend.tests.test_iter16_milestone_recovery" name="test_batch_persists_passed_placed" time="0.599" /><testcase classname="backend.tests.test_iter16_milestone_recovery" name="test_compute_milestones_canonical_example" time="0.098" /><testcase classname="backend.tests.test_iter16_milestone_recovery" name="test_compute_milestones_zero_candidates" time="0.101" /><testcase classname="backend.tests.test_iter16_milestone_recovery" name="test_compute_passed_equals_total_no_recovery" time="0.097" /><testcase classname="backend.tests.test_iter16_milestone_recovery" name="test_compute_passed_zero_full_recovery" time="0.099" /><testcase classname="backend.tests.test_iter16_milestone_recovery" name="test_compute_passed_over_total_clamped" time="0.102" /><testcase classname="backend.tests.test_iter16_milestone_recovery" name="test_negative_inputs_rejected" time="0.051" /><testcase classname="backend.tests.test_iter16_milestone_recovery" name="test_compute_1st_milestone_legacy" time="0.103" /><testcase classname="backend.tests.test_iter16_milestone_recovery" name="test_batch_payment_persists_recovery" time="0.098" /><testcase classname="backend.tests.test_iter16_milestone_recovery" name="test_receive_creates_recovery_and_tds_txns" time="0.164"><failure message="assert 2073.68 == 2344.16 ± 0.01&#10;  &#10;  comparison failed&#10;  Obtained: 2073.68&#10;  Expected: 2344.16 ± 0.01">E   assert 2073.68 == 2344.16 ± 0.01
      
      comparison failed
      Obtained: 2073.68
      Expected: 2344.16 ± 0.01</failure></testcase><testcase classname="backend.tests.test_iter16_milestone_recovery" name="test_receive_no_recovery_skips_recovery_txn" time="0.195" /><testcase classname="backend.tests.test_iter17_tds_register.TestQuarterBounds" name="test_quarter_bounds_2026_27_Q1" time="0.374" /><testcase classname="backend.tests.test_iter17_tds_register.TestQuarterBounds" name="test_quarter_bounds_2026_27_Q4" time="0.077" /><testcase classname="backend.tests.test_iter17_tds_register.TestQuarterBounds" name="test_quarter_all_full_fy" time="0.051" /><testcase classname="backend.tests.test_iter17_tds_register.TestValidation" name="test_bad_fy_format" time="0.046" /><testcase classname="backend.tests.test_iter17_tds_register.TestValidation" name="test_bad_quarter" time="0.045" /><testcase classname="backend.tests.test_iter17_tds_register.TestMathAndFilter" name="test_canonical_math_2027_28" time="0.283" /><testcase classname="backend.tests.test_iter17_tds_register.TestMathAndFilter" name="test_project_filter_narrows" time="0.046" /><testcase classname="backend.tests.test_iter17_tds_register.TestMathAndFilter" name="test_quarter_q1_only_2027_28" time="0.051" /><testcase classname="backend.tests.test_iter17_tds_register.TestMathAndFilter" name="test_quarter_q4_jan_mar_next_year" time="0.047" /><testcase classname="backend.tests.test_iter17_tds_register.TestMathAndFilter" name="test_other_fy_excludes_seed" time="0.050" /><testcase classname="backend.tests.test_iter17_tds_register.TestCsv" name="test_csv_download" time="0.048" /><testcase classname="backend.tests.test_iter17_tds_register.TestCsv" name="test_csv_handles_commas_in_description" time="0.066" /><testcase classname="backend.tests.test_iter17_tds_register.TestAccess" name="test_unauthenticated_blocked" time="0.108" /><testcase classname="backend.tests.test_iter17_tds_register.TestAccess" name="test_viewer_forbidden" time="0.726" /><testcase classname="backend.tests.test_iter17_tds_register.TestTdsDropdownRegression" name="test_receive_with_tds_zero_no_tds_txn" time="0.002" /></testsuite></testsuites>