<?xml version="1.0" encoding="utf-8"?><testsuites name="pytest tests"><testsuite name="pytest" errors="0" failures="1" skipped="0" tests="23" time="19.807" timestamp="2026-07-03T07:47:54.132390+00:00" hostname="agent-env-c52df1ee-4b08-4517-89b7-9b2f31b16e89"><testcase classname="backend.tests.test_iter32_offer_letters.TestTemplateUpload" name="test_upload_global_template_ok" time="1.132" /><testcase classname="backend.tests.test_iter32_offer_letters.TestTemplateUpload" name="test_upload_per_company_template_ok" time="0.924" /><testcase classname="backend.tests.test_iter32_offer_letters.TestTemplateUpload" name="test_upload_non_docx_rejected_400" time="0.046" /><testcase classname="backend.tests.test_iter32_offer_letters.TestTemplateUpload" name="test_upload_oversize_rejected_413" time="0.256" /><testcase classname="backend.tests.test_iter32_offer_letters.TestTemplateUpload" name="test_second_upload_deactivates_previous_percompany" time="0.624" /><testcase classname="backend.tests.test_iter32_offer_letters.TestTemplateUpload" name="test_second_global_upload_deactivates_previous_global" time="0.531" /><testcase classname="backend.tests.test_iter32_offer_letters.TestTemplateUpload" name="test_list_sorted_desc" time="0.043" /><testcase classname="backend.tests.test_iter32_offer_letters.TestRoleGating" name="test_hr_can_list_and_upload" time="4.894" /><testcase classname="backend.tests.test_iter32_offer_letters.TestRoleGating" name="test_manager_can_list_but_cannot_upload" time="0.124" /><testcase classname="backend.tests.test_iter32_offer_letters.TestRoleGating" name="test_lower_roles_forbidden_from_list_and_upload[center_staff]" time="0.109" /><testcase classname="backend.tests.test_iter32_offer_letters.TestRoleGating" name="test_lower_roles_forbidden_from_list_and_upload[center_manager]" time="0.158" /><testcase classname="backend.tests.test_iter32_offer_letters.TestRoleGating" name="test_lower_roles_forbidden_from_list_and_upload[viewer]" time="0.116" /><testcase classname="backend.tests.test_iter32_offer_letters.TestRoleGating" name="test_lower_roles_forbidden_from_list_and_upload[partner]" time="0.127" /><testcase classname="backend.tests.test_iter32_offer_letters.TestRoleGating" name="test_hr_cannot_delete_only_admin_can" time="0.170" /><testcase classname="backend.tests.test_iter32_offer_letters.TestStaffCreationTriggersOfferLetter" name="test_create_staff_generates_and_delivers_offer_letter" time="2.378"><failure message="AssertionError: staff.offer_letter_url mismatch: None vs finance-tracker/offer-letters/a08569dd-47c2-475e-b312-40b490f9cef8.pdf&#10;assert None == 'finance-tracker/offer-letters/a08569dd-47c2-475e-b312-40b490f9cef8.pdf'&#10; +  where None = &lt;built-in method get of dict object at 0xf8ec9d900980&gt;('offer_letter_url')&#10; +    where &lt;built-in method get of dict object at 0xf8ec9d900980&gt; = {'name': 'TEST_iter32_Staff_8c4157', 'designation': 'Senior Trainer', 'reports_to_id': None, 'monthly_salary': 45000.0, ...}.get">backend/tests/test_iter32_offer_letters.py:431: in test_create_staff_generates_and_delivers_offer_letter
    assert found.get("offer_letter_url") == ols["pdf_path"], \
E   AssertionError: staff.offer_letter_url mismatch: None vs finance-tracker/offer-letters/a08569dd-47c2-475e-b312-40b490f9cef8.pdf
E   assert None == 'finance-tracker/offer-letters/a08569dd-47c2-475e-b312-40b490f9cef8.pdf'
E    +  where None = &lt;built-in method get of dict object at 0xf8ec9d900980&gt;('offer_letter_url')
E    +    where &lt;built-in method get of dict object at 0xf8ec9d900980&gt; = {'name': 'TEST_iter32_Staff_8c4157', 'designation': 'Senior Trainer', 'reports_to_id': None, 'monthly_salary': 45000.0, ...}.get</failure></testcase><testcase classname="backend.tests.test_iter32_offer_letters.TestStaffCreationTriggersOfferLetter" name="test_offer_letters_listing_returns_the_letter" time="0.045" /><testcase classname="backend.tests.test_iter32_offer_letters.TestStaffCreationTriggersOfferLetter" name="test_download_returns_pdf_bytes" time="0.430" /><testcase classname="backend.tests.test_iter32_offer_letters.TestStaffCreationTriggersOfferLetter" name="test_pdf_contains_substituted_placeholders" time="0.010" /><testcase classname="backend.tests.test_iter32_offer_letters.TestNoTemplateFallback" name="test_no_template_available_returns_reason" time="0.435" /><testcase classname="backend.tests.test_iter32_offer_letters.TestResendEndpoint" name="test_resend_regenerates_letter" time="2.721" /><testcase classname="backend.tests.test_iter32_offer_letters.TestResendEndpoint" name="test_resend_forbidden_for_center_staff" time="0.720" /><testcase classname="backend.tests.test_iter32_offer_letters.TestResendEndpoint" name="test_download_forbidden_for_center_staff" time="0.674" /><testcase classname="backend.tests.test_iter32_offer_letters.TestGlobalFallbackForCenterWithoutCompany" name="test_center_without_company_uses_global" time="2.968" /></testsuite></testsuites>