<?xml version="1.0" encoding="utf-8"?><testsuites name="pytest tests"><testsuite name="pytest" errors="0" failures="0" skipped="0" tests="17" time="11.356" timestamp="2026-07-10T06:09:30.562599+00:00" hostname="agent-env-c52df1ee-4b08-4517-89b7-9b2f31b16e89"><testcase classname="backend.tests.test_iter34_quotation_payment.TestDefaultChains" name="test_quotation_chain_seeded" time="2.025" /><testcase classname="backend.tests.test_iter34_quotation_payment.TestDefaultChains" name="test_payment_chain_seeded" time="0.045" /><testcase classname="backend.tests.test_iter34_quotation_payment.TestQuotationCreate" name="test_admin_can_create_quotation" time="0.063" /><testcase classname="backend.tests.test_iter34_quotation_payment.TestQuotationCreate" name="test_partner_role_403_on_create" time="0.371" /><testcase classname="backend.tests.test_iter34_quotation_payment.TestQuotationCreate" name="test_viewer_role_403_on_create" time="0.370" /><testcase classname="backend.tests.test_iter34_quotation_payment.TestQuotationCreate" name="test_center_staff_wrong_center_403" time="0.410" /><testcase classname="backend.tests.test_iter34_quotation_payment.TestQuotationCreate" name="test_center_staff_own_center_ok" time="0.379" /><testcase classname="backend.tests.test_iter34_quotation_payment.TestQRNStamping" name="test_final_approval_stamps_qrn_and_counter_increments" time="0.513" /><testcase classname="backend.tests.test_iter34_quotation_payment.TestQRNStamping" name="test_reject_quotation_no_qrn" time="0.171" /><testcase classname="backend.tests.test_iter34_quotation_payment.TestPaymentFlow" name="test_cannot_raise_payment_on_pending_quotation" time="0.106" /><testcase classname="backend.tests.test_iter34_quotation_payment.TestPaymentFlow" name="test_payment_full_happy_path" time="0.755" /><testcase classname="backend.tests.test_iter34_quotation_payment.TestPaymentFlow" name="test_payment_txn_type_override" time="0.553" /><testcase classname="backend.tests.test_iter34_quotation_payment.TestPaymentFlow" name="test_payment_reject_frees_quotation" time="0.496" /><testcase classname="backend.tests.test_iter34_quotation_payment.TestQuotationListing" name="test_admin_sees_all_and_filters" time="0.098" /><testcase classname="backend.tests.test_iter34_quotation_payment.TestQuotationListing" name="test_center_staff_scoped_visibility" time="0.383" /><testcase classname="backend.tests.test_iter34_quotation_payment.TestQrnPerCenterUniqueness" name="test_second_center_starts_its_own_counter" time="0.253" /><testcase classname="backend.tests.test_iter34_quotation_payment.TestConcurrentQrnCounter" name="test_parallel_creates_produce_unique_qrns" time="4.264" /></testsuite></testsuites>