<?xml version="1.0" encoding="utf-8"?><testsuites name="pytest tests"><testsuite name="pytest" errors="0" failures="0" skipped="1" tests="24" time="6.016" timestamp="2026-06-25T18:01:37.460764+00:00" hostname="agent-env-c52df1ee-4b08-4517-89b7-9b2f31b16e89"><testcase classname="backend.tests.test_iter18_bulk_assessment_fee.TestBulkDelete" name="test_transactions_bulk_delete_empty" time="0.425" /><testcase classname="backend.tests.test_iter18_bulk_assessment_fee.TestBulkDelete" name="test_transactions_bulk_delete_non_admin_403" time="0.453" /><testcase classname="backend.tests.test_iter18_bulk_assessment_fee.TestBulkDelete" name="test_transactions_bulk_delete_valid_ids" time="0.245" /><testcase classname="backend.tests.test_iter18_bulk_assessment_fee.TestBulkDelete" name="test_entities_bulk_delete[company]" time="0.249" /><testcase classname="backend.tests.test_iter18_bulk_assessment_fee.TestBulkDelete" name="test_entities_bulk_delete[partner]" time="0.201" /><testcase classname="backend.tests.test_iter18_bulk_assessment_fee.TestBulkDelete" name="test_entities_bulk_delete[center]" time="0.207" /><testcase classname="backend.tests.test_iter18_bulk_assessment_fee.TestBulkDelete" name="test_entities_bulk_delete[project]" time="0.203" /><testcase classname="backend.tests.test_iter18_bulk_assessment_fee.TestBulkDelete" name="test_entities_non_admin_403" time="0.494" /><testcase classname="backend.tests.test_iter18_bulk_assessment_fee.TestBulkDelete" name="test_batches_bulk_delete_cascades_payments" time="0.382" /><testcase classname="backend.tests.test_iter18_bulk_assessment_fee.TestBulkDelete" name="test_batches_empty" time="0.052" /><testcase classname="backend.tests.test_iter18_bulk_assessment_fee.TestBulkDelete" name="test_partner_associations_bulk_delete_empty" time="0.060" /><testcase classname="backend.tests.test_iter18_bulk_assessment_fee.TestBulkArchive" name="test_users_bulk_archive_self_only_400" time="0.106" /><testcase classname="backend.tests.test_iter18_bulk_assessment_fee.TestBulkArchive" name="test_users_bulk_archive_mixed_skips_self" time="0.494" /><testcase classname="backend.tests.test_iter18_bulk_assessment_fee.TestBulkArchive" name="test_users_bulk_archive_empty" time="0.055" /><testcase classname="backend.tests.test_iter18_bulk_assessment_fee.TestBulkArchive" name="test_users_bulk_archive_non_admin_403" time="0.451" /><testcase classname="backend.tests.test_iter18_bulk_assessment_fee.TestBulkArchive" name="test_staff_bulk_archive_empty" time="0.063" /><testcase classname="backend.tests.test_iter18_bulk_assessment_fee.TestBulkArchive" name="test_staff_bulk_archive_archives_linked_user" time="0.511"><skipped type="pytest.skip" message="Staff create endpoint not available: 422 {&quot;detail&quot;:[{&quot;type&quot;:&quot;missing&quot;,&quot;loc&quot;:[&quot;body&quot;,&quot;designation&quot;],&quot;msg&quot;:&quot;Field required&quot;,&quot;input&quot;:{&quot;name&quot;:&quot;TEST_staff_1db226&quot;,&quot;email&quot;:&quot;TEST_staff_1db226@x.io&quot;,&quot;phone&quot;:&quot;9999&quot;,&quot;role&quot;:&quot;accountant&quot;,&quot;user_id&quot;:&quot;a7eb">/app/backend/tests/test_iter18_bulk_assessment_fee.py:209: Staff create endpoint not available: 422 {"detail":[{"type":"missing","loc":["body","designation"],"msg":"Field required","input":{"name":"TEST_staff_1db226","email":"TEST_staff_1db226@x.io","phone":"9999","role":"accountant","user_id":"a7eb</skipped></testcase><testcase classname="backend.tests.test_iter18_bulk_assessment_fee.TestRecoveryAwareTDS" name="test_simple_recovery_tds_smaller_numbers" time="0.205" /><testcase classname="backend.tests.test_iter18_bulk_assessment_fee.TestRecoveryAwareTDS" name="test_canonical_scenario_full" time="0.185" /><testcase classname="backend.tests.test_iter18_bulk_assessment_fee.TestRecoveryAwareTDS" name="test_first_milestone_uniform_tds_unchanged" time="0.182" /><testcase classname="backend.tests.test_iter18_bulk_assessment_fee.TestAssessmentFeeTxn" name="test_assessment_fee_creates_separate_expense_txn" time="0.287" /><testcase classname="backend.tests.test_iter18_bulk_assessment_fee.TestAssessmentFeeTxn" name="test_assessment_fee_zero_no_txn" time="0.191" /><testcase classname="backend.tests.test_iter18_bulk_assessment_fee.TestValidation" name="test_negative_assessment_fee_per_candidate_422" time="0.107" /><testcase classname="backend.tests.test_iter18_bulk_assessment_fee.TestValidation" name="test_negative_assessment_fee_total_422" time="0.109" /></testsuite></testsuites>