<?xml version="1.0" encoding="utf-8"?><testsuites name="pytest tests"><testsuite name="pytest" errors="0" failures="0" skipped="0" tests="12" time="4.836" timestamp="2026-08-12T19:25:32.063168+00:00" hostname="agent-env-c52df1ee-4b08-4517-89b7-9b2f31b16e89"><testcase classname="backend.tests.test_settlement_cycle_math.TestCycleMath" name="test_center_level_math" time="1.313" /><testcase classname="backend.tests.test_settlement_cycle_math.TestCycleMath" name="test_partner_level_math" time="0.084" /><testcase classname="backend.tests.test_settlement_cycle_math.TestCycleMath" name="test_final_share_sum_equals_total_income" time="0.084" /><testcase classname="backend.tests.test_settlement_cycle_math.TestCycleReset" name="test_settlement_creates_cycle_cutoff" time="0.252" /><testcase classname="backend.tests.test_settlement_cycle_math.TestCycleReset" name="test_include_history_returns_lifetime_block" time="0.079" /><testcase classname="backend.tests.test_finance_settlement.TestAuth" name="test_settlement_requires_auth" time="0.124" /><testcase classname="backend.tests.test_finance_settlement.TestSettlementMath" name="test_admin_with_center_id" time="1.597" /><testcase classname="backend.tests.test_finance_settlement.TestSettlementMath" name="test_pending_excluded" time="0.061" /><testcase classname="backend.tests.test_finance_settlement.TestPartnerScope" name="test_partner_sees_only_their_centers" time="0.839" /><testcase classname="backend.tests.test_finance_settlement.TestAdminGlobal" name="test_admin_no_filter_includes_partner_centers" time="0.206" /><testcase classname="backend.tests.test_finance_settlement.TestAdminGlobal" name="test_date_filter_excludes_out_of_range" time="0.060" /><testcase classname="backend.tests.test_finance_settlement.TestAdminGlobal" name="test_date_filter_includes_in_range" time="0.065" /></testsuite></testsuites>