<?xml version="1.0" encoding="utf-8"?><testsuites name="pytest tests"><testsuite name="pytest" errors="0" failures="0" skipped="0" tests="6" time="1.414" timestamp="2026-08-05T17:54:10.353633+00:00" hostname="agent-env-c52df1ee-4b08-4517-89b7-9b2f31b16e89"><testcase classname="backend.tests.test_pending_approvals_iter47" name="test_pending_approvals_returns_200" time="0.714" /><testcase classname="backend.tests.test_pending_approvals_iter47" name="test_pending_items_have_new_attribution_keys" time="0.108" /><testcase classname="backend.tests.test_pending_approvals_iter47" name="test_advance_request_purpose_and_center" time="0.102" /><testcase classname="backend.tests.test_pending_approvals_iter47" name="test_payment_purpose_uses_qrn_when_qrn_present" time="0.100" /><testcase classname="backend.tests.test_pending_approvals_iter47" name="test_backward_compat_null_fields_ok" time="0.104" /><testcase classname="backend.tests.test_pending_approvals_iter47" name="test_transactions_endpoint_regression" time="0.215" /></testsuite></testsuites>