<?xml version="1.0" encoding="utf-8"?><testsuites name="pytest tests"><testsuite name="pytest" errors="0" failures="0" skipped="0" tests="7" time="2.092" timestamp="2026-07-29T09:56:42.245837+00:00" hostname="agent-env-c52df1ee-4b08-4517-89b7-9b2f31b16e89"><testcase classname="backend.tests.test_iter44_advance_approval_attribution.TestPendingApprovalsSummary" name="test_pending_advance_request_summary_carries_payee_and_advance_no" time="0.608" /><testcase classname="backend.tests.test_iter44_advance_approval_attribution.TestApprovalActAdvanceOptional" name="test_final_approve_advance_without_attribution_succeeds" time="0.190" /><testcase classname="backend.tests.test_iter44_advance_approval_attribution.TestApprovalActAdvanceOptional" name="test_final_approve_with_full_attribution_stamps_approved_fields" time="0.325" /><testcase classname="backend.tests.test_iter44_advance_approval_attribution.TestApprovalActAdvanceOptional" name="test_final_approve_with_bad_center_returns_400" time="0.186" /><testcase classname="backend.tests.test_iter44_advance_approval_attribution.TestReleaseUsesApprovedAttribution" name="test_release_picks_up_approved_attribution" time="0.327" /><testcase classname="backend.tests.test_iter44_advance_approval_attribution.TestReleaseUsesApprovedAttribution" name="test_release_body_paid_by_user_id_overrides_approved" time="0.272" /><testcase classname="backend.tests.test_iter44_advance_approval_attribution.TestPaymentAttributionStillMandatory" name="test_payment_final_without_attribution_400" time="0.095" /></testsuite></testsuites>