<?xml version="1.0" encoding="utf-8"?><testsuites name="pytest tests"><testsuite name="pytest" errors="0" failures="0" skipped="0" tests="17" time="7.963" timestamp="2026-06-27T16:34:41.696519+00:00" hostname="agent-env-c52df1ee-4b08-4517-89b7-9b2f31b16e89"><testcase classname="backend.tests.test_iter21_rbac_phases.TestLoginHistory" name="test_login_appends_record_with_ip_and_ua" time="1.187" /><testcase classname="backend.tests.test_iter21_rbac_phases.TestLoginHistory" name="test_login_history_admin_visible" time="0.043" /><testcase classname="backend.tests.test_iter21_rbac_phases.TestRoleWidgets" name="test_role_widgets_admin_ok" time="0.050" /><testcase classname="backend.tests.test_iter21_rbac_phases.TestRoleWidgets" name="test_role_widgets_accountant_shape" time="0.376" /><testcase classname="backend.tests.test_iter21_rbac_phases.TestNewRoles" name="test_register_login_me[reporting_authority]" time="0.756" /><testcase classname="backend.tests.test_iter21_rbac_phases.TestNewRoles" name="test_register_login_me[center_partner]" time="0.795" /><testcase classname="backend.tests.test_iter21_rbac_phases.TestEntityAutoUser" name="test_create_center_autocreates_user" time="0.881" /><testcase classname="backend.tests.test_iter21_rbac_phases.TestEntityAutoUser" name="test_create_partner_autocreates_user" time="1.527" /><testcase classname="backend.tests.test_iter21_rbac_phases.TestEntityAutoUser" name="test_resend_credentials_center" time="0.749" /><testcase classname="backend.tests.test_iter21_rbac_phases.TestEntityAutoUser" name="test_resend_credentials_partner" time="0.755" /><testcase classname="backend.tests.test_iter21_rbac_phases.TestUnifiedApprovalsPending" name="test_pending_list_returns_list" time="0.046" /><testcase classname="backend.tests.test_iter21_rbac_phases.TestRegression" name="test_dashboard_summary_ok" time="0.067" /><testcase classname="backend.tests.test_iter21_rbac_phases.TestRegression" name="test_transaction_create_admin_auto_approved" time="0.044" /><testcase classname="backend.tests.test_iter21_rbac_phases.TestRegression" name="test_dashboard_summary_after_txn" time="0.059" /><testcase classname="backend.tests.test_iter21_rbac_phases.TestRegression" name="test_batch_create_with_company_and_partners" time="0.208" /><testcase classname="backend.tests.test_iter21_rbac_phases.TestRegression" name="test_fooding_entry_crud_and_dashboard" time="0.266" /><testcase classname="backend.tests.test_iter21_rbac_phases.TestCenterScopedChain" name="test_create_center_scoped_chain" time="0.087" /></testsuite></testsuites>