<?xml version="1.0" encoding="utf-8"?><testsuites name="pytest tests"><testsuite name="pytest" errors="0" failures="0" skipped="0" tests="11" time="1.765" timestamp="2026-06-25T16:51:14.560459+00:00" hostname="agent-env-c52df1ee-4b08-4517-89b7-9b2f31b16e89"><testcase classname="backend.tests.test_iter16_milestone_recovery" name="test_batch_persists_passed_placed" time="0.583" /><testcase classname="backend.tests.test_iter16_milestone_recovery" name="test_compute_milestones_canonical_example" time="0.098" /><testcase classname="backend.tests.test_iter16_milestone_recovery" name="test_compute_milestones_zero_candidates" time="0.089" /><testcase classname="backend.tests.test_iter16_milestone_recovery" name="test_compute_passed_equals_total_no_recovery" time="0.093" /><testcase classname="backend.tests.test_iter16_milestone_recovery" name="test_compute_passed_zero_full_recovery" time="0.102" /><testcase classname="backend.tests.test_iter16_milestone_recovery" name="test_compute_passed_over_total_clamped" time="0.086" /><testcase classname="backend.tests.test_iter16_milestone_recovery" name="test_negative_inputs_rejected" time="0.042" /><testcase classname="backend.tests.test_iter16_milestone_recovery" name="test_compute_1st_milestone_legacy" time="0.091" /><testcase classname="backend.tests.test_iter16_milestone_recovery" name="test_batch_payment_persists_recovery" time="0.086" /><testcase classname="backend.tests.test_iter16_milestone_recovery" name="test_receive_creates_recovery_and_tds_txns" time="0.219" /><testcase classname="backend.tests.test_iter16_milestone_recovery" name="test_receive_no_recovery_skips_recovery_txn" time="0.182" /></testsuite></testsuites>