<?xml version="1.0" encoding="utf-8"?><testsuites name="pytest tests"><testsuite name="pytest" errors="0" failures="0" skipped="0" tests="15" time="2.222" timestamp="2026-06-25T17:04:03.751163+00:00" hostname="agent-env-c52df1ee-4b08-4517-89b7-9b2f31b16e89"><testcase classname="backend.tests.test_iter17_tds_register.TestQuarterBounds" name="test_quarter_bounds_2026_27_Q1" time="0.512" /><testcase classname="backend.tests.test_iter17_tds_register.TestQuarterBounds" name="test_quarter_bounds_2026_27_Q4" time="0.052" /><testcase classname="backend.tests.test_iter17_tds_register.TestQuarterBounds" name="test_quarter_all_full_fy" time="0.051" /><testcase classname="backend.tests.test_iter17_tds_register.TestValidation" name="test_bad_fy_format" time="0.053" /><testcase classname="backend.tests.test_iter17_tds_register.TestValidation" name="test_bad_quarter" time="0.050" /><testcase classname="backend.tests.test_iter17_tds_register.TestMathAndFilter" name="test_canonical_math_2027_28" time="0.281" /><testcase classname="backend.tests.test_iter17_tds_register.TestMathAndFilter" name="test_project_filter_narrows" time="0.047" /><testcase classname="backend.tests.test_iter17_tds_register.TestMathAndFilter" name="test_quarter_q1_only_2027_28" time="0.053" /><testcase classname="backend.tests.test_iter17_tds_register.TestMathAndFilter" name="test_quarter_q4_jan_mar_next_year" time="0.058" /><testcase classname="backend.tests.test_iter17_tds_register.TestMathAndFilter" name="test_other_fy_excludes_seed" time="0.048" /><testcase classname="backend.tests.test_iter17_tds_register.TestCsv" name="test_csv_download" time="0.046" /><testcase classname="backend.tests.test_iter17_tds_register.TestCsv" name="test_csv_handles_commas_in_description" time="0.059" /><testcase classname="backend.tests.test_iter17_tds_register.TestAccess" name="test_unauthenticated_blocked" time="0.114" /><testcase classname="backend.tests.test_iter17_tds_register.TestAccess" name="test_viewer_forbidden" time="0.708" /><testcase classname="backend.tests.test_iter17_tds_register.TestTdsDropdownRegression" name="test_receive_with_tds_zero_no_tds_txn" time="0.001" /></testsuite></testsuites>