<?xml version="1.0" encoding="utf-8"?><testsuites name="pytest tests"><testsuite name="pytest" errors="0" failures="0" skipped="0" tests="19" time="2.320" timestamp="2026-07-28T11:32:59.058731+00:00" hostname="agent-env-c52df1ee-4b08-4517-89b7-9b2f31b16e89"><testcase classname="backend.tests.test_iter38_advance_requests.TestAdvanceCreate" name="test_create_as_admin" time="0.429" /><testcase classname="backend.tests.test_iter38_advance_requests.TestAdvanceCreate" name="test_create_bad_payload" time="0.043" /><testcase classname="backend.tests.test_iter38_advance_requests.TestAdvanceList" name="test_list_admin_headers" time="0.045" /><testcase classname="backend.tests.test_iter38_advance_requests.TestAdvanceList" name="test_list_search_by_advance_no" time="0.044" /><testcase classname="backend.tests.test_iter38_advance_requests.TestAdvanceList" name="test_list_status_filter" time="0.046" /><testcase classname="backend.tests.test_iter38_advance_requests.TestAdvanceList" name="test_list_pagination" time="0.043" /><testcase classname="backend.tests.test_iter38_advance_requests.TestAdvanceList" name="test_my_endpoint" time="0.097" /><testcase classname="backend.tests.test_iter38_advance_requests.TestAdvanceDetail" name="test_get_by_id" time="0.046" /><testcase classname="backend.tests.test_iter38_advance_requests.TestAdvanceDetail" name="test_random_staff_forbidden" time="0.378" /><testcase classname="backend.tests.test_iter38_advance_requests.TestAdvanceEdit" name="test_owner_can_edit_pending" time="0.044" /><testcase classname="backend.tests.test_iter38_advance_requests.TestAdvanceEdit" name="test_non_owner_forbidden" time="0.051" /><testcase classname="backend.tests.test_iter38_advance_requests.TestApprovalRelease" name="test_approve_flow" time="0.176" /><testcase classname="backend.tests.test_iter38_advance_requests.TestApprovalRelease" name="test_release_requires_approved_status" time="0.132" /><testcase classname="backend.tests.test_iter38_advance_requests.TestApprovalRelease" name="test_release_success" time="0.128" /><testcase classname="backend.tests.test_iter38_advance_requests.TestApprovalRelease" name="test_release_creates_linked_transaction" time="0.082" /><testcase classname="backend.tests.test_iter38_advance_requests.TestApprovalRelease" name="test_release_already_released" time="0.048" /><testcase classname="backend.tests.test_iter38_advance_requests.TestReleaseRoleGate" name="test_staff_cannot_release" time="0.130" /><testcase classname="backend.tests.test_iter38_advance_requests.TestAdvanceCancel" name="test_owner_cancel_pending" time="0.130" /><testcase classname="backend.tests.test_iter38_advance_requests.TestAdvanceCancel" name="test_non_owner_cancel_forbidden" time="0.134" /></testsuite></testsuites>