<?xml version="1.0" encoding="utf-8"?><testsuites name="pytest tests"><testsuite name="pytest" errors="0" failures="0" skipped="0" tests="17" time="4.379" timestamp="2026-06-29T11:25:55.788980+00:00" hostname="agent-env-c52df1ee-4b08-4517-89b7-9b2f31b16e89"><testcase classname="backend.tests.test_iter28_center_manager_dashboard.TestCenterOpsEndpoint" name="test_shape_for_center_manager" time="3.427" /><testcase classname="backend.tests.test_iter28_center_manager_dashboard.TestCenterOpsEndpoint" name="test_counts_correct_for_assigned_manager" time="0.057" /><testcase classname="backend.tests.test_iter28_center_manager_dashboard.TestCenterOpsEndpoint" name="test_center_scope_only_assigned" time="0.059" /><testcase classname="backend.tests.test_iter28_center_manager_dashboard.TestCenterOpsEndpoint" name="test_empty_assigned_returns_zero" time="0.048" /><testcase classname="backend.tests.test_iter28_center_manager_dashboard.TestCenterOpsEndpoint" name="test_center_staff_ops_role_works" time="0.057" /><testcase classname="backend.tests.test_iter28_center_manager_dashboard.TestCenterOpsEndpoint" name="test_admin_sees_all_centers" time="0.054" /><testcase classname="backend.tests.test_iter28_center_manager_dashboard.TestFinanceGateRegression" name="test_center_manager_403_on_finance[/api/dashboard/summary]" time="0.054" /><testcase classname="backend.tests.test_iter28_center_manager_dashboard.TestFinanceGateRegression" name="test_center_manager_403_on_finance[/api/transactions]" time="0.052" /><testcase classname="backend.tests.test_iter28_center_manager_dashboard.TestFinanceGateRegression" name="test_center_manager_403_on_finance[/api/batches]" time="0.049" /><testcase classname="backend.tests.test_iter28_center_manager_dashboard.TestFinanceGateRegression" name="test_center_manager_403_on_finance[/api/batch-payments]" time="0.051" /><testcase classname="backend.tests.test_iter28_center_manager_dashboard.TestFinanceGateRegression" name="test_center_manager_403_on_finance[/api/reports/tds-register]" time="0.054" /><testcase classname="backend.tests.test_iter28_center_manager_dashboard.TestFinanceGateRegression" name="test_center_manager_403_on_finance[/api/dashboard/milestone-income]" time="0.053" /><testcase classname="backend.tests.test_iter28_center_manager_dashboard.TestFinanceGateRegression" name="test_center_manager_403_on_finance[/api/dashboard/fooding-income]" time="0.056" /><testcase classname="backend.tests.test_iter28_center_manager_dashboard.TestFinanceGateRegression" name="test_center_manager_403_on_finance[/api/dashboard/settlement]" time="0.060" /><testcase classname="backend.tests.test_iter28_center_manager_dashboard.TestPriorIterationSmoke" name="test_iter27_partner_centers_endpoint_still_present" time="0.046" /><testcase classname="backend.tests.test_iter28_center_manager_dashboard.TestPriorIterationSmoke" name="test_iter26_regularisation_chain_default" time="0.041" /><testcase classname="backend.tests.test_iter28_center_manager_dashboard.TestPriorIterationSmoke" name="test_iter24_me_summary_leave_balances" time="0.097" /></testsuite></testsuites>