<?xml version="1.0" encoding="utf-8"?><testsuites name="pytest tests"><testsuite name="pytest" errors="0" failures="0" skipped="0" tests="13" time="1.973" timestamp="2026-06-25T15:08:43.628680+00:00" hostname="agent-env-c52df1ee-4b08-4517-89b7-9b2f31b16e89"><testcase classname="backend.tests.test_iter15_job_roles_tds.TestBatchJobRolesPersistence" name="test_create_batch_with_job_roles_persists" time="0.638" /><testcase classname="backend.tests.test_iter15_job_roles_tds.TestBatchJobRolesPersistence" name="test_update_batch_job_roles" time="0.117" /><testcase classname="backend.tests.test_iter15_job_roles_tds.TestBatchJobRolesPersistence" name="test_backfill_batch_without_job_roles_loads" time="0.096" /><testcase classname="backend.tests.test_iter15_job_roles_tds.TestComputeFirstMilestone" name="test_compute_spec_example_exact" time="0.090" /><testcase classname="backend.tests.test_iter15_job_roles_tds.TestComputeFirstMilestone" name="test_compute_with_zero_candidates_row" time="0.092" /><testcase classname="backend.tests.test_iter15_job_roles_tds.TestComputeFirstMilestone" name="test_compute_empty_job_roles_returns_zeros" time="0.089" /><testcase classname="backend.tests.test_iter15_job_roles_tds.TestBatchPaymentUniformPersistence" name="test_create_batch_payment_persists_uniform" time="0.096" /><testcase classname="backend.tests.test_iter15_job_roles_tds.TestBatchPaymentUniformPersistence" name="test_get_batch_payments_returns_uniform" time="0.043" /><testcase classname="backend.tests.test_iter15_job_roles_tds.TestReceiveWithTDS" name="test_invalid_tds_percent_422" time="0.151" /><testcase classname="backend.tests.test_iter15_job_roles_tds.TestReceiveWithTDS" name="test_receive_no_tds_default_body" time="0.184" /><testcase classname="backend.tests.test_iter15_job_roles_tds.TestReceiveWithTDS" name="test_receive_tds_2_pct_spec_math" time="0.096" /><testcase classname="backend.tests.test_iter15_job_roles_tds.TestReceiveWithTDS" name="test_receive_tds_10_pct_no_uniform" time="0.133" /><testcase classname="backend.tests.test_iter15_job_roles_tds.TestReceiveWithTDS" name="test_receive_already_received_400" time="0.048" /></testsuite></testsuites>