<?xml version="1.0" encoding="utf-8"?><testsuites name="pytest tests"><testsuite name="pytest" errors="0" failures="0" skipped="0" tests="15" time="4.409" timestamp="2026-06-21T14:31:47.370994+00:00" hostname="agent-env-c52df1ee-4b08-4517-89b7-9b2f31b16e89"><testcase classname="backend.tests.test_finance_notifications.TestBulkApprove" name="test_bulk_approve_basic" time="1.418" /><testcase classname="backend.tests.test_finance_notifications.TestBulkApprove" name="test_bulk_approve_skips_already_approved" time="0.174" /><testcase classname="backend.tests.test_finance_notifications.TestBulkApprove" name="test_bulk_approve_empty" time="0.042" /><testcase classname="backend.tests.test_finance_notifications.TestBulkApprove" name="test_bulk_approve_requires_admin" time="0.049" /><testcase classname="backend.tests.test_finance_notifications.TestNotifications" name="test_endpoints_exist" time="0.044" /><testcase classname="backend.tests.test_finance_notifications.TestNotifications" name="test_txn_approve_notifies_creator" time="0.136" /><testcase classname="backend.tests.test_finance_notifications.TestNotifications" name="test_txn_reject_notifies_creator" time="0.139" /><testcase classname="backend.tests.test_finance_notifications.TestNotifications" name="test_bulk_approve_emits_notifications" time="0.182" /><testcase classname="backend.tests.test_finance_notifications.TestNotifications" name="test_mark_one_read" time="0.381" /><testcase classname="backend.tests.test_finance_notifications.TestNotifications" name="test_mark_one_read_404" time="0.044" /><testcase classname="backend.tests.test_finance_notifications.TestNotifications" name="test_mark_all_read" time="0.094" /><testcase classname="backend.tests.test_finance_notifications.TestNotifications" name="test_notifications_user_scoped" time="0.098" /><testcase classname="backend.tests.test_finance_notifications.TestReimbursementAttachments" name="test_upload_then_submit_with_attachment" time="0.540" /><testcase classname="backend.tests.test_finance_notifications.TestReimbursementAttachments" name="test_submit_without_attachments_default_empty" time="0.179" /><testcase classname="backend.tests.test_finance_notifications.TestReimbursementNotifications" name="test_submit_notifies_l1_approver" time="0.797" /></testsuite></testsuites>