<?xml version="1.0" encoding="utf-8"?><testsuites name="pytest tests"><testsuite name="pytest" errors="0" failures="0" skipped="0" tests="12" time="1.959" timestamp="2026-07-25T18:03:37.810070+00:00" hostname="agent-env-c52df1ee-4b08-4517-89b7-9b2f31b16e89"><testcase classname="backend.tests.test_iter36_phase_a_hrms.TestStaffSalarySummary" name="test_summary_returns_expected_keys" time="0.586" /><testcase classname="backend.tests.test_iter36_phase_a_hrms.TestStaffSalarySummary" name="test_summary_forbidden_for_staff_role" time="0.410" /><testcase classname="backend.tests.test_iter36_phase_a_hrms.TestStaffSalarySummary" name="test_summary_404_for_unknown_staff" time="0.047" /><testcase classname="backend.tests.test_iter36_phase_a_hrms.TestAttendanceEdit" name="test_patch_updates_status_and_stamps" time="0.094" /><testcase classname="backend.tests.test_iter36_phase_a_hrms.TestAttendanceEdit" name="test_patch_404_for_unknown_aid" time="0.046" /><testcase classname="backend.tests.test_iter36_phase_a_hrms.TestAttendanceEdit" name="test_patch_forbidden_when_unauthenticated" time="0.104" /><testcase classname="backend.tests.test_iter36_phase_a_hrms.TestPayrollExtended" name="test_extended_fields_recalc" time="0.302" /><testcase classname="backend.tests.test_iter36_phase_a_hrms.TestPayrollExtended" name="test_patch_404" time="0.044" /><testcase classname="backend.tests.test_iter36_phase_a_hrms.TestReports" name="test_attendance_report" time="0.086" /><testcase classname="backend.tests.test_iter36_phase_a_hrms.TestReports" name="test_payroll_report" time="0.048" /><testcase classname="backend.tests.test_iter36_phase_a_hrms.TestReports" name="test_consolidated_report" time="0.050" /><testcase classname="backend.tests.test_iter36_phase_a_hrms.TestReports" name="test_reports_forbidden_for_staff" time="0.053" /></testsuite></testsuites>