<?xml version="1.0" encoding="utf-8"?><testsuites name="pytest tests"><testsuite name="pytest" errors="0" failures="0" skipped="0" tests="14" time="3.554" timestamp="2026-06-26T07:40:24.113457+00:00" hostname="agent-env-c52df1ee-4b08-4517-89b7-9b2f31b16e89"><testcase classname="backend.tests.test_iter19_partner_share_percent.TestBatchModelPartnerSharePercent" name="test_create_batch_with_partner_share_percent" time="0.692" /><testcase classname="backend.tests.test_iter19_partner_share_percent.TestBatchModelPartnerSharePercent" name="test_default_partner_share_percent_is_zero" time="0.045" /><testcase classname="backend.tests.test_iter19_partner_share_percent.TestBatchModelPartnerSharePercent" name="test_update_batch_partner_share_percent" time="0.092" /><testcase classname="backend.tests.test_iter19_partner_share_percent.TestBatchModelPartnerSharePercent" name="test_validation_below_zero_rejected" time="0.043" /><testcase classname="backend.tests.test_iter19_partner_share_percent.TestBatchModelPartnerSharePercent" name="test_validation_above_hundred_rejected" time="0.042" /><testcase classname="backend.tests.test_iter19_partner_share_percent.TestReceiveSplitLogic" name="test_no_partners_all_to_company" time="0.308" /><testcase classname="backend.tests.test_iter19_partner_share_percent.TestReceiveSplitLogic" name="test_partners_present_but_pct_zero_all_to_company" time="0.287" /><testcase classname="backend.tests.test_iter19_partner_share_percent.TestReceiveSplitLogic" name="test_one_partner_25_pct" time="0.234" /><testcase classname="backend.tests.test_iter19_partner_share_percent.TestReceiveSplitLogic" name="test_two_partners_25_pct" time="0.284" /><testcase classname="backend.tests.test_iter19_partner_share_percent.TestReceiveSplitLogic" name="test_three_partners_30_pct" time="0.299" /><testcase classname="backend.tests.test_iter19_partner_share_percent.TestReceiveSplitLogic" name="test_rounding_tail_three_partners_25_pct_odd_amount" time="0.238" /><testcase classname="backend.tests.test_iter19_partner_share_percent.TestReceiveSplitLogic" name="test_full_100_pct_no_company_txn" time="0.274" /><testcase classname="backend.tests.test_iter19_partner_share_percent.TestReceiveSplitLogic" name="test_description_contains_split_context" time="0.276" /><testcase classname="backend.tests.test_iter19_partner_share_percent.TestExpenseTxnsNotProrated" name="test_tds_recovery_remain_single_company_txns" time="0.341" /></testsuite></testsuites>