<?xml version="1.0" encoding="utf-8"?><testsuites name="pytest tests"><testsuite name="pytest" errors="0" failures="0" skipped="0" tests="12" time="6.332" timestamp="2026-07-28T11:55:11.635511+00:00" hostname="agent-env-c52df1ee-4b08-4517-89b7-9b2f31b16e89"><testcase classname="backend.tests.test_iter39_advance_adjustment.TestAdjustableEndpoint" name="test_returns_only_own_adjustable" time="1.227" /><testcase classname="backend.tests.test_iter39_advance_adjustment.TestAdjustableEndpoint" name="test_staff_sees_only_own" time="0.042" /><testcase classname="backend.tests.test_iter39_advance_adjustment.TestAdvanceAdjustmentHappyPath" name="test_partial_adjustment_updates_balance_and_status" time="1.007" /><testcase classname="backend.tests.test_iter39_advance_adjustment.TestAdvanceAdjustmentHappyPath" name="test_full_settlement_flips_status_settled" time="0.522" /><testcase classname="backend.tests.test_iter39_advance_adjustment.TestAdvanceAdjustmentNegatives" name="test_other_users_advance_403" time="0.582" /><testcase classname="backend.tests.test_iter39_advance_adjustment.TestAdvanceAdjustmentNegatives" name="test_settled_advance_400" time="0.288" /><testcase classname="backend.tests.test_iter39_advance_adjustment.TestAdvanceAdjustmentNegatives" name="test_actual_amount_exceeds_balance_400" time="0.572" /><testcase classname="backend.tests.test_iter39_advance_adjustment.TestAdvanceAdjustmentNegatives" name="test_resubmit_exceeding_balance_400" time="0.687" /><testcase classname="backend.tests.test_iter39_advance_adjustment.TestNonRegressionPayeeValidation" name="test_bank_requires_account_details" time="0.245" /><testcase classname="backend.tests.test_iter39_advance_adjustment.TestNonRegressionPayeeValidation" name="test_upi_requires_upi_id_and_proof" time="0.284" /><testcase classname="backend.tests.test_iter39_advance_adjustment.TestNonRegressionPayeeValidation" name="test_cheque_requires_bank_details_and_proof" time="0.240" /><testcase classname="backend.tests.test_iter39_advance_adjustment.TestNonRegressionPayeeValidation" name="test_bank_happy_still_works" time="0.574" /></testsuite></testsuites>