<?xml version="1.0" encoding="utf-8"?><testsuites name="pytest tests"><testsuite name="pytest" errors="0" failures="0" skipped="0" tests="9" time="3.674" timestamp="2026-07-06T07:31:01.317397+00:00" hostname="agent-env-c52df1ee-4b08-4517-89b7-9b2f31b16e89"><testcase classname="tests.test_iter33_offer_letter_docx_fallback.TestPdfHappyPath" name="test_create_staff_generates_pdf" time="2.717" /><testcase classname="tests.test_iter33_offer_letter_docx_fallback.TestPdfHappyPath" name="test_offer_letters_record_carries_content_type_and_extension" time="0.044" /><testcase classname="tests.test_iter33_offer_letter_docx_fallback.TestPdfHappyPath" name="test_download_returns_pdf_with_matching_disposition" time="0.174" /><testcase classname="tests.test_iter33_offer_letter_docx_fallback.TestDocxFallback" name="test_render_returns_docx_when_soffice_missing" time="0.055" /><testcase classname="tests.test_iter33_offer_letter_docx_fallback.TestDocxFallback" name="test_docx_to_pdf_returns_none_when_soffice_missing" time="0.018" /><testcase classname="tests.test_iter33_offer_letter_docx_fallback.TestEnsureLibreofficeIdempotent" name="test_function_exists_and_signature" time="0.378" /><testcase classname="tests.test_iter33_offer_letter_docx_fallback.TestEnsureLibreofficeIdempotent" name="test_fast_return_when_soffice_present" time="0.001" /><testcase classname="tests.test_iter33_offer_letter_docx_fallback.TestEnsureLibreofficeIdempotent" name="test_no_op_never_raises_even_without_apt" time="0.000" /><testcase classname="tests.test_iter33_offer_letter_docx_fallback.TestFindSofficeAtCallTime" name="test_find_soffice_re_detects" time="0.183" /></testsuite></testsuites>