<?xml version="1.0" encoding="utf-8"?><testsuites name="pytest tests"><testsuite name="pytest" errors="0" failures="0" skipped="0" tests="27" time="6.761" timestamp="2026-06-21T15:37:44.069942+00:00" hostname="agent-env-c52df1ee-4b08-4517-89b7-9b2f31b16e89"><testcase classname="backend.tests.test_iter11_programs.TestLeaveAudit" name="test_admin_decides_leave_sets_audit" time="0.591" /><testcase classname="backend.tests.test_iter11_programs.TestLeaveAudit" name="test_approval_log_shows_by_name_for_leave" time="0.047" /><testcase classname="backend.tests.test_iter11_programs.TestRolePermissions" name="test_hr_can_create_and_update_staff" time="0.784" /><testcase classname="backend.tests.test_iter11_programs.TestRolePermissions" name="test_hr_can_run_and_pay_payroll" time="0.297" /><testcase classname="backend.tests.test_iter11_programs.TestRolePermissions" name="test_hr_can_decide_leave" time="0.135" /><testcase classname="backend.tests.test_iter11_programs.TestRolePermissions" name="test_sm_can_approve_reject_bulk" time="1.718" /><testcase classname="backend.tests.test_iter11_programs.TestRolePermissions" name="test_center_staff_can_mark_attendance" time="0.786" /><testcase classname="backend.tests.test_iter11_programs.TestRolePermissions" name="test_viewer_forbidden" time="0.525" /><testcase classname="backend.tests.test_iter11_programs.TestBatches" name="test_create_batch_admin" time="0.211" /><testcase classname="backend.tests.test_iter11_programs.TestBatches" name="test_list_filter_by_project" time="0.043" /><testcase classname="backend.tests.test_iter11_programs.TestBatches" name="test_list_filter_by_center" time="0.083" /><testcase classname="backend.tests.test_iter11_programs.TestBatches" name="test_update_batch" time="0.083" /><testcase classname="backend.tests.test_iter11_programs.TestBatches" name="test_viewer_cannot_create_batch" time="0.084" /><testcase classname="backend.tests.test_iter11_programs.TestBatches" name="test_sm_can_create_batch" time="0.044" /><testcase classname="backend.tests.test_iter11_programs.TestBatches" name="test_viewer_cannot_delete_batch" time="0.047" /><testcase classname="backend.tests.test_iter11_programs.TestBatches" name="test_sm_cannot_delete_batch" time="0.045" /><testcase classname="backend.tests.test_iter11_programs.TestBatchPayments" name="test_create_three_milestones" time="0.135" /><testcase classname="backend.tests.test_iter11_programs.TestBatchPayments" name="test_duplicate_milestone_rejected" time="0.081" /><testcase classname="backend.tests.test_iter11_programs.TestBatchPayments" name="test_list_by_batch" time="0.043" /><testcase classname="backend.tests.test_iter11_programs.TestBatchPayments" name="test_update_payment" time="0.085" /><testcase classname="backend.tests.test_iter11_programs.TestBatchPayments" name="test_receive_creates_txn" time="0.112" /><testcase classname="backend.tests.test_iter11_programs.TestBatchPayments" name="test_double_receive_400" time="0.083" /><testcase classname="backend.tests.test_iter11_programs.TestBatchPayments" name="test_hr_cannot_receive" time="0.044" /><testcase classname="backend.tests.test_iter11_programs.TestBatchPayments" name="test_sm_can_receive" time="0.051" /><testcase classname="backend.tests.test_iter11_programs.TestCascade" name="test_delete_batch_cascades_payments" time="0.267" /><testcase classname="backend.tests.test_iter11_programs.TestUnauth" name="test_unauth_batches" time="0.140" /><testcase classname="backend.tests.test_iter11_programs.TestUnauth" name="test_unauth_payments" time="0.093" /></testsuite></testsuites>