<?xml version="1.0" encoding="utf-8"?><testsuites name="pytest tests"><testsuite name="pytest" errors="0" failures="0" skipped="0" tests="29" time="6.004" timestamp="2026-06-21T12:06:08.647460+00:00" hostname="agent-env-c52df1ee-4b08-4517-89b7-9b2f31b16e89"><testcase classname="backend.tests.test_finance_api.TestAuth" name="test_login_success_sets_cookie" time="0.465" /><testcase classname="backend.tests.test_finance_api.TestAuth" name="test_login_invalid" time="0.321" /><testcase classname="backend.tests.test_finance_api.TestAuth" name="test_me_without_cookie" time="0.086" /><testcase classname="backend.tests.test_finance_api.TestAuth" name="test_register_duplicate" time="0.406" /><testcase classname="backend.tests.test_finance_api.TestAuth" name="test_logout_clears_cookie" time="0.440" /><testcase classname="backend.tests.test_finance_api.TestRBAC" name="test_viewer_cannot_create_company" time="0.358" /><testcase classname="backend.tests.test_finance_api.TestRBAC" name="test_admin_can_create_company" time="0.044" /><testcase classname="backend.tests.test_finance_api.TestEntities" name="test_list_after_create" time="0.456" /><testcase classname="backend.tests.test_finance_api.TestEntities" name="test_update_entity" time="0.084" /><testcase classname="backend.tests.test_finance_api.TestEntities" name="test_viewer_cannot_delete" time="0.163" /><testcase classname="backend.tests.test_finance_api.TestTransactions" name="test_create_and_list" time="0.163" /><testcase classname="backend.tests.test_finance_api.TestTransactions" name="test_filter_by_type_and_date" time="0.042" /><testcase classname="backend.tests.test_finance_api.TestTransactions" name="test_update_txn" time="0.083" /><testcase classname="backend.tests.test_finance_api.TestTransactions" name="test_bad_type_422" time="0.044" /><testcase classname="backend.tests.test_finance_api.TestTransactions" name="test_viewer_cannot_create_txn" time="0.041" /><testcase classname="backend.tests.test_finance_api.TestCSVImport" name="test_import_creates_entities" time="0.146" /><testcase classname="backend.tests.test_finance_api.TestCSVImport" name="test_import_bad_row" time="0.085" /><testcase classname="backend.tests.test_finance_api.TestDashboard" name="test_summary_structure" time="0.047" /><testcase classname="backend.tests.test_finance_api.TestDashboard" name="test_summary_unauth" time="0.097" /><testcase classname="backend.tests.test_finance_api.TestAdminDelete" name="test_admin_delete_txn" time="0.121" /><testcase classname="backend.tests.test_finance_api.TestAdminDelete" name="test_admin_delete_entity" time="0.243" /><testcase classname="backend.tests.test_finance_features.TestFileUpload" name="test_upload_requires_auth" time="0.094" /><testcase classname="backend.tests.test_finance_features.TestFileUpload" name="test_viewer_forbidden" time="0.405" /><testcase classname="backend.tests.test_finance_features.TestFileUpload" name="test_admin_upload_and_view" time="0.921" /><testcase classname="backend.tests.test_finance_features.TestFileUpload" name="test_view_unknown_path_404" time="0.095" /><testcase classname="backend.tests.test_finance_features.TestTransactionItems" name="test_items_persisted" time="0.249" /><testcase classname="backend.tests.test_finance_features.TestTransactionItems" name="test_no_items_defaults_empty" time="0.082" /><testcase classname="backend.tests.test_finance_features.TestTransactionItems" name="test_update_items_and_attachments" time="0.046" /><testcase classname="backend.tests.test_finance_features.TestDashboardByItem" name="test_by_item_aggregation" time="0.089" /></testsuite></testsuites>