<?xml version="1.0" encoding="utf-8"?><testsuites name="pytest tests"><testsuite name="pytest" errors="0" failures="1" skipped="0" tests="49" time="10.284" timestamp="2026-06-21T12:22:33.760291+00:00" hostname="agent-env-c52df1ee-4b08-4517-89b7-9b2f31b16e89"><testcase classname="backend.tests.test_finance_api.TestAuth" name="test_login_success_sets_cookie" time="0.456" /><testcase classname="backend.tests.test_finance_api.TestAuth" name="test_login_invalid" time="0.323" /><testcase classname="backend.tests.test_finance_api.TestAuth" name="test_me_without_cookie" time="0.103" /><testcase classname="backend.tests.test_finance_api.TestAuth" name="test_register_duplicate" time="0.411" /><testcase classname="backend.tests.test_finance_api.TestAuth" name="test_logout_clears_cookie" time="0.441" /><testcase classname="backend.tests.test_finance_api.TestRBAC" name="test_viewer_cannot_create_company" time="0.384" /><testcase classname="backend.tests.test_finance_api.TestRBAC" name="test_admin_can_create_company" time="0.045" /><testcase classname="backend.tests.test_finance_api.TestEntities" name="test_list_after_create" time="0.399" /><testcase classname="backend.tests.test_finance_api.TestEntities" name="test_update_entity" time="0.090" /><testcase classname="backend.tests.test_finance_api.TestEntities" name="test_viewer_cannot_delete" time="0.093" /><testcase classname="backend.tests.test_finance_api.TestTransactions" name="test_create_and_list" time="0.092" /><testcase classname="backend.tests.test_finance_api.TestTransactions" name="test_filter_by_type_and_date" time="0.044" /><testcase classname="backend.tests.test_finance_api.TestTransactions" name="test_update_txn" time="0.047" /><testcase classname="backend.tests.test_finance_api.TestTransactions" name="test_bad_type_422" time="0.083" /><testcase classname="backend.tests.test_finance_api.TestTransactions" name="test_viewer_cannot_create_txn" time="0.045" /><testcase classname="backend.tests.test_finance_api.TestCSVImport" name="test_import_creates_entities" time="0.149" /><testcase classname="backend.tests.test_finance_api.TestCSVImport" name="test_import_bad_row" time="0.110" /><testcase classname="backend.tests.test_finance_api.TestDashboard" name="test_summary_structure" time="0.052" /><testcase classname="backend.tests.test_finance_api.TestDashboard" name="test_summary_unauth" time="0.100" /><testcase classname="backend.tests.test_finance_api.TestAdminDelete" name="test_admin_delete_txn" time="0.127" /><testcase classname="backend.tests.test_finance_api.TestAdminDelete" name="test_admin_delete_entity" time="0.171" /><testcase classname="backend.tests.test_finance_features.TestFileUpload" name="test_upload_requires_auth" time="0.092" /><testcase classname="backend.tests.test_finance_features.TestFileUpload" name="test_viewer_forbidden" time="0.424" /><testcase classname="backend.tests.test_finance_features.TestFileUpload" name="test_admin_upload_and_view" time="0.882" /><testcase classname="backend.tests.test_finance_features.TestFileUpload" name="test_view_unknown_path_404" time="0.091" /><testcase classname="backend.tests.test_finance_features.TestTransactionItems" name="test_items_persisted" time="0.184" /><testcase classname="backend.tests.test_finance_features.TestTransactionItems" name="test_no_items_defaults_empty" time="0.044" /><testcase classname="backend.tests.test_finance_features.TestTransactionItems" name="test_update_items_and_attachments" time="0.047" /><testcase classname="backend.tests.test_finance_features.TestDashboardByItem" name="test_by_item_aggregation" time="0.050" /><testcase classname="backend.tests.test_finance_approval.TestRegisterAndMe" name="test_register_admin_downgrades_to_viewer" time="0.332" /><testcase classname="backend.tests.test_finance_approval.TestRegisterAndMe" name="test_me_has_scope_fields" time="1.204" /><testcase classname="backend.tests.test_finance_approval.TestRegisterAndMe" name="test_non_admin_cannot_patch_user" time="0.047" /><testcase classname="backend.tests.test_finance_approval.TestPostStatus" name="test_admin_post_auto_approved" time="0.043" /><testcase classname="backend.tests.test_finance_approval.TestPostStatus" name="test_cm_post_pending" time="0.045" /><testcase classname="backend.tests.test_finance_approval.TestPostStatus" name="test_partner_post_pending" time="0.553" /><testcase classname="backend.tests.test_finance_approval.TestPostStatus" name="test_manager_post_pending" time="0.448" /><testcase classname="backend.tests.test_finance_approval.TestPostStatus" name="test_accountant_post_pending" time="0.488" /><testcase classname="backend.tests.test_finance_approval.TestPostStatus" name="test_viewer_post_forbidden" time="0.359" /><testcase classname="backend.tests.test_finance_approval.TestApproveReject" name="test_admin_approves_pending" time="0.087" /><testcase classname="backend.tests.test_finance_approval.TestApproveReject" name="test_non_admin_cannot_approve" time="0.090" /><testcase classname="backend.tests.test_finance_approval.TestApproveReject" name="test_admin_rejects_with_reason" time="0.089" /><testcase classname="backend.tests.test_finance_approval.TestScoping" name="test_cm_sees_only_assigned_centers" time="0.084" /><testcase classname="backend.tests.test_finance_approval.TestScoping" name="test_partner_sees_only_assigned_partner" time="0.132" /><testcase classname="backend.tests.test_finance_approval.TestScoping" name="test_accountant_sees_all" time="0.047" /><testcase classname="backend.tests.test_finance_approval.TestScoping" name="test_viewer_sees_only_own" time="0.122" /><testcase classname="backend.tests.test_finance_approval.TestScoping" name="test_status_filter_pending" time="0.051" /><testcase classname="backend.tests.test_finance_approval.TestEditSemantics" name="test_non_admin_edit_approved_resets_to_pending" time="0.133"><failure message="AssertionError: {&quot;detail&quot;:&quot;Forbidden&quot;}&#10;assert 403 == 200&#10; +  where 403 = &lt;Response [403]&gt;.status_code">backend/tests/test_finance_approval.py:257: in test_non_admin_edit_approved_resets_to_pending
    assert r3.status_code == 200, r3.text
E   AssertionError: {"detail":"Forbidden"}
E   assert 403 == 200
E    +  where 403 = &lt;Response [403]&gt;.status_code</failure></testcase><testcase classname="backend.tests.test_finance_approval.TestEditSemantics" name="test_admin_edit_keeps_approved" time="0.130" /><testcase classname="backend.tests.test_finance_approval.TestDashboardStatus" name="test_default_counts_only_approved" time="0.107" /></testsuite></testsuites>