<?xml version="1.0" encoding="utf-8"?><testsuites name="pytest tests"><testsuite name="pytest" errors="0" failures="1" skipped="0" tests="20" time="4.733" timestamp="2026-06-21T12:20:27.185697+00:00" hostname="agent-env-c52df1ee-4b08-4517-89b7-9b2f31b16e89"><testcase classname="backend.tests.test_finance_approval.TestRegisterAndMe" name="test_register_admin_downgrades_to_viewer" time="0.464" /><testcase classname="backend.tests.test_finance_approval.TestRegisterAndMe" name="test_me_has_scope_fields" time="1.146" /><testcase classname="backend.tests.test_finance_approval.TestRegisterAndMe" name="test_non_admin_cannot_patch_user" time="0.080" /><testcase classname="backend.tests.test_finance_approval.TestPostStatus" name="test_admin_post_auto_approved" time="0.049" /><testcase classname="backend.tests.test_finance_approval.TestPostStatus" name="test_cm_post_pending" time="0.041" /><testcase classname="backend.tests.test_finance_approval.TestPostStatus" name="test_partner_post_pending" time="0.455" /><testcase classname="backend.tests.test_finance_approval.TestPostStatus" name="test_manager_post_pending" time="0.539" /><testcase classname="backend.tests.test_finance_approval.TestPostStatus" name="test_accountant_post_pending" time="0.521" /><testcase classname="backend.tests.test_finance_approval.TestPostStatus" name="test_viewer_post_forbidden" time="0.368" /><testcase classname="backend.tests.test_finance_approval.TestApproveReject" name="test_admin_approves_pending" time="0.086" /><testcase classname="backend.tests.test_finance_approval.TestApproveReject" name="test_non_admin_cannot_approve" time="0.101" /><testcase classname="backend.tests.test_finance_approval.TestApproveReject" name="test_admin_rejects_with_reason" time="0.086" /><testcase classname="backend.tests.test_finance_approval.TestScoping" name="test_cm_sees_only_assigned_centers" time="0.085" /><testcase classname="backend.tests.test_finance_approval.TestScoping" name="test_partner_sees_only_assigned_partner" time="0.091" /><testcase classname="backend.tests.test_finance_approval.TestScoping" name="test_accountant_sees_all" time="0.045" /><testcase classname="backend.tests.test_finance_approval.TestScoping" name="test_viewer_sees_only_own" time="0.096" /><testcase classname="backend.tests.test_finance_approval.TestScoping" name="test_status_filter_pending" time="0.044" /><testcase classname="backend.tests.test_finance_approval.TestEditSemantics" name="test_non_admin_edit_approved_resets_to_pending" time="0.125"><failure message="AssertionError: {&quot;detail&quot;:&quot;Forbidden&quot;}&#10;assert 403 == 200&#10; +  where 403 = &lt;Response [403]&gt;.status_code">backend/tests/test_finance_approval.py:257: in test_non_admin_edit_approved_resets_to_pending
    assert r3.status_code == 200, r3.text
E   AssertionError: {"detail":"Forbidden"}
E   assert 403 == 200
E    +  where 403 = &lt;Response [403]&gt;.status_code</failure></testcase><testcase classname="backend.tests.test_finance_approval.TestEditSemantics" name="test_admin_edit_keeps_approved" time="0.098" /><testcase classname="backend.tests.test_finance_approval.TestDashboardStatus" name="test_default_counts_only_approved" time="0.105" /></testsuite></testsuites>