<?xml version="1.0" encoding="utf-8"?><testsuites name="pytest tests"><testsuite name="pytest" errors="0" failures="0" skipped="0" tests="21" time="4.250" timestamp="2026-06-21T11:42:39.635091+00:00" hostname="agent-env-c52df1ee-4b08-4517-89b7-9b2f31b16e89"><testcase classname="backend.tests.test_finance_api.TestAuth" name="test_login_success_sets_cookie" time="0.382" /><testcase classname="backend.tests.test_finance_api.TestAuth" name="test_login_invalid" time="0.327" /><testcase classname="backend.tests.test_finance_api.TestAuth" name="test_me_without_cookie" time="0.109" /><testcase classname="backend.tests.test_finance_api.TestAuth" name="test_register_duplicate" time="0.467" /><testcase classname="backend.tests.test_finance_api.TestAuth" name="test_logout_clears_cookie" time="0.410" /><testcase classname="backend.tests.test_finance_api.TestRBAC" name="test_viewer_cannot_create_company" time="0.365" /><testcase classname="backend.tests.test_finance_api.TestRBAC" name="test_admin_can_create_company" time="0.043" /><testcase classname="backend.tests.test_finance_api.TestEntities" name="test_list_after_create" time="0.617" /><testcase classname="backend.tests.test_finance_api.TestEntities" name="test_update_entity" time="0.124" /><testcase classname="backend.tests.test_finance_api.TestEntities" name="test_viewer_cannot_delete" time="0.086" /><testcase classname="backend.tests.test_finance_api.TestTransactions" name="test_create_and_list" time="0.120" /><testcase classname="backend.tests.test_finance_api.TestTransactions" name="test_filter_by_type_and_date" time="0.043" /><testcase classname="backend.tests.test_finance_api.TestTransactions" name="test_update_txn" time="0.081" /><testcase classname="backend.tests.test_finance_api.TestTransactions" name="test_bad_type_422" time="0.081" /><testcase classname="backend.tests.test_finance_api.TestTransactions" name="test_viewer_cannot_create_txn" time="0.048" /><testcase classname="backend.tests.test_finance_api.TestCSVImport" name="test_import_creates_entities" time="0.209" /><testcase classname="backend.tests.test_finance_api.TestCSVImport" name="test_import_bad_row" time="0.099" /><testcase classname="backend.tests.test_finance_api.TestDashboard" name="test_summary_structure" time="0.071" /><testcase classname="backend.tests.test_finance_api.TestDashboard" name="test_summary_unauth" time="0.104" /><testcase classname="backend.tests.test_finance_api.TestAdminDelete" name="test_admin_delete_txn" time="0.122" /><testcase classname="backend.tests.test_finance_api.TestAdminDelete" name="test_admin_delete_entity" time="0.254" /></testsuite></testsuites>